2026-01-30 21:03:38 [INFO    ] root: Configuration loaded successfully from /content/drive/Othercomputers/Laptop-CIn/Downloads/DSL-AG-hybrid/config_test_drift_recovery.yaml
2026-01-30 21:03:38 [INFO    ] root: Configuration loaded successfully from /content/drive/Othercomputers/Laptop-CIn/Downloads/DSL-AG-hybrid/config_test_drift_recovery.yaml
2026-01-30 21:03:38 [INFO    ] main: ===== Starting Experiment Execution with Loaded Configuration =====
2026-01-30 21:03:38 [INFO    ] main: Using configuration file: /content/drive/Othercomputers/Laptop-CIn/Downloads/DSL-AG-hybrid/config_test_drift_recovery.yaml
2026-01-30 21:03:38 [INFO    ] main: Relative base_results_dir resolved: /content/drive/Othercomputers/Laptop-CIn/Downloads/DSL-AG-hybrid/experiments_unified/chunk_2000/batch_5
2026-01-30 21:03:39 [INFO    ] main: Execution mode set to: 'unified_pregenerated'
2026-01-30 21:03:39 [INFO    ] main: Running in UNIFIED PREGENERATED mode. Found 5 experiments to run.
2026-01-30 21:03:39 [INFO    ] main: Pre-generated chunks directory: /content/drive/Othercomputers/Laptop-CIn/Downloads/DSL-AG-hybrid/unified_chunks/chunk_2000
2026-01-30 21:03:42 [INFO    ] main: [RESUME] SKIPPING 'Electricity': Already complete (5/5 chunks)
2026-01-30 21:03:43 [INFO    ] main: [RESUME] SKIPPING 'Shuttle': Already complete (5/5 chunks)
2026-01-30 21:03:44 [INFO    ] main: [RESUME] SKIPPING 'CovType': Already complete (5/5 chunks)
2026-01-30 21:03:45 [INFO    ] main: [RESUME] SKIPPING 'PokerHand': Already complete (5/5 chunks)
2026-01-30 21:03:46 [INFO    ] main: ====== Processing Experiment ID: IntelLabSensors (Runs: 1) ======
2026-01-30 21:03:46 [INFO    ] main: --- Starting Experiment: ID='IntelLabSensors', Run=1, Mode=Drift Simulation ---
2026-01-30 21:03:46 [INFO    ] main: Using Random Seed: 43
2026-01-30 21:03:46 [INFO    ] root: Results will be saved in: /content/drive/Othercomputers/Laptop-CIn/Downloads/DSL-AG-hybrid/experiments_unified/chunk_2000/batch_5/IntelLabSensors/run_1
2026-01-30 21:03:46 [WARNING ] main: Concept difference data file not found at /content/drive/Othercomputers/Laptop-CIn/Downloads/DSL-AG-hybrid/results/concept_heatmaps/concept_differences.json. Penalty reduction based on drift severity might be affected.
2026-01-30 21:03:46 [INFO    ] main: Pre-generated Chunks Mode - Inferred Base Type: IntelLabSensors
2026-01-30 21:03:46 [INFO    ] main: Loading pre-generated chunks from: /content/drive/Othercomputers/Laptop-CIn/Downloads/DSL-AG-hybrid/unified_chunks/chunk_2000/IntelLabSensors
2026-01-30 21:03:51 [INFO    ] root: Loaded 6 chunks from /content/drive/Othercomputers/Laptop-CIn/Downloads/DSL-AG-hybrid/unified_chunks/chunk_2000/IntelLabSensors
2026-01-30 21:03:51 [INFO    ] main: Loaded 6 pre-generated chunks successfully
2026-01-30 21:03:51 [INFO    ] root: Converting data types for all chunks...
2026-01-30 21:03:51 [INFO    ] root: Data type conversion finished.
2026-01-30 21:03:51 [INFO    ] root: Stream Properties: 5 attrs (5 num, 0 cat), 39 classes: [1, 2, 3, 4, 6, 7, 8, 9, 10, 11, 12, 13, 14, 15, 16, 17, 18, 19, 20, 21, 22, 23, 24, 25, 26, 27, 28, 29, 30, 31, 36, 42, 43, 44, 47, 49, 53, 54, 56]
2026-01-30 21:03:51 [INFO    ] root: Categorical features: []
2026-01-30 21:03:51 [INFO    ] root: Numeric features: ['epoch', 'humidity', 'light', 'temperature', 'voltage']
2026-01-30 21:03:51 [WARNING ] main: 
2026-01-30 21:03:51 [WARNING ] main: ######################################################################
2026-01-30 21:03:51 [WARNING ] main: EXPERIMENTO INICIADO
2026-01-30 21:03:51 [WARNING ] main: ######################################################################
2026-01-30 21:03:51 [WARNING ] main: Timestamp: 2026-01-30 21:03:51
2026-01-30 21:03:51 [WARNING ] main: Total de chunks a processar: 5
2026-01-30 21:03:51 [WARNING ] main: 
2026-01-30 21:03:51 [WARNING ] main: 
2026-01-30 21:03:51 [WARNING ] main: ======================================================================
2026-01-30 21:03:51 [WARNING ] main: CHUNK 0 - INÍCIO
2026-01-30 21:03:51 [WARNING ] main: ======================================================================
2026-01-30 21:03:51 [WARNING ] main: Timestamp: 2026-01-30 21:03:51
2026-01-30 21:03:51 [WARNING ] main: Train: Chunk 0 | Test: Chunk 1
2026-01-30 21:03:51 [INFO    ] root: ===== Processing Chunk 0 (Train) / Chunk 1 (Test) =====
2026-01-30 21:03:51 [INFO    ] root: Salvando chunk de treino inicial (chunk 0) para depuração.
2026-01-30 21:03:52 [INFO    ] root: Chunk 0 (train) salvo com sucesso em: /content/drive/Othercomputers/Laptop-CIn/Downloads/DSL-AG-hybrid/experiments_unified/chunk_2000/batch_5/IntelLabSensors/run_1/chunk_data/chunk_0_train.csv
2026-01-30 21:03:52 [INFO    ] root: Salvando chunk de teste (chunk 1) para depuração.
2026-01-30 21:03:52 [INFO    ] root: Chunk 1 (test) salvo com sucesso em: /content/drive/Othercomputers/Laptop-CIn/Downloads/DSL-AG-hybrid/experiments_unified/chunk_2000/batch_5/IntelLabSensors/run_1/chunk_data/chunk_1_test.csv
2026-01-30 21:03:52 [WARNING ] main: 
2026-01-30 21:03:52 [WARNING ] main: [FASE 2] Chunk 0 - Calculando concept fingerprint...
2026-01-30 21:03:52 [WARNING ] main: [FASE 2]   ✓ Fingerprint calculada: 2000 instâncias
2026-01-30 21:03:52 [WARNING ] main: [FASE 2]   - Mean shape: (5,)
2026-01-30 21:03:52 [WARNING ] main: [FASE 2]   - Std shape: (5,)
2026-01-30 21:03:52 [WARNING ] main: [FASE 2]   - Class distribution shape: (55,)
2026-01-30 21:03:52 [WARNING ] main: [FASE 2] Chunk 0 - Detectando conceito recorrente...
2026-01-30 21:03:52 [WARNING ] main: [FASE 2]   Conceitos conhecidos: []
2026-01-30 21:03:52 [WARNING ] main: [FASE 2]   Threshold similaridade: 0.85
2026-01-30 21:03:52 [WARNING ] main: [FASE 2]   ✓ NOVO CONCEITO: 'concept_0'
2026-01-30 21:03:52 [INFO    ] root: 🆕 Chunk 0: NOVO conceito detectado (ID: 'concept_0')
2026-01-30 21:03:52 [WARNING ] main: [FASE 2] Chunk 0 - Criando entrada para novo conceito 'concept_0'
2026-01-30 21:03:52 [WARNING ] main: [FASE 2]   ✓ Conceito 'concept_0' inicializado
2026-01-30 21:03:52 [INFO    ] main: Classifying performance: current_acc_input=0.5000, history_len=0, history_tail=[], abs_bad_thr=0.60
2026-01-30 21:03:52 [INFO    ] main: Chunk 0: Performance label='bad'.
2026-01-30 21:03:52 [INFO    ] main: Performance label is 'bad' for chunk 0. Reducing change penalties.
2026-01-30 21:03:52 [INFO    ] main: Recovery mode: Using max_generations_recovery: 25 for chunk 0
2026-01-30 21:03:52 [INFO    ] main: Explicit drift adaptation activated for chunk 0.
2026-01-30 21:03:52 [INFO    ] main:   Mutation rate will be overridden to 0.5 for 10 generations.
2026-01-30 21:03:52 [INFO    ] main:   Memory abandoned. Overriding/setting initialization strategy to: 'full_random'.
2026-01-30 21:03:52 [INFO    ] main:   Max depth temporarily increased to: 15 (multiplier: 1.5).
2026-01-30 21:03:52 [INFO    ] main:   Max rules per class temporarily increased to: 22 (multiplier: 1.5).
2026-01-30 21:03:52 [INFO    ] main: Starting GA training on chunk 0 with MaxGen: 25, MaxDepth: 15, MaxRules: 22, InitStrategy: full_random
2026-01-30 21:03:52 [INFO    ] main: Chunk 0: Using drift_severity='STABLE' from previous chunk for GA adaptation
2026-01-30 21:03:52 [INFO    ] root: Starting GA run: Pop=120, MaxGen=25, Elit=0.10, Parallel=True, InitStrategy=full_random
2026-01-30 21:03:52 [INFO    ] root:   Crossover Balanceado Inteligente ATIVADO (70% qualidade + 30% diversidade)
2026-01-30 21:03:52 [INFO    ] root:   Mutation override: Rate=0.5 for 10 generations.
2026-01-30 21:03:52 [INFO    ] root: Initializing population with strategy 'full_random' and performance 'bad'.
2026-01-30 21:03:52 [INFO    ] root: Construindo o 'Pool de Genes' com a estratégia 'Focus Training' usando Decision Tree...
2026-01-30 21:03:52 [WARNING ] root: Nenhuma instância da Classe 29 encontrada (Fonte: Chunk Atual). Seeding para esta classe será pulado.
2026-01-30 21:03:52 [WARNING ] root: Nenhuma instância da Classe 31 encontrada (Fonte: Chunk Atual). Seeding para esta classe será pulado.
2026-01-30 21:03:52 [WARNING ] root: Nenhuma instância da Classe 42 encontrada (Fonte: Chunk Atual). Seeding para esta classe será pulado.
2026-01-30 21:03:52 [WARNING ] root: Nenhuma instância da Classe 47 encontrada (Fonte: Chunk Atual). Seeding para esta classe será pulado.
2026-01-30 21:03:52 [WARNING ] root: Nenhuma instância da Classe 56 encontrada (Fonte: Chunk Atual). Seeding para esta classe será pulado.
2026-01-30 21:03:52 [INFO    ] root: Estratégia de reset ativada. Usando 'Seeding Multi-Profundidade'.
2026-01-30 21:03:52 [INFO    ] root:   -> SEEDING ADAPTATIVO ATIVADO: Estimando complexidade do chunk...
2026-01-30 21:03:52 [INFO    ] root:   -> Complexidade estimada: COMPLEX (DT probe acc: 0.161)
2026-01-30 21:03:52 [INFO    ] root:      Problema COMPLEXO (DT probe <75%) - Seeding suave, exploração máxima
2026-01-30 21:03:52 [INFO    ] root:      Parâmetros adaptativos: seeding_ratio=0.4, injection_ratio=0.4, depths=[3, 5, 7]
2026-01-30 21:03:52 [INFO    ] root:   -> Seeding Probabilístico ATIVADO: Injetando 40% das regras DT
2026-01-30 21:04:19 [INFO    ] root: População de reset criada: 120 indivíduos (48 semeados, 72 aleatórios).
2026-01-30 21:04:19 [INFO    ] root: Parallel enabled. Using cores: 2
2026-01-30 21:04:19 [WARNING ] root: [DEBUG L1] Gen 1: Avaliando 120 individuos (cache size=0)
2026-01-30 21:04:19 [WARNING ] root: [DEBUG L1] Gen 1: Procurando hash 49c65aa31b028d66... no cache
2026-01-30 21:04:19 [WARNING ] root: [DEBUG L1] Gen 1: CACHE MISS #1 - avaliando hash 49c65aa31b028d66...
2026-01-30 21:04:19 [WARNING ] root: [DEBUG L1] Gen 1: Procurando hash 49c65aa31b028d66... no cache
2026-01-30 21:04:19 [WARNING ] root: [DEBUG L1] Gen 1: CACHE MISS #2 - avaliando hash 49c65aa31b028d66...
2026-01-30 21:04:19 [WARNING ] root: [DEBUG L1] Gen 1: Procurando hash 49c65aa31b028d66... no cache
2026-01-30 21:04:19 [WARNING ] root: [DEBUG L1] Gen 1: CACHE MISS #3 - avaliando hash 49c65aa31b028d66...
2026-01-30 21:04:19 [WARNING ] root: [DEBUG L1] Gen 1: Procurando hash 49c65aa31b028d66... no cache
2026-01-30 21:04:19 [WARNING ] root: [DEBUG L1] Gen 1: Procurando hash 49c65aa31b028d66... no cache
2026-01-30 21:04:27 [WARNING ] root: [DEBUG L1 FITNESS] Early stop DESATIVADO: threshold=0.0
2026-01-30 21:04:27 [WARNING ] root: [DEBUG L1 FITNESS] Early stop DESATIVADO: threshold=0.0
2026-01-30 21:21:10 [WARNING ] root: [DEBUG L1] Gen 1: cache_hits=0, cache_misses=120, early_stopped=0
2026-01-30 21:21:10 [WARNING ] root:    [CACHE] Gen 1: Hits=0/120 (0.0%)
2026-01-30 21:24:13 [WARNING ] root: 
2026-01-30 21:24:13 [WARNING ] root:    [GEN 1] Best: Fit=0.0150, Gmean=0.000 | Avg: Fit=0.0048, Gmean=0.000 | Div=0.737 | Stag=0
2026-01-30 21:24:13 [INFO    ] root: Gen 1: Preservando 1 elites do pool híbrido (ordenados por G-mean).
2026-01-30 21:39:38 [WARNING ] root: [DEBUG L1] Gen 2: Avaliando 120 individuos (cache size=75)
2026-01-30 21:39:38 [WARNING ] root: [DEBUG L1] Hash gerado: 0d7d3decbdde9b23... (rules_len=5646)
2026-01-30 21:39:38 [WARNING ] root: [DEBUG L1] Gen 2: Procurando hash 0d7d3decbdde9b23... no cache
2026-01-30 21:39:38 [WARNING ] root: [DEBUG L1] Gen 2: CACHE HIT #1 - hash 0d7d3decbdde9b23...
2026-01-30 21:39:38 [WARNING ] root: [DEBUG L1] Hash gerado: fc9d46e7228a16b0... (rules_len=18961)
2026-01-30 21:39:38 [WARNING ] root: [DEBUG L1] Gen 2: Procurando hash fc9d46e7228a16b0... no cache
2026-01-30 21:39:38 [WARNING ] root: [DEBUG L1] Gen 2: CACHE MISS #1 - avaliando hash fc9d46e7228a16b0...
2026-01-30 21:39:38 [WARNING ] root: [DEBUG L1] Hash gerado: d619956120ae1478... (rules_len=7646)
2026-01-30 21:39:38 [WARNING ] root: [DEBUG L1] Gen 2: Procurando hash d619956120ae1478... no cache
2026-01-30 21:39:38 [WARNING ] root: [DEBUG L1] Gen 2: CACHE MISS #2 - avaliando hash d619956120ae1478...
2026-01-30 21:39:38 [WARNING ] root: [DEBUG L1] Hash gerado: 5911d38eeddd2473... (rules_len=6126)
2026-01-30 21:39:38 [WARNING ] root: [DEBUG L1] Gen 2: Procurando hash 5911d38eeddd2473... no cache
2026-01-30 21:39:38 [WARNING ] root: [DEBUG L1] Gen 2: CACHE MISS #3 - avaliando hash 5911d38eeddd2473...
2026-01-30 21:39:38 [WARNING ] root: [DEBUG L1] Hash gerado: 554c25549d5a8415... (rules_len=9627)
2026-01-30 21:39:38 [WARNING ] root: [DEBUG L1] Gen 2: Procurando hash 554c25549d5a8415... no cache
2026-01-30 21:39:38 [WARNING ] root: [DEBUG L1] Hash gerado: c34bf51e48a0ecb9... (rules_len=7044)
2026-01-30 21:39:38 [WARNING ] root: [DEBUG L1] Hash gerado: 58f00d20b0d71386... (rules_len=4321)
2026-01-30 21:39:38 [WARNING ] root: [DEBUG L1] Hash gerado: 8b3aa8533491dd82... (rules_len=6810)
2026-01-30 21:39:38 [WARNING ] root: [DEBUG L1] Hash gerado: fa29e7d74b3c100c... (rules_len=7697)
2026-01-30 21:39:38 [WARNING ] root: [DEBUG L1] Hash gerado: 1105a1ee253c802d... (rules_len=7412)
2026-01-30 21:39:38 [WARNING ] root: [DEBUG L1] Hash gerado: c9de7c2dd0a67731... (rules_len=7599)
2026-01-30 21:39:38 [WARNING ] root: [DEBUG L1] Hash gerado: a784b5fc5ffd75df... (rules_len=4102)
2026-01-30 21:39:39 [WARNING ] root: [DEBUG L1] Hash gerado: 790633eb8dd1bc6a... (rules_len=503440)
2026-01-30 21:39:39 [WARNING ] root: [DEBUG L1] Hash gerado: c0cddac6b00d8db3... (rules_len=474153)
2026-01-30 21:39:39 [WARNING ] root: [DEBUG L1] Hash gerado: 1ba047cf8ea19ec1... (rules_len=4381)
2026-01-30 21:39:39 [WARNING ] root: [DEBUG L1] Hash gerado: ba3a4ed70ba1d255... (rules_len=7132)
2026-01-30 21:39:39 [WARNING ] root: [DEBUG L1] Hash gerado: 91471860be370a7f... (rules_len=7264)
2026-01-30 21:39:39 [WARNING ] root: [DEBUG L1] Hash gerado: 4bbd6cc42a0cf002... (rules_len=7246)
2026-01-30 21:39:39 [WARNING ] root: [DEBUG L1] Hash gerado: ebbb604543fd5412... (rules_len=7869)
2026-01-30 21:39:39 [WARNING ] root: [DEBUG L1] Hash gerado: f119cb0ae4724129... (rules_len=13109)
2026-01-30 21:39:39 [WARNING ] root: [DEBUG L1] Hash gerado: bee3688b5365d6e1... (rules_len=6952)
2026-01-30 21:39:39 [WARNING ] root: [DEBUG L1] Hash gerado: cd7236763394e870... (rules_len=8852)
2026-01-30 21:39:39 [WARNING ] root: [DEBUG L1] Hash gerado: 8a8af5a7c4fbfe4a... (rules_len=9705)
2026-01-30 21:39:39 [WARNING ] root: [DEBUG L1] Hash gerado: f4e32321c09ba06a... (rules_len=6988)
2026-01-30 21:39:39 [WARNING ] root: [DEBUG L1] Hash gerado: 4ec1072c20d2a7bd... (rules_len=8529)
2026-01-30 21:39:39 [WARNING ] root: [DEBUG L1] Hash gerado: b7a9a0f8179f0157... (rules_len=8723)
2026-01-30 21:39:39 [WARNING ] root: [DEBUG L1] Hash gerado: a0902b7b1c1bb716... (rules_len=8455)
2026-01-30 21:39:39 [WARNING ] root: [DEBUG L1] Hash gerado: 0c7072080bfe4cad... (rules_len=530657)
2026-01-30 21:39:39 [WARNING ] root: [DEBUG L1] Hash gerado: 9d2a5f24ab8aeeec... (rules_len=785413)
2026-01-30 21:39:39 [WARNING ] root: [DEBUG L1] Hash gerado: d157ae9998ffb4ec... (rules_len=490599)
2026-01-30 21:39:39 [WARNING ] root: [DEBUG L1] Hash gerado: af02e893503404c6... (rules_len=17276)
2026-01-30 21:39:39 [WARNING ] root: [DEBUG L1] Hash gerado: f177a65892b21b52... (rules_len=12939)
2026-01-30 21:39:39 [WARNING ] root: [DEBUG L1] Hash gerado: 7cee13e60b3b7364... (rules_len=8080)
2026-01-30 21:39:39 [WARNING ] root: [DEBUG L1] Hash gerado: eef6828b5d4eeddd... (rules_len=10090)
2026-01-30 21:39:39 [WARNING ] root: [DEBUG L1] Hash gerado: f250c517f8c84b8b... (rules_len=9309)
2026-01-30 21:39:39 [WARNING ] root: [DEBUG L1] Hash gerado: 2bf22411f72bc63c... (rules_len=8789)
2026-01-30 21:39:39 [WARNING ] root: [DEBUG L1] Hash gerado: 0d4cb2e84c6992e0... (rules_len=9708)
2026-01-30 21:39:39 [WARNING ] root: [DEBUG L1] Hash gerado: e4f6097a1aba6a93... (rules_len=9251)
2026-01-30 21:39:39 [WARNING ] root: [DEBUG L1] Hash gerado: a67661e6b7b6924d... (rules_len=13567)
2026-01-30 21:39:39 [WARNING ] root: [DEBUG L1] Hash gerado: ba690948076245f9... (rules_len=534231)
2026-01-30 21:39:39 [WARNING ] root: [DEBUG L1] Hash gerado: 93420babde34d051... (rules_len=7979)
2026-01-30 21:39:39 [WARNING ] root: [DEBUG L1] Hash gerado: a41ef68b1d631c2a... (rules_len=4563)
2026-01-30 21:39:39 [WARNING ] root: [DEBUG L1] Hash gerado: f42559536495b30a... (rules_len=10162)
2026-01-30 21:39:39 [WARNING ] root: [DEBUG L1] Hash gerado: 8d920d7be0d7f780... (rules_len=402970)
2026-01-30 21:39:39 [WARNING ] root: [DEBUG L1] Hash gerado: 2d650646ceae62dd... (rules_len=9353)
2026-01-30 21:39:39 [WARNING ] root: [DEBUG L1] Hash gerado: 2c1605ab3912f813... (rules_len=7450)
2026-01-30 21:39:39 [WARNING ] root: [DEBUG L1] Hash gerado: a04c6b6deb855ee2... (rules_len=563706)
2026-01-30 21:39:39 [WARNING ] root: [DEBUG L1] Hash gerado: 7312d3cc7f3c13a4... (rules_len=7210)
2026-01-30 21:39:39 [WARNING ] root: [DEBUG L1] Hash gerado: 09ee6ce673ac02dd... (rules_len=4751)
2026-01-30 21:39:39 [WARNING ] root: [DEBUG L1] Hash gerado: 928e2d37a046d736... (rules_len=11738)
2026-01-30 21:39:39 [WARNING ] root: [DEBUG L1] Hash gerado: c8707e769eb52424... (rules_len=3072)
2026-01-30 21:39:39 [WARNING ] root: [DEBUG L1] Hash gerado: a793d5239c43684b... (rules_len=4936)
2026-01-30 21:39:39 [WARNING ] root: [DEBUG L1] Hash gerado: 8ae26ab63f2c0d77... (rules_len=390421)
2026-01-30 21:39:39 [WARNING ] root: [DEBUG L1] Hash gerado: c2c6671af3d3c6a9... (rules_len=4388)
2026-01-30 21:39:39 [WARNING ] root: [DEBUG L1] Hash gerado: 8da9588951fda8d0... (rules_len=402028)
2026-01-30 21:39:39 [WARNING ] root: [DEBUG L1] Hash gerado: b4e5c5859e4293ab... (rules_len=9256)
2026-01-30 21:39:39 [WARNING ] root: [DEBUG L1] Hash gerado: 4b6a38d705940f11... (rules_len=8308)
2026-01-30 21:39:39 [WARNING ] root: [DEBUG L1] Hash gerado: da244c6797994b71... (rules_len=383467)
2026-01-30 21:39:40 [WARNING ] root: [DEBUG L1] Hash gerado: 86bb3cbca6db44f8... (rules_len=6272)
2026-01-30 21:39:40 [WARNING ] root: [DEBUG L1] Hash gerado: f3bc8c2a38966a6b... (rules_len=9164)
2026-01-30 21:39:40 [WARNING ] root: [DEBUG L1] Hash gerado: e4ca5d52a9faec05... (rules_len=7406)
2026-01-30 21:39:40 [WARNING ] root: [DEBUG L1] Hash gerado: 2bad2d20ecd34767... (rules_len=7813)
2026-01-30 21:39:40 [WARNING ] root: [DEBUG L1] Hash gerado: cdedfaee4537b64b... (rules_len=6687)
2026-01-30 21:39:40 [WARNING ] root: [DEBUG L1] Hash gerado: d961787d46f79056... (rules_len=10939)
2026-01-30 21:39:40 [WARNING ] root: [DEBUG L1] Hash gerado: 746a746f0421d04b... (rules_len=8096)
2026-01-30 21:39:40 [WARNING ] root: [DEBUG L1] Hash gerado: 72e970e27d387c7f... (rules_len=7061)
2026-01-30 21:39:40 [WARNING ] root: [DEBUG L1] Hash gerado: 2d3d2bac181eddfa... (rules_len=452315)
2026-01-30 21:39:40 [WARNING ] root: [DEBUG L1] Hash gerado: 81ef347c6886a359... (rules_len=7054)
2026-01-30 21:39:40 [WARNING ] root: [DEBUG L1] Hash gerado: c24a764bb1b5a505... (rules_len=7960)
2026-01-30 21:39:40 [WARNING ] root: [DEBUG L1] Hash gerado: 179e85dfbc07d6c4... (rules_len=8196)
2026-01-30 21:39:40 [WARNING ] root: [DEBUG L1] Hash gerado: 27ff5d861b1a6584... (rules_len=5720)
2026-01-30 21:39:40 [WARNING ] root: [DEBUG L1] Hash gerado: 47e320c2310b2ef8... (rules_len=7910)
2026-01-30 21:39:40 [WARNING ] root: [DEBUG L1] Hash gerado: e78e4e7e696d61f5... (rules_len=8213)
2026-01-30 21:39:40 [WARNING ] root: [DEBUG L1] Hash gerado: d9de5482d4b8395d... (rules_len=7334)
2026-01-30 21:39:40 [WARNING ] root: [DEBUG L1] Hash gerado: 376e057490552317... (rules_len=8019)
2026-01-30 21:39:40 [WARNING ] root: [DEBUG L1] Hash gerado: 1a02ffaff1a6e89f... (rules_len=9383)
2026-01-30 21:39:40 [WARNING ] root: [DEBUG L1] Hash gerado: b6b4b60f66f2e839... (rules_len=4604)
2026-01-30 21:39:40 [WARNING ] root: [DEBUG L1] Hash gerado: 505517d331269f79... (rules_len=6364)
2026-01-30 21:39:40 [WARNING ] root: [DEBUG L1] Hash gerado: df4f200d4d396743... (rules_len=492565)
2026-01-30 21:39:40 [WARNING ] root: [DEBUG L1] Hash gerado: 9f8babc14aad4cb9... (rules_len=7135)
2026-01-30 21:39:40 [WARNING ] root: [DEBUG L1] Hash gerado: b7cfd7ce6acc1047... (rules_len=10898)
2026-01-30 21:39:40 [WARNING ] root: [DEBUG L1] Hash gerado: ac3607044b3e9751... (rules_len=4586)
2026-01-30 21:39:40 [WARNING ] root: [DEBUG L1] Hash gerado: 1b94eda67b05340d... (rules_len=7265)
2026-01-30 21:39:40 [WARNING ] root: [DEBUG L1] Hash gerado: bdca0c0e12162233... (rules_len=6903)
2026-01-30 21:39:40 [WARNING ] root: [DEBUG L1] Hash gerado: ef9365769ebfa6c5... (rules_len=8185)
2026-01-30 21:39:40 [WARNING ] root: [DEBUG L1] Hash gerado: 76b03af8b22bd994... (rules_len=3100)
2026-01-30 21:39:40 [WARNING ] root: [DEBUG L1] Hash gerado: 8fa4b65a1d67662d... (rules_len=8460)
2026-01-30 21:39:40 [WARNING ] root: [DEBUG L1] Hash gerado: 06f9083f5dbc3eef... (rules_len=6172)
2026-01-30 21:39:40 [WARNING ] root: [DEBUG L1] Hash gerado: 43f5ab0fe47a2000... (rules_len=6421)
2026-01-30 21:39:40 [WARNING ] root: [DEBUG L1] Hash gerado: 3db53c77dfc6a7ce... (rules_len=7839)
2026-01-30 21:39:40 [WARNING ] root: [DEBUG L1] Hash gerado: 3039abd61021dddb... (rules_len=12056)
2026-01-30 21:39:40 [WARNING ] root: [DEBUG L1] Hash gerado: 45fd4c443689d8a6... (rules_len=6246)
2026-01-30 21:39:40 [WARNING ] root: [DEBUG L1] Hash gerado: c43434ddfd53c78d... (rules_len=510279)
2026-01-30 21:39:40 [WARNING ] root: [DEBUG L1] Hash gerado: 03965708e39f8c28... (rules_len=744737)
2026-01-30 21:39:40 [WARNING ] root: [DEBUG L1] Hash gerado: b7df8bf23ed447f1... (rules_len=13188)
2026-01-30 21:39:40 [WARNING ] root: [DEBUG L1] Hash gerado: 7a4b81ac8a1c6fc7... (rules_len=559588)
2026-01-30 21:39:40 [WARNING ] root: [DEBUG L1] Hash gerado: ff610473c9e9aee9... (rules_len=7775)
2026-01-30 21:39:40 [WARNING ] root: [DEBUG L1] Hash gerado: a044ae2edd904756... (rules_len=545498)
2026-01-30 21:39:40 [WARNING ] root: [DEBUG L1] Hash gerado: 2c793f519829c58e... (rules_len=8380)
2026-01-30 21:39:40 [WARNING ] root: [DEBUG L1] Hash gerado: c99c511abc574b09... (rules_len=11859)
2026-01-30 21:39:40 [WARNING ] root: [DEBUG L1] Hash gerado: 0914214feb0e6166... (rules_len=7392)
2026-01-30 21:39:40 [WARNING ] root: [DEBUG L1] Hash gerado: 08ee40b07d6fae23... (rules_len=402411)
2026-01-30 21:39:40 [WARNING ] root: [DEBUG L1] Hash gerado: 0ca3812d2620a943... (rules_len=506329)
2026-01-30 21:39:40 [WARNING ] root: [DEBUG L1] Hash gerado: 47a5c79b13180ca7... (rules_len=17203)
2026-01-30 21:39:40 [WARNING ] root: [DEBUG L1] Hash gerado: b0998870aeb66e6e... (rules_len=11318)
2026-01-30 21:39:40 [WARNING ] root: [DEBUG L1] Hash gerado: 0e56670a4b744949... (rules_len=10503)
2026-01-30 21:39:40 [WARNING ] root: [DEBUG L1] Hash gerado: 5b0d1779407a5499... (rules_len=3827)
2026-01-30 21:39:40 [WARNING ] root: [DEBUG L1] Hash gerado: a4fdecc2e2c728bb... (rules_len=7287)
2026-01-30 21:39:40 [WARNING ] root: [DEBUG L1] Hash gerado: 272f5dcd970f21c4... (rules_len=6808)
2026-01-30 21:39:40 [WARNING ] root: [DEBUG L1] Hash gerado: 7e25be9adcc13913... (rules_len=8289)
2026-01-30 21:39:40 [WARNING ] root: [DEBUG L1] Hash gerado: a475661bdd8e1465... (rules_len=4666)
2026-01-30 21:39:40 [WARNING ] root: [DEBUG L1] Hash gerado: 31e8d39931c2b65d... (rules_len=6765)
2026-01-30 21:39:40 [WARNING ] root: [DEBUG L1] Hash gerado: 64c045600a9df6dc... (rules_len=445006)
2026-01-30 21:39:40 [WARNING ] root: [DEBUG L1] Hash gerado: 0dfb237289ca9ca6... (rules_len=8356)
2026-01-30 21:39:40 [WARNING ] root: [DEBUG L1] Hash gerado: 9231284b0a11d815... (rules_len=8457)
2026-01-30 21:39:40 [WARNING ] root: [DEBUG L1] Hash gerado: 2ac0884936c1192c... (rules_len=5045)
2026-01-30 21:39:40 [WARNING ] root: [DEBUG L1] Hash gerado: bfe5a47930df1452... (rules_len=6400)
2026-01-30 21:39:40 [WARNING ] root: [DEBUG L1] Hash gerado: 7b0998baa12eb141... (rules_len=552005)
2026-01-30 21:39:40 [WARNING ] root: [DEBUG L1] Hash gerado: e2d432d129c1cef6... (rules_len=8327)
2026-01-30 21:39:40 [WARNING ] root: [DEBUG L1] Hash gerado: 32d18309a9b262fd... (rules_len=7137)
Gen 1/25 - BestFit: 0.0150 (G-mean: 0.000) | AvgFit: 0.0048 (G-mean: 0.000) | (Diversity: 0.737) | (RuleAct: 93.7) | Mut: 0.500 | Tourn: 4 | Stagn: 0 | Time: 1194.50s2026-01-30 21:39:42 [WARNING ] root: [DEBUG L1 FITNESS] Early stop DESATIVADO: threshold=0.0
2026-01-30 21:39:44 [WARNING ] root: [DEBUG L1 FITNESS] Early stop DESATIVADO: threshold=0.0
2026-01-30 21:45:09 [WARNING ] root: [DEBUG L1] Hash gerado: fc9d46e7228a16b0... (rules_len=18961)
2026-01-30 21:45:09 [WARNING ] root: [DEBUG L1] Hash gerado: d619956120ae1478... (rules_len=7646)
2026-01-30 21:45:09 [WARNING ] root: [DEBUG L1] Hash gerado: 5911d38eeddd2473... (rules_len=6126)
2026-01-30 21:45:09 [WARNING ] root: [DEBUG L1] Hash gerado: 554c25549d5a8415... (rules_len=9627)
2026-01-30 21:45:09 [WARNING ] root: [DEBUG L1] Hash gerado: c34bf51e48a0ecb9... (rules_len=7044)
2026-01-30 21:45:09 [WARNING ] root: [DEBUG L1] Hash gerado: 58f00d20b0d71386... (rules_len=4321)
2026-01-30 21:45:09 [WARNING ] root: [DEBUG L1] Hash gerado: 8b3aa8533491dd82... (rules_len=6810)
2026-01-30 21:45:09 [WARNING ] root: [DEBUG L1] Hash gerado: fa29e7d74b3c100c... (rules_len=7697)
2026-01-30 21:45:09 [WARNING ] root: [DEBUG L1] Hash gerado: 1105a1ee253c802d... (rules_len=7412)
2026-01-30 21:45:09 [WARNING ] root: [DEBUG L1] Hash gerado: c9de7c2dd0a67731... (rules_len=7599)
2026-01-30 21:45:09 [WARNING ] root: [DEBUG L1] Hash gerado: a784b5fc5ffd75df... (rules_len=4102)
2026-01-30 21:45:09 [WARNING ] root: [DEBUG L1] Hash gerado: 790633eb8dd1bc6a... (rules_len=503440)
2026-01-30 21:45:10 [WARNING ] root: [DEBUG L1] Hash gerado: c0cddac6b00d8db3... (rules_len=474153)
2026-01-30 21:45:10 [WARNING ] root: [DEBUG L1] Hash gerado: 1ba047cf8ea19ec1... (rules_len=4381)
2026-01-30 21:45:10 [WARNING ] root: [DEBUG L1] Hash gerado: ba3a4ed70ba1d255... (rules_len=7132)
2026-01-30 21:45:10 [WARNING ] root: [DEBUG L1] Hash gerado: 91471860be370a7f... (rules_len=7264)
2026-01-30 21:45:10 [WARNING ] root: [DEBUG L1] Hash gerado: 4bbd6cc42a0cf002... (rules_len=7246)
2026-01-30 21:45:10 [WARNING ] root: [DEBUG L1] Hash gerado: ebbb604543fd5412... (rules_len=7869)
2026-01-30 21:45:10 [WARNING ] root: [DEBUG L1] Hash gerado: f119cb0ae4724129... (rules_len=13109)
2026-01-30 21:45:10 [WARNING ] root: [DEBUG L1] Hash gerado: bee3688b5365d6e1... (rules_len=6952)
2026-01-30 21:45:10 [WARNING ] root: [DEBUG L1] Hash gerado: cd7236763394e870... (rules_len=8852)
2026-01-30 21:45:10 [WARNING ] root: [DEBUG L1] Hash gerado: 8a8af5a7c4fbfe4a... (rules_len=9705)
2026-01-30 21:45:10 [WARNING ] root: [DEBUG L1] Hash gerado: f4e32321c09ba06a... (rules_len=6988)
2026-01-30 21:45:10 [WARNING ] root: [DEBUG L1] Hash gerado: 4ec1072c20d2a7bd... (rules_len=8529)
2026-01-30 21:45:10 [WARNING ] root: [DEBUG L1] Hash gerado: b7a9a0f8179f0157... (rules_len=8723)
2026-01-30 21:45:10 [WARNING ] root: [DEBUG L1] Hash gerado: a0902b7b1c1bb716... (rules_len=8455)
2026-01-30 21:45:10 [WARNING ] root: [DEBUG L1] Hash gerado: 0c7072080bfe4cad... (rules_len=530657)
2026-01-30 21:45:10 [WARNING ] root: [DEBUG L1] Hash gerado: 9d2a5f24ab8aeeec... (rules_len=785413)
2026-01-30 21:45:10 [WARNING ] root: [DEBUG L1] Hash gerado: d157ae9998ffb4ec... (rules_len=490599)
2026-01-30 21:45:10 [WARNING ] root: [DEBUG L1] Hash gerado: af02e893503404c6... (rules_len=17276)
2026-01-30 21:45:10 [WARNING ] root: [DEBUG L1] Hash gerado: f177a65892b21b52... (rules_len=12939)
2026-01-30 21:45:10 [WARNING ] root: [DEBUG L1] Hash gerado: 7cee13e60b3b7364... (rules_len=8080)
2026-01-30 21:45:10 [WARNING ] root: [DEBUG L1] Hash gerado: eef6828b5d4eeddd... (rules_len=10090)
2026-01-30 21:45:10 [WARNING ] root: [DEBUG L1] Hash gerado: f250c517f8c84b8b... (rules_len=9309)
2026-01-30 21:45:10 [WARNING ] root: [DEBUG L1] Hash gerado: 2bf22411f72bc63c... (rules_len=8789)
2026-01-30 21:45:10 [WARNING ] root: [DEBUG L1] Hash gerado: 0d4cb2e84c6992e0... (rules_len=9708)
2026-01-30 21:45:10 [WARNING ] root: [DEBUG L1] Hash gerado: e4f6097a1aba6a93... (rules_len=9251)
2026-01-30 21:45:10 [WARNING ] root: [DEBUG L1] Hash gerado: a67661e6b7b6924d... (rules_len=13567)
2026-01-30 21:45:11 [WARNING ] root: [DEBUG L1] Hash gerado: ba690948076245f9... (rules_len=534231)
2026-01-30 21:45:11 [WARNING ] root: [DEBUG L1] Hash gerado: 93420babde34d051... (rules_len=7979)
2026-01-30 21:45:11 [WARNING ] root: [DEBUG L1] Hash gerado: a41ef68b1d631c2a... (rules_len=4563)
2026-01-30 21:45:11 [WARNING ] root: [DEBUG L1] Hash gerado: f42559536495b30a... (rules_len=10162)
2026-01-30 21:45:11 [WARNING ] root: [DEBUG L1] Hash gerado: 8d920d7be0d7f780... (rules_len=402970)
2026-01-30 21:45:11 [WARNING ] root: [DEBUG L1] Hash gerado: 2d650646ceae62dd... (rules_len=9353)
2026-01-30 21:45:11 [WARNING ] root: [DEBUG L1] Hash gerado: 2c1605ab3912f813... (rules_len=7450)
2026-01-30 21:45:11 [WARNING ] root: [DEBUG L1] Hash gerado: a04c6b6deb855ee2... (rules_len=563706)
2026-01-30 21:45:11 [WARNING ] root: [DEBUG L1] Hash gerado: 7312d3cc7f3c13a4... (rules_len=7210)
2026-01-30 21:45:11 [WARNING ] root: [DEBUG L1] Hash gerado: 09ee6ce673ac02dd... (rules_len=4751)
2026-01-30 21:45:11 [WARNING ] root: [DEBUG L1] Hash gerado: 928e2d37a046d736... (rules_len=11738)
2026-01-30 21:45:11 [WARNING ] root: [DEBUG L1] Hash gerado: c8707e769eb52424... (rules_len=3072)
2026-01-30 21:45:11 [WARNING ] root: [DEBUG L1] Hash gerado: a793d5239c43684b... (rules_len=4936)
2026-01-30 21:45:11 [WARNING ] root: [DEBUG L1] Hash gerado: 8ae26ab63f2c0d77... (rules_len=390421)
2026-01-30 21:45:12 [WARNING ] root: [DEBUG L1] Hash gerado: c2c6671af3d3c6a9... (rules_len=4388)
2026-01-30 21:45:12 [WARNING ] root: [DEBUG L1] Hash gerado: 8da9588951fda8d0... (rules_len=402028)
2026-01-30 21:45:12 [WARNING ] root: [DEBUG L1] Hash gerado: b4e5c5859e4293ab... (rules_len=9256)
2026-01-30 21:45:12 [WARNING ] root: [DEBUG L1] Hash gerado: 4b6a38d705940f11... (rules_len=8308)
2026-01-30 21:45:12 [WARNING ] root: [DEBUG L1] Hash gerado: da244c6797994b71... (rules_len=383467)
2026-01-30 21:45:12 [WARNING ] root: [DEBUG L1] Hash gerado: 86bb3cbca6db44f8... (rules_len=6272)
2026-01-30 21:45:12 [WARNING ] root: [DEBUG L1] Hash gerado: f3bc8c2a38966a6b... (rules_len=9164)
2026-01-30 21:45:12 [WARNING ] root: [DEBUG L1] Hash gerado: e4ca5d52a9faec05... (rules_len=7406)
2026-01-30 21:45:12 [WARNING ] root: [DEBUG L1] Hash gerado: 2bad2d20ecd34767... (rules_len=7813)
2026-01-30 21:45:12 [WARNING ] root: [DEBUG L1] Hash gerado: cdedfaee4537b64b... (rules_len=6687)
2026-01-30 21:45:12 [WARNING ] root: [DEBUG L1] Hash gerado: d961787d46f79056... (rules_len=10939)
2026-01-30 21:45:12 [WARNING ] root: [DEBUG L1] Hash gerado: 746a746f0421d04b... (rules_len=8096)
2026-01-30 21:45:12 [WARNING ] root: [DEBUG L1] Hash gerado: 72e970e27d387c7f... (rules_len=7061)
2026-01-30 21:45:12 [WARNING ] root: [DEBUG L1] Hash gerado: 2d3d2bac181eddfa... (rules_len=452315)
2026-01-30 21:45:12 [WARNING ] root: [DEBUG L1] Hash gerado: 81ef347c6886a359... (rules_len=7054)
2026-01-30 21:45:12 [WARNING ] root: [DEBUG L1] Hash gerado: c24a764bb1b5a505... (rules_len=7960)
2026-01-30 21:45:12 [WARNING ] root: [DEBUG L1] Hash gerado: 179e85dfbc07d6c4... (rules_len=8196)
2026-01-30 21:45:12 [WARNING ] root: [DEBUG L1] Hash gerado: 27ff5d861b1a6584... (rules_len=5720)
2026-01-30 21:45:12 [WARNING ] root: [DEBUG L1] Hash gerado: 47e320c2310b2ef8... (rules_len=7910)
2026-01-30 21:45:12 [WARNING ] root: [DEBUG L1] Hash gerado: e78e4e7e696d61f5... (rules_len=8213)
2026-01-30 21:45:12 [WARNING ] root: [DEBUG L1] Hash gerado: d9de5482d4b8395d... (rules_len=7334)
2026-01-30 21:45:12 [WARNING ] root: [DEBUG L1] Hash gerado: 376e057490552317... (rules_len=8019)
2026-01-30 21:45:12 [WARNING ] root: [DEBUG L1] Hash gerado: 1a02ffaff1a6e89f... (rules_len=9383)
2026-01-30 21:45:12 [WARNING ] root: [DEBUG L1] Hash gerado: b6b4b60f66f2e839... (rules_len=4604)
2026-01-30 21:45:12 [WARNING ] root: [DEBUG L1] Hash gerado: 505517d331269f79... (rules_len=6364)
2026-01-30 21:45:13 [WARNING ] root: [DEBUG L1] Hash gerado: df4f200d4d396743... (rules_len=492565)
2026-01-30 21:45:13 [WARNING ] root: [DEBUG L1] Hash gerado: 9f8babc14aad4cb9... (rules_len=7135)
2026-01-30 21:45:13 [WARNING ] root: [DEBUG L1] Hash gerado: b7cfd7ce6acc1047... (rules_len=10898)
2026-01-30 21:45:13 [WARNING ] root: [DEBUG L1] Hash gerado: ac3607044b3e9751... (rules_len=4586)
2026-01-30 21:45:13 [WARNING ] root: [DEBUG L1] Hash gerado: 1b94eda67b05340d... (rules_len=7265)
2026-01-30 21:45:13 [WARNING ] root: [DEBUG L1] Hash gerado: bdca0c0e12162233... (rules_len=6903)
2026-01-30 21:45:13 [WARNING ] root: [DEBUG L1] Hash gerado: ef9365769ebfa6c5... (rules_len=8185)
2026-01-30 21:45:13 [WARNING ] root: [DEBUG L1] Hash gerado: 76b03af8b22bd994... (rules_len=3100)
2026-01-30 21:45:13 [WARNING ] root: [DEBUG L1] Hash gerado: 8fa4b65a1d67662d... (rules_len=8460)
2026-01-30 21:45:13 [WARNING ] root: [DEBUG L1] Hash gerado: 06f9083f5dbc3eef... (rules_len=6172)
2026-01-30 21:45:13 [WARNING ] root: [DEBUG L1] Hash gerado: 43f5ab0fe47a2000... (rules_len=6421)
2026-01-30 21:45:13 [WARNING ] root: [DEBUG L1] Hash gerado: 3db53c77dfc6a7ce... (rules_len=7839)
2026-01-30 21:45:13 [WARNING ] root: [DEBUG L1] Hash gerado: 3039abd61021dddb... (rules_len=12056)
2026-01-30 21:45:13 [WARNING ] root: [DEBUG L1] Hash gerado: 45fd4c443689d8a6... (rules_len=6246)
2026-01-30 21:45:13 [WARNING ] root: [DEBUG L1] Hash gerado: c43434ddfd53c78d... (rules_len=510279)
2026-01-30 21:45:13 [WARNING ] root: [DEBUG L1] Hash gerado: 03965708e39f8c28... (rules_len=744737)
2026-01-30 21:45:14 [WARNING ] root: [DEBUG L1] Hash gerado: b7df8bf23ed447f1... (rules_len=13188)
2026-01-30 21:45:14 [WARNING ] root: [DEBUG L1] Hash gerado: 7a4b81ac8a1c6fc7... (rules_len=559588)
2026-01-30 21:45:14 [WARNING ] root: [DEBUG L1] Hash gerado: ff610473c9e9aee9... (rules_len=7775)
2026-01-30 21:45:14 [WARNING ] root: [DEBUG L1] Hash gerado: a044ae2edd904756... (rules_len=545498)
2026-01-30 21:45:14 [WARNING ] root: [DEBUG L1] Hash gerado: 2c793f519829c58e... (rules_len=8380)
2026-01-30 21:45:14 [WARNING ] root: [DEBUG L1] Hash gerado: c99c511abc574b09... (rules_len=11859)
2026-01-30 21:45:14 [WARNING ] root: [DEBUG L1] Hash gerado: 0914214feb0e6166... (rules_len=7392)
2026-01-30 21:45:14 [WARNING ] root: [DEBUG L1] Hash gerado: 08ee40b07d6fae23... (rules_len=402411)
2026-01-30 21:45:14 [WARNING ] root: [DEBUG L1] Hash gerado: 0ca3812d2620a943... (rules_len=506329)
2026-01-30 21:45:14 [WARNING ] root: [DEBUG L1] Hash gerado: 47a5c79b13180ca7... (rules_len=17203)
2026-01-30 21:45:14 [WARNING ] root: [DEBUG L1] Hash gerado: b0998870aeb66e6e... (rules_len=11318)
2026-01-30 21:45:14 [WARNING ] root: [DEBUG L1] Hash gerado: 0e56670a4b744949... (rules_len=10503)
2026-01-30 21:45:14 [WARNING ] root: [DEBUG L1] Hash gerado: 5b0d1779407a5499... (rules_len=3827)
2026-01-30 21:45:14 [WARNING ] root: [DEBUG L1] Hash gerado: a4fdecc2e2c728bb... (rules_len=7287)
2026-01-30 21:45:14 [WARNING ] root: [DEBUG L1] Hash gerado: 272f5dcd970f21c4... (rules_len=6808)
2026-01-30 21:45:14 [WARNING ] root: [DEBUG L1] Hash gerado: 7e25be9adcc13913... (rules_len=8289)
2026-01-30 21:45:14 [WARNING ] root: [DEBUG L1] Hash gerado: a475661bdd8e1465... (rules_len=4666)
2026-01-30 21:45:14 [WARNING ] root: [DEBUG L1] Hash gerado: 31e8d39931c2b65d... (rules_len=6765)
2026-01-30 21:45:14 [WARNING ] root: [DEBUG L1] Hash gerado: 64c045600a9df6dc... (rules_len=445006)
2026-01-30 21:45:15 [WARNING ] root: [DEBUG L1] Hash gerado: 0dfb237289ca9ca6... (rules_len=8356)
2026-01-30 21:45:15 [WARNING ] root: [DEBUG L1] Hash gerado: 9231284b0a11d815... (rules_len=8457)
2026-01-30 21:45:15 [WARNING ] root: [DEBUG L1] Hash gerado: 2ac0884936c1192c... (rules_len=5045)
2026-01-30 21:45:15 [WARNING ] root: [DEBUG L1] Hash gerado: bfe5a47930df1452... (rules_len=6400)
2026-01-30 21:45:15 [WARNING ] root: [DEBUG L1] Hash gerado: 7b0998baa12eb141... (rules_len=552005)
2026-01-30 21:45:15 [WARNING ] root: [DEBUG L1] Hash gerado: e2d432d129c1cef6... (rules_len=8327)
2026-01-30 21:45:15 [WARNING ] root: [DEBUG L1] Hash gerado: 32d18309a9b262fd... (rules_len=7137)
2026-01-30 21:45:15 [WARNING ] root: [DEBUG L1] Gen 2: cache_hits=1, cache_misses=119, early_stopped=0
2026-01-30 21:45:15 [WARNING ] root:    [CACHE] Gen 2: Hits=1/120 (0.8%)
2026-01-30 21:45:18 [WARNING ] root: 
2026-01-30 21:45:18 [WARNING ] root:    [GEN 2] Best: Fit=0.0161, Gmean=0.000 | Avg: Fit=0.0097, Gmean=0.000 | Div=0.608 | Stag=0
2026-01-30 21:45:19 [INFO    ] root: Gen 2: Preservando 12 elites do pool híbrido (ordenados por G-mean).
2026-01-30 21:59:02 [WARNING ] root: [DEBUG L1] Gen 3: Avaliando 120 individuos (cache size=194)
2026-01-30 21:59:02 [WARNING ] root: [DEBUG L1] Gen 3: Procurando hash 47e320c2310b2ef8... no cache
2026-01-30 21:59:02 [WARNING ] root: [DEBUG L1] Gen 3: CACHE HIT #1 - hash 47e320c2310b2ef8...
2026-01-30 21:59:02 [WARNING ] root: [DEBUG L1] Gen 3: Procurando hash 47a5c79b13180ca7... no cache
2026-01-30 21:59:02 [WARNING ] root: [DEBUG L1] Gen 3: CACHE HIT #2 - hash 47a5c79b13180ca7...
2026-01-30 21:59:02 [WARNING ] root: [DEBUG L1] Gen 3: Procurando hash 81ef347c6886a359... no cache
2026-01-30 21:59:02 [WARNING ] root: [DEBUG L1] Gen 3: CACHE HIT #3 - hash 81ef347c6886a359...
2026-01-30 21:59:02 [WARNING ] root: [DEBUG L1] Gen 3: Procurando hash a4fdecc2e2c728bb... no cache
2026-01-30 21:59:02 [WARNING ] root: [DEBUG L1] Gen 3: Procurando hash 746a746f0421d04b... no cache
2026-01-30 21:59:02 [WARNING ] root: [DEBUG L1] Gen 3: CACHE MISS #1 - avaliando hash 00d8211d4c45b60c...
2026-01-30 21:59:02 [WARNING ] root: [DEBUG L1] Gen 3: CACHE MISS #2 - avaliando hash 4b080064b0d4101c...
2026-01-30 21:59:02 [WARNING ] root: [DEBUG L1] Gen 3: CACHE MISS #3 - avaliando hash 4a6e4b06bc1f9a51...
Gen 2/25 - BestFit: 0.0161 (G-mean: 0.000) | AvgFit: 0.0097 (G-mean: 0.000) | (Diversity: 0.608) | (RuleAct: 93.4) | Mut: 0.500 | Tourn: 3 | Stagn: 0 | Time: 339.34s2026-01-30 21:59:03 [WARNING ] root: [DEBUG L1 FITNESS] Early stop DESATIVADO: threshold=0.0
2026-01-30 21:59:03 [WARNING ] root: [DEBUG L1 FITNESS] Early stop DESATIVADO: threshold=0.0
2026-01-30 22:01:56 [WARNING ] root: [DEBUG L1] Gen 3: cache_hits=12, cache_misses=108, early_stopped=0
2026-01-30 22:01:56 [WARNING ] root:    [CACHE] Gen 3: Hits=12/120 (10.0%)
2026-01-30 22:01:56 [WARNING ] root: [DEBUG L1] Gen 3: Nenhum early stop (threshold pode estar muito alto)
2026-01-30 22:01:56 [WARNING ] root: 
2026-01-30 22:01:56 [WARNING ] root:    [GEN 3] Best: Fit=0.0161, Gmean=0.000 | Avg: Fit=0.0106, Gmean=0.000 | Div=0.451 | Stag=1
2026-01-30 22:01:56 [INFO    ] root: Gen 3: Preservando 12 elites do pool híbrido (ordenados por G-mean).
Gen 3/25 - BestFit: 0.0161 (G-mean: 0.000) | AvgFit: 0.0106 (G-mean: 0.000) | (Diversity: 0.451) | (RuleAct: 92.4) | Mut: 0.500 | Tourn: 3 | Stagn: 1 | Time: 173.74s2026-01-30 22:15:10 [WARNING ] root: [DEBUG L1 FITNESS] Early stop DESATIVADO: threshold=0.0
2026-01-30 22:15:11 [WARNING ] root: [DEBUG L1 FITNESS] Early stop DESATIVADO: threshold=0.0
2026-01-30 22:17:54 [WARNING ] root: [DEBUG L1] Gen 4: cache_hits=12, cache_misses=108, early_stopped=0
2026-01-30 22:17:54 [WARNING ] root:    [CACHE] Gen 4: Hits=12/120 (10.0%)
2026-01-30 22:17:54 [WARNING ] root: [DEBUG L1] Gen 4: Nenhum early stop (threshold pode estar muito alto)
2026-01-30 22:17:54 [INFO    ] root: Gen 4: Preservando 12 elites do pool híbrido (ordenados por G-mean).
Gen 4/25 - BestFit: 0.0161 (G-mean: 0.000) | AvgFit: 0.0108 (G-mean: 0.000) | (Diversity: 0.397) | (RuleAct: 92.4) | Mut: 0.500 | Tourn: 3 | Stagn: 2 | Time: 163.60s2026-01-30 22:30:56 [WARNING ] root: [DEBUG L1 FITNESS] Early stop DESATIVADO: threshold=0.0
2026-01-30 22:30:56 [WARNING ] root: [DEBUG L1 FITNESS] Early stop DESATIVADO: threshold=0.0
2026-01-30 22:33:37 [WARNING ] root:    [CACHE] Gen 5: Hits=12/120 (10.0%)
2026-01-30 22:33:37 [WARNING ] root: [DEBUG L1] Gen 5: Nenhum early stop (threshold pode estar muito alto)
2026-01-30 22:33:37 [INFO    ] root: Gen 5: Preservando 12 elites do pool híbrido (ordenados por G-mean).
Gen 5/25 - BestFit: 0.0161 (G-mean: 0.000) | AvgFit: 0.0111 (G-mean: 0.000) | (Diversity: 0.422) | (RuleAct: 92.4) | Mut: 0.500 | Tourn: 2 | Stagn: 3 | Time: 161.25s2026-01-30 22:46:51 [WARNING ] root: [DEBUG L1 FITNESS] Early stop DESATIVADO: threshold=0.0
2026-01-30 22:46:51 [WARNING ] root: [DEBUG L1 FITNESS] Early stop DESATIVADO: threshold=0.0
2026-01-30 22:49:32 [WARNING ] root:    [CACHE] Gen 6: Hits=12/120 (10.0%)
2026-01-30 22:49:32 [WARNING ] root: [DEBUG L1] Gen 6: Nenhum early stop (threshold pode estar muito alto)
2026-01-30 22:49:33 [INFO    ] root: Gen 6: Preservando 12 elites do pool híbrido (ordenados por G-mean).
Gen 6/25 - BestFit: 0.0161 (G-mean: 0.000) | AvgFit: 0.0105 (G-mean: 0.000) | (Diversity: 0.461) | (RuleAct: 93.3) | Mut: 0.500 | Tourn: 3 | Stagn: 4 | Time: 161.86s2026-01-30 23:02:57 [WARNING ] root: [DEBUG L1 FITNESS] Early stop DESATIVADO: threshold=0.0
2026-01-30 23:02:58 [WARNING ] root: [DEBUG L1 FITNESS] Early stop DESATIVADO: threshold=0.0
2026-01-30 23:05:43 [WARNING ] root:    [CACHE] Gen 7: Hits=12/120 (10.0%)
2026-01-30 23:05:44 [INFO    ] root: Gen 7: Preservando 12 elites do pool híbrido (ordenados por G-mean).
Gen 7/25 - BestFit: 0.0161 (G-mean: 0.000) | AvgFit: 0.0104 (G-mean: 0.000) | (Diversity: 0.455) | (RuleAct: 92.7) | Mut: 0.500 | Tourn: 3 | Stagn: 5 | Time: 166.79s2026-01-30 23:19:10 [WARNING ] root: [DEBUG L1 FITNESS] Early stop DESATIVADO: threshold=0.0
2026-01-30 23:19:10 [WARNING ] root: [DEBUG L1 FITNESS] Early stop DESATIVADO: threshold=0.0
2026-01-30 23:21:59 [WARNING ] root:    [CACHE] Gen 8: Hits=12/120 (10.0%)
2026-01-30 23:21:59 [INFO    ] root: Gen 8: Preservando 12 elites do pool híbrido (ordenados por G-mean).
Gen 8/25 - BestFit: 0.0161 (G-mean: 0.000) | AvgFit: 0.0104 (G-mean: 0.000) | (Diversity: 0.513) | (RuleAct: 93.7) | Mut: 0.500 | Tourn: 3 | Stagn: 6 | Time: 169.81s2026-01-30 23:35:29 [WARNING ] root: [DEBUG L1 FITNESS] Early stop DESATIVADO: threshold=0.0
2026-01-30 23:35:30 [WARNING ] root: [DEBUG L1 FITNESS] Early stop DESATIVADO: threshold=0.0
2026-01-30 23:38:19 [WARNING ] root:    [CACHE] Gen 9: Hits=12/120 (10.0%)
2026-01-30 23:38:19 [INFO    ] root: Gen 9: Preservando 12 elites do pool híbrido (ordenados por G-mean).
Gen 9/25 - BestFit: 0.0161 (G-mean: 0.000) | AvgFit: 0.0106 (G-mean: 0.000) | (Diversity: 0.446) | (RuleAct: 93.1) | Mut: 0.500 | Tourn: 3 | Stagn: 7 | Time: 170.41s2026-01-30 23:51:44 [WARNING ] root: [DEBUG L1 FITNESS] Early stop DESATIVADO: threshold=0.0
2026-01-30 23:51:44 [WARNING ] root: [DEBUG L1 FITNESS] Early stop DESATIVADO: threshold=0.0
2026-01-30 23:54:34 [WARNING ] root:    [CACHE] Gen 10: Hits=12/120 (10.0%)
2026-01-30 23:54:34 [INFO    ] root: Gen 10: Preservando 12 elites do pool híbrido (ordenados por G-mean).
Gen 10/25 - BestFit: 0.0161 (G-mean: 0.000) | AvgFit: 0.0104 (G-mean: 0.000) | (Diversity: 0.431) | (RuleAct: 94.0) | Mut: 0.500 | Tourn: 3 | Stagn: 8 | Time: 170.69s2026-01-31 00:08:00 [WARNING ] root: [DEBUG L1 FITNESS] Early stop DESATIVADO: threshold=0.0
2026-01-31 00:08:00 [WARNING ] root: [DEBUG L1 FITNESS] Early stop DESATIVADO: threshold=0.0
2026-01-31 00:10:49 [WARNING ] root:    [CACHE] Gen 11: Hits=12/120 (10.0%)
2026-01-31 00:10:49 [WARNING ] root: 
2026-01-31 00:10:49 [WARNING ] root:    [GEN 11] Best: Fit=0.0161, Gmean=0.000 | Avg: Fit=0.0107, Gmean=0.000 | Div=0.428 | Stag=9
2026-01-31 00:10:49 [INFO    ] root: Gen 11: Preservando 12 elites do pool híbrido (ordenados por G-mean).
Gen 11/25 - BestFit: 0.0161 (G-mean: 0.000) | AvgFit: 0.0107 (G-mean: 0.000) | (Diversity: 0.428) | (RuleAct: 93.2) | Mut: 0.695 | Tourn: 3 | Stagn: 9 | Time: 170.23s2026-01-31 00:24:31 [WARNING ] root: [DEBUG L1 FITNESS] Early stop DESATIVADO: threshold=0.0
2026-01-31 00:24:32 [WARNING ] root: [DEBUG L1 FITNESS] Early stop DESATIVADO: threshold=0.0
2026-01-31 00:27:07 [WARNING ] root:    [CACHE] Gen 12: Hits=12/120 (10.0%)
2026-01-31 00:27:08 [INFO    ] root: Gen 12: Preservando 12 elites do pool híbrido (ordenados por G-mean).
2026-01-31 00:27:08 [INFO    ] root: 
Estagnação detectada (10 gerações)! Ativando mecanismos de resgate...
2026-01-31 00:27:08 [WARNING ] root: 
2026-01-31 00:27:08 [WARNING ] root:    [HC] Aplicando Hill Climbing (estagnação=10, elite_gmean=0.000)
2026-01-31 00:27:08 [INFO    ] hill_climbing_v2:   -> Hill Climbing V2 HIERÁRQUICO [AGGRESSIVE]
2026-01-31 00:27:08 [INFO    ] hill_climbing_v2:      Elite G-mean: 0.000 → EXPLORAÇÃO AGRESSIVA - HC Inteligente Multi-Estratégia
2026-01-31 00:27:08 [INFO    ] hill_climbing_v2:      Operações: ['error_focused_dt_rules', 'ensemble_boosting', 'guided_mutation']
2026-01-31 00:27:08 [INFO    ] hill_climbing_v2:      Variantes planejadas: 18
2026-01-31 00:27:08 [INFO    ] intelligent_hc:        error_focused_dt_rules: Elite erra em 1642/2000 (82.1%)
2026-01-31 00:27:08 [INFO    ] intelligent_hc:        DT nos erros: acc=0.364, depth=10, nodes=235
2026-01-31 00:27:08 [INFO    ] dt_rule_extraction:   Extração DT: 118 regras extraídas de 235 nós
2026-01-31 00:27:08 [INFO    ] dt_rule_extraction:   Ranqueamento: 118 regras avaliadas
2026-01-31 00:27:08 [INFO    ] dt_rule_extraction:     Top-3 scores: ['0.013', '0.012', '0.009']
2026-01-31 00:27:08 [INFO    ] dt_rule_extraction:     Top-1: coverage=3.65%, accuracy=35.00%
2026-01-31 00:27:08 [INFO    ] intelligent_hc:        Top-3 DT rules: scores=['0.013', '0.012', '0.009']
2026-01-31 00:27:08 [INFO    ] intelligent_hc:        error_focused_dt_rules: 5 variantes geradas
2026-01-31 00:27:08 [INFO    ] hill_climbing_v2:        ✓ error_focused_dt_rules: 5 variantes geradas
2026-01-31 00:27:09 [INFO    ] intelligent_hc:        ensemble_boosting: 1642 erros com peso 3×
2026-01-31 00:27:09 [INFO    ] intelligent_hc:        DT boosted #1: depth=12, acc=0.342
2026-01-31 00:27:09 [INFO    ] dt_rule_extraction:   Extração DT: 121 regras extraídas de 241 nós
2026-01-31 00:27:09 [INFO    ] dt_rule_extraction:   Ranqueamento: 121 regras avaliadas
2026-01-31 00:27:09 [INFO    ] dt_rule_extraction:     Top-3 scores: ['0.008', '0.007', '0.007']
2026-01-31 00:27:09 [INFO    ] dt_rule_extraction:     Top-1: coverage=6.90%, accuracy=11.59%
2026-01-31 00:27:09 [INFO    ] intelligent_hc:        DT boosted #2: depth=8, acc=0.264
2026-01-31 00:27:09 [INFO    ] dt_rule_extraction:   Extração DT: 70 regras extraídas de 139 nós
2026-01-31 00:27:09 [INFO    ] dt_rule_extraction:   Ranqueamento: 70 regras avaliadas
2026-01-31 00:27:09 [INFO    ] dt_rule_extraction:     Top-3 scores: ['0.024', '0.010', '0.010']
2026-01-31 00:27:09 [INFO    ] dt_rule_extraction:     Top-1: coverage=26.05%, accuracy=9.21%
2026-01-31 00:27:09 [INFO    ] intelligent_hc:        DT boosted #3: depth=6, acc=0.180
2026-01-31 00:27:09 [INFO    ] dt_rule_extraction:   Extração DT: 37 regras extraídas de 73 nós
2026-01-31 00:27:09 [INFO    ] dt_rule_extraction:   Ranqueamento: 37 regras avaliadas
2026-01-31 00:27:09 [INFO    ] dt_rule_extraction:     Top-3 scores: ['0.028', '0.012', '0.011']
2026-01-31 00:27:09 [INFO    ] dt_rule_extraction:     Top-1: coverage=30.65%, accuracy=9.30%
2026-01-31 00:27:09 [INFO    ] intelligent_hc:        DT boosted #4: depth=8, acc=0.264
2026-01-31 00:27:09 [INFO    ] dt_rule_extraction:   Extração DT: 70 regras extraídas de 139 nós
2026-01-31 00:27:10 [INFO    ] dt_rule_extraction:   Ranqueamento: 70 regras avaliadas
2026-01-31 00:27:10 [INFO    ] dt_rule_extraction:     Top-3 scores: ['0.024', '0.010', '0.010']
2026-01-31 00:27:10 [INFO    ] dt_rule_extraction:     Top-1: coverage=26.05%, accuracy=9.21%
2026-01-31 00:27:10 [INFO    ] intelligent_hc:        ensemble_boosting: 4 variantes geradas
2026-01-31 00:27:10 [INFO    ] hill_climbing_v2:        ✓ ensemble_boosting: 4 variantes geradas
2026-01-31 00:27:10 [INFO    ] intelligent_hc:        guided_mutation: Top-5 features: ['temperature', 'humidity', 'epoch', 'voltage', 'light']
2026-01-31 00:27:10 [INFO    ] intelligent_hc:        importâncias: ['0.100', '0.135', '0.151', '0.233', '0.382']
2026-01-31 00:27:10 [INFO    ] intelligent_hc:        guided_mutation: 4 variantes geradas
2026-01-31 00:27:10 [INFO    ] hill_climbing_v2:        ✓ guided_mutation: 4 variantes geradas
2026-01-31 00:27:10 [INFO    ] hill_climbing_v2:      Total gerado: 13 variantes, retornando 8 (limite: 8)
2026-01-31 00:27:10 [WARNING ] root:    [HC] Geradas 8 variantes, avaliando...
2026-01-31 00:27:10 [WARNING ] root: [DEBUG L1 FITNESS] Early stop DESATIVADO: threshold=None
2026-01-31 00:27:11 [INFO    ] root:        ✓ HC variant #1 APROVADO (MELHOR): fitness=0.0216 (elite=0.0161, Δ=+0.0055), gmean=0.000 (elite=0.000, Δ=+0.000)
2026-01-31 00:27:11 [INFO    ] root:        ✓ HC variant #2 APROVADO (MELHOR): fitness=0.0216 (elite=0.0161, Δ=+0.0055), gmean=0.000 (elite=0.000, Δ=+0.000)
2026-01-31 00:27:12 [INFO    ] root:        ✓ HC variant #3 APROVADO (MELHOR): fitness=0.0216 (elite=0.0161, Δ=+0.0055), gmean=0.000 (elite=0.000, Δ=+0.000)
2026-01-31 00:27:12 [INFO    ] root:        ✓ HC variant #4 APROVADO (MELHOR): fitness=0.0216 (elite=0.0161, Δ=+0.0055), gmean=0.000 (elite=0.000, Δ=+0.000)
2026-01-31 00:27:13 [INFO    ] root:        ✓ HC variant #5 APROVADO (MELHOR): fitness=0.0216 (elite=0.0161, Δ=+0.0055), gmean=0.000 (elite=0.000, Δ=+0.000)
2026-01-31 00:27:13 [INFO    ] root:        ✓ HC variant #6 APROVADO (MELHOR): fitness=0.0234 (elite=0.0161, Δ=+0.0072), gmean=0.000 (elite=0.000, Δ=+0.000)
2026-01-31 00:27:14 [INFO    ] root:        ✓ HC variant #7 APROVADO (MELHOR): fitness=0.0231 (elite=0.0161, Δ=+0.0070), gmean=0.000 (elite=0.000, Δ=+0.000)
2026-01-31 00:27:14 [INFO    ] root:        ✓ HC variant #8 APROVADO (MELHOR): fitness=0.0189 (elite=0.0161, Δ=+0.0027), gmean=0.000 (elite=0.000, Δ=+0.000)
2026-01-31 00:27:14 [WARNING ] root:    [HC] Aprovadas: 8/8 variantes (100.0%)
Gen 12/25 - BestFit: 0.0161 (G-mean: 0.000) | AvgFit: 0.0094 (G-mean: 0.000) | (Diversity: 0.538) | (RuleAct: 94.4) | Mut: 0.617 | Tourn: 3 | Stagn: 10 | Time: 156.59s2026-01-31 00:42:28 [WARNING ] root:    [CACHE] Gen 13: Hits=12/120 (10.0%)
2026-01-31 00:42:28 [INFO    ] root: Gen 13: Preservando 8 elites do pool híbrido (ordenados por G-mean).
Gen 13/25 - BestFit: 0.0234 (G-mean: 0.000) | AvgFit: 0.0113 (G-mean: 0.000) | (Diversity: 0.540) | (RuleAct: 85.6) | Mut: 0.455 | Tourn: 3 | Stagn: 0 | Time: 126.85s2026-01-31 00:59:39 [WARNING ] root:    [CACHE] Gen 14: Hits=8/120 (6.7%)
2026-01-31 00:59:40 [INFO    ] root: Gen 14: Preservando 12 elites do pool híbrido (ordenados por G-mean).
Gen 14/25 - BestFit: 0.0234 (G-mean: 0.000) | AvgFit: 0.0118 (G-mean: 0.000) | (Diversity: 0.490) | (RuleAct: 93.4) | Mut: 0.546 | Tourn: 3 | Stagn: 1 | Time: 183.44s2026-01-31 01:16:32 [WARNING ] root:    [CACHE] Gen 15: Hits=12/120 (10.0%)
2026-01-31 01:16:33 [INFO    ] root: Gen 15: Preservando 12 elites do pool híbrido (ordenados por G-mean).
Gen 15/25 - BestFit: 0.0234 (G-mean: 0.000) | AvgFit: 0.0113 (G-mean: 0.000) | (Diversity: 0.499) | (RuleAct: 94.9) | Mut: 0.528 | Tourn: 3 | Stagn: 2 | Time: 198.02s2026-01-31 01:33:37 [WARNING ] root:    [CACHE] Gen 16: Hits=12/120 (10.0%)
2026-01-31 01:33:37 [INFO    ] root: Gen 16: Preservando 12 elites do pool híbrido (ordenados por G-mean).
Gen 16/25 - BestFit: 0.0234 (G-mean: 0.000) | AvgFit: 0.0110 (G-mean: 0.000) | (Diversity: 0.489) | (RuleAct: 94.7) | Mut: 0.522 | Tourn: 3 | Stagn: 3 | Time: 208.24s2026-01-31 01:50:48 [WARNING ] root:    [CACHE] Gen 17: Hits=12/120 (10.0%)
2026-01-31 01:50:49 [INFO    ] root: Gen 17: Preservando 12 elites do pool híbrido (ordenados por G-mean).
Gen 17/25 - BestFit: 0.0234 (G-mean: 0.000) | AvgFit: 0.0109 (G-mean: 0.000) | (Diversity: 0.485) | (RuleAct: 94.9) | Mut: 0.515 | Tourn: 3 | Stagn: 4 | Time: 210.73s2026-01-31 02:08:04 [WARNING ] root:    [CACHE] Gen 18: Hits=12/120 (10.0%)
2026-01-31 02:08:05 [INFO    ] root: Gen 18: Preservando 12 elites do pool híbrido (ordenados por G-mean).
Gen 18/25 - BestFit: 0.0234 (G-mean: 0.000) | AvgFit: 0.0113 (G-mean: 0.000) | (Diversity: 0.516) | (RuleAct: 95.3) | Mut: 0.534 | Tourn: 3 | Stagn: 5 | Time: 215.59s2026-01-31 02:25:18 [WARNING ] root:    [CACHE] Gen 19: Hits=12/120 (10.0%)
2026-01-31 02:25:19 [INFO    ] root: Gen 19: Preservando 12 elites do pool híbrido (ordenados por G-mean).
Gen 19/25 - BestFit: 0.0234 (G-mean: 0.000) | AvgFit: 0.0109 (G-mean: 0.000) | (Diversity: 0.499) | (RuleAct: 96.5) | Mut: 0.516 | Tourn: 3 | Stagn: 6 | Time: 215.88s2026-01-31 02:42:41 [WARNING ] root:    [CACHE] Gen 20: Hits=12/120 (10.0%)
2026-01-31 02:42:42 [INFO    ] root: Gen 20: Preservando 12 elites do pool híbrido (ordenados por G-mean).
Gen 20/25 - BestFit: 0.0234 (G-mean: 0.000) | AvgFit: 0.0112 (G-mean: 0.000) | (Diversity: 0.501) | (RuleAct: 96.0) | Mut: 0.523 | Tourn: 3 | Stagn: 7 | Time: 223.30s2026-01-31 03:00:11 [WARNING ] root:    [CACHE] Gen 21: Hits=12/120 (10.0%)
2026-01-31 03:00:12 [WARNING ] root: 
2026-01-31 03:00:12 [WARNING ] root:    [GEN 21] Best: Fit=0.0234, Gmean=0.000 | Avg: Fit=0.0111, Gmean=0.000 | Div=0.552 | Stag=8
2026-01-31 03:00:12 [INFO    ] root: Gen 21: Preservando 12 elites do pool híbrido (ordenados por G-mean).
Gen 21/25 - BestFit: 0.0234 (G-mean: 0.000) | AvgFit: 0.0111 (G-mean: 0.000) | (Diversity: 0.552) | (RuleAct: 95.0) | Mut: 0.522 | Tourn: 3 | Stagn: 8 | Time: 225.04s2026-01-31 03:17:39 [WARNING ] root:    [CACHE] Gen 22: Hits=12/120 (10.0%)
2026-01-31 03:17:40 [INFO    ] root: Gen 22: Preservando 12 elites do pool híbrido (ordenados por G-mean).
Gen 22/25 - BestFit: 0.0234 (G-mean: 0.000) | AvgFit: 0.0112 (G-mean: 0.000) | (Diversity: 0.516) | (RuleAct: 95.7) | Mut: 0.523 | Tourn: 3 | Stagn: 9 | Time: 224.43s2026-01-31 03:35:13 [WARNING ] root:    [CACHE] Gen 23: Hits=12/120 (10.0%)
2026-01-31 03:35:14 [WARNING ] root: 
2026-01-31 03:35:14 [WARNING ] root:    [GEN 23] Best: Fit=0.0234, Gmean=0.000 | Avg: Fit=0.0106, Gmean=0.000 | Div=0.572 | Stag=10
2026-01-31 03:35:14 [INFO    ] root: Gen 23: Preservando 12 elites do pool híbrido (ordenados por G-mean).
2026-01-31 03:35:14 [INFO    ] root: 
Estagnação detectada (10 gerações)! Ativando mecanismos de resgate...
2026-01-31 03:35:14 [WARNING ] root: 
2026-01-31 03:35:14 [WARNING ] root:    [HC] Aplicando Hill Climbing (estagnação=10, elite_gmean=0.000)
2026-01-31 03:35:14 [INFO    ] hill_climbing_v2:   -> Hill Climbing V2 HIERÁRQUICO [AGGRESSIVE]
2026-01-31 03:35:14 [INFO    ] hill_climbing_v2:      Elite G-mean: 0.000 → EXPLORAÇÃO AGRESSIVA - HC Inteligente Multi-Estratégia
2026-01-31 03:35:14 [INFO    ] hill_climbing_v2:      Operações: ['error_focused_dt_rules', 'ensemble_boosting', 'guided_mutation']
2026-01-31 03:35:14 [INFO    ] hill_climbing_v2:      Variantes planejadas: 18
2026-01-31 03:35:15 [INFO    ] intelligent_hc:        error_focused_dt_rules: Elite erra em 1572/2000 (78.6%)
2026-01-31 03:35:15 [INFO    ] intelligent_hc:        DT nos erros: acc=0.350, depth=10, nodes=217
2026-01-31 03:35:15 [INFO    ] dt_rule_extraction:   Extração DT: 109 regras extraídas de 217 nós
2026-01-31 03:35:15 [INFO    ] dt_rule_extraction:   Ranqueamento: 109 regras avaliadas
2026-01-31 03:35:15 [INFO    ] dt_rule_extraction:     Top-3 scores: ['0.019', '0.012', '0.012']
2026-01-31 03:35:15 [INFO    ] dt_rule_extraction:     Top-1: coverage=8.33%, accuracy=22.90%
2026-01-31 03:35:15 [INFO    ] intelligent_hc:        Top-3 DT rules: scores=['0.019', '0.012', '0.012']
2026-01-31 03:35:15 [INFO    ] intelligent_hc:        error_focused_dt_rules: 5 variantes geradas
2026-01-31 03:35:15 [INFO    ] hill_climbing_v2:        ✓ error_focused_dt_rules: 5 variantes geradas
2026-01-31 03:35:16 [INFO    ] intelligent_hc:        ensemble_boosting: 1572 erros com peso 3×
2026-01-31 03:35:16 [INFO    ] intelligent_hc:        DT boosted #1: depth=10, acc=0.335
2026-01-31 03:35:16 [INFO    ] dt_rule_extraction:   Extração DT: 111 regras extraídas de 221 nós
2026-01-31 03:35:16 [INFO    ] dt_rule_extraction:   Ranqueamento: 111 regras avaliadas
2026-01-31 03:35:16 [INFO    ] dt_rule_extraction:     Top-3 scores: ['0.011', '0.009', '0.008']
2026-01-31 03:35:16 [INFO    ] dt_rule_extraction:     Top-1: coverage=1.75%, accuracy=60.00%
2026-01-31 03:35:16 [INFO    ] intelligent_hc:        DT boosted #2: depth=12, acc=0.363
2026-01-31 03:35:16 [INFO    ] dt_rule_extraction:   Extração DT: 142 regras extraídas de 283 nós
2026-01-31 03:35:16 [INFO    ] dt_rule_extraction:   Ranqueamento: 142 regras avaliadas
2026-01-31 03:35:16 [INFO    ] dt_rule_extraction:     Top-3 scores: ['0.008', '0.007', '0.007']
2026-01-31 03:35:16 [INFO    ] dt_rule_extraction:     Top-1: coverage=0.85%, accuracy=94.12%
2026-01-31 03:35:16 [INFO    ] intelligent_hc:        DT boosted #3: depth=8, acc=0.251
2026-01-31 03:35:16 [INFO    ] dt_rule_extraction:   Extração DT: 59 regras extraídas de 117 nós
2026-01-31 03:35:16 [INFO    ] dt_rule_extraction:   Ranqueamento: 59 regras avaliadas
2026-01-31 03:35:16 [INFO    ] dt_rule_extraction:     Top-3 scores: ['0.018', '0.014', '0.014']
2026-01-31 03:35:16 [INFO    ] dt_rule_extraction:     Top-1: coverage=3.15%, accuracy=55.56%
2026-01-31 03:35:16 [INFO    ] intelligent_hc:        DT boosted #4: depth=8, acc=0.251
2026-01-31 03:35:16 [INFO    ] dt_rule_extraction:   Extração DT: 59 regras extraídas de 117 nós
2026-01-31 03:35:17 [INFO    ] dt_rule_extraction:   Ranqueamento: 59 regras avaliadas
2026-01-31 03:35:17 [INFO    ] dt_rule_extraction:     Top-3 scores: ['0.018', '0.014', '0.014']
2026-01-31 03:35:17 [INFO    ] dt_rule_extraction:     Top-1: coverage=3.15%, accuracy=55.56%
2026-01-31 03:35:17 [INFO    ] intelligent_hc:        ensemble_boosting: 4 variantes geradas
2026-01-31 03:35:17 [INFO    ] hill_climbing_v2:        ✓ ensemble_boosting: 4 variantes geradas
2026-01-31 03:35:17 [INFO    ] intelligent_hc:        guided_mutation: Top-5 features: ['epoch', 'humidity', 'temperature', 'voltage', 'light']
2026-01-31 03:35:17 [INFO    ] intelligent_hc:        importâncias: ['0.119', '0.138', '0.160', '0.201', '0.382']
2026-01-31 03:35:17 [INFO    ] intelligent_hc:        guided_mutation: 4 variantes geradas
2026-01-31 03:35:17 [INFO    ] hill_climbing_v2:        ✓ guided_mutation: 4 variantes geradas
2026-01-31 03:35:17 [INFO    ] hill_climbing_v2:      Total gerado: 13 variantes, retornando 8 (limite: 8)
2026-01-31 03:35:17 [WARNING ] root:    [HC] Geradas 8 variantes, avaliando...
2026-01-31 03:35:18 [INFO    ] root:        ✓ HC variant #1 APROVADO (TOLERÂNCIA): fitness=0.0217 (elite=0.0234, Δ=-0.0016), gmean=0.000 (elite=0.000, Δ=+0.000)
2026-01-31 03:35:18 [INFO    ] root:        ✓ HC variant #2 APROVADO (TOLERÂNCIA): fitness=0.0217 (elite=0.0234, Δ=-0.0016), gmean=0.000 (elite=0.000, Δ=+0.000)
2026-01-31 03:35:19 [INFO    ] root:        ✓ HC variant #3 APROVADO (TOLERÂNCIA): fitness=0.0217 (elite=0.0234, Δ=-0.0016), gmean=0.000 (elite=0.000, Δ=+0.000)
2026-01-31 03:35:20 [INFO    ] root:        ✓ HC variant #4 APROVADO (TOLERÂNCIA): fitness=0.0217 (elite=0.0234, Δ=-0.0016), gmean=0.000 (elite=0.000, Δ=+0.000)
2026-01-31 03:35:20 [INFO    ] root:        ✓ HC variant #5 APROVADO (TOLERÂNCIA): fitness=0.0217 (elite=0.0234, Δ=-0.0016), gmean=0.000 (elite=0.000, Δ=+0.000)
2026-01-31 03:35:21 [INFO    ] root:        ✓ HC variant #6 APROVADO (MELHOR): fitness=0.0259 (elite=0.0234, Δ=+0.0025), gmean=0.000 (elite=0.000, Δ=+0.000)
2026-01-31 03:35:21 [INFO    ] root:        ✓ HC variant #7 APROVADO (MELHOR): fitness=0.0241 (elite=0.0234, Δ=+0.0007), gmean=0.000 (elite=0.000, Δ=+0.000)
2026-01-31 03:35:22 [INFO    ] root:        ✓ HC variant #8 APROVADO (MELHOR): fitness=0.0242 (elite=0.0234, Δ=+0.0008), gmean=0.000 (elite=0.000, Δ=+0.000)
2026-01-31 03:35:22 [WARNING ] root:    [HC] Aprovadas: 8/8 variantes (100.0%)
Gen 23/25 - BestFit: 0.0234 (G-mean: 0.000) | AvgFit: 0.0106 (G-mean: 0.000) | (Diversity: 0.572) | (RuleAct: 96.4) | Mut: 0.504 | Tourn: 3 | Stagn: 10 | Time: 231.25s2026-01-31 03:51:12 [WARNING ] root:    [CACHE] Gen 24: Hits=12/120 (10.0%)
2026-01-31 03:51:13 [WARNING ] root: 
2026-01-31 03:51:13 [WARNING ] root:    [GEN 24] Best: Fit=0.0259, Gmean=0.000 | Avg: Fit=0.0119, Gmean=0.000 | Div=0.449 | Stag=0
2026-01-31 03:51:13 [INFO    ] root: Gen 24: Preservando 8 elites do pool híbrido (ordenados por G-mean).
