2026-01-16 12:51:47 [INFO    ] root: Configuration loaded successfully from /content/drive/Othercomputers/Laptop-CIn/Downloads/DSL-AG-hybrid/config_test_drift_recovery.yaml
2026-01-16 12:51:47 [INFO    ] root: Configuration loaded successfully from /content/drive/Othercomputers/Laptop-CIn/Downloads/DSL-AG-hybrid/config_test_drift_recovery.yaml
2026-01-16 12:51:47 [INFO    ] main: ===== Starting Experiment Execution with Loaded Configuration =====
2026-01-16 12:51:47 [INFO    ] main: Using configuration file: /content/drive/Othercomputers/Laptop-CIn/Downloads/DSL-AG-hybrid/config_test_drift_recovery.yaml
2026-01-16 12:51:47 [INFO    ] main: Relative base_results_dir resolved: /content/drive/Othercomputers/Laptop-CIn/Downloads/DSL-AG-hybrid/experiments_unified/chunk_500_penalty/batch_2
2026-01-16 12:51:47 [INFO    ] main: Execution mode set to: 'unified_pregenerated'
2026-01-16 12:51:47 [INFO    ] main: Running in UNIFIED PREGENERATED mode. Found 9 experiments to run.
2026-01-16 12:51:47 [INFO    ] main: Pre-generated chunks directory: /content/drive/Othercomputers/Laptop-CIn/Downloads/DSL-AG-hybrid/unified_chunks/chunk_500
2026-01-16 12:51:48 [INFO    ] main: [RESUME] SKIPPING 'RBF_Gradual_Severe_Noise': Already complete (23/23 chunks)
2026-01-16 12:51:50 [INFO    ] main: [RESUME] SKIPPING 'HYPERPLANE_Gradual_Noise': Already complete (23/23 chunks)
2026-01-16 12:51:50 [INFO    ] main: [RESUME] SKIPPING 'RANDOMTREE_Gradual_Noise': Already complete (23/23 chunks)
2026-01-16 12:51:52 [INFO    ] main: [RESUME] SKIPPING 'SINE_Abrupt_Simple': Already complete (23/23 chunks)
2026-01-16 12:51:52 [INFO    ] main: [RESUME] SKIPPING 'SINE_Gradual_Recurring': Already complete (23/23 chunks)
2026-01-16 12:51:53 [INFO    ] main: [RESUME] SKIPPING 'LED_Abrupt_Simple': Already complete (23/23 chunks)
2026-01-16 12:51:54 [INFO    ] main: [RESUME] SKIPPING 'WAVEFORM_Abrupt_Simple': Already complete (23/23 chunks)
2026-01-16 12:51:55 [INFO    ] main: [RESUME] SKIPPING 'WAVEFORM_Gradual_Simple': Already complete (23/23 chunks)
2026-01-16 12:51:55 [INFO    ] main: [RESUME] SKIPPING 'RANDOMTREE_Abrupt_Recurring': Already complete (23/23 chunks)
2026-01-16 12:51:55 [INFO    ] main: ====== Generating Final Summary Reports ======
2026-01-16 12:51:55 [WARNING ] main: No dataset summaries available for final reports.
2026-01-16 12:51:55 [INFO    ] main: Total experiment duration: 8.50 seconds.
2026-01-16 12:51:55 [INFO    ] main: ===== Experiment Execution Finished =====
