This is pdfTeX, Version 3.141592653-2.6-1.40.25 (MiKTeX 24.1) (preloaded format=pdflatex 2025.12.16)  4 MAR 2026 14:14
entering extended mode
 restricted \write18 enabled.
 %&-line parsing enabled.
**./main.tex
(main.tex
LaTeX2e <2023-11-01> patch level 1
L3 programming layer <2024-01-04>
(C:\Program Files\MiKTeX\tex/latex/ieeetran\IEEEtran.cls
Document Class: IEEEtran 2015/08/26 V1.8b by Michael Shell
-- See the "IEEEtran_HOWTO" manual for usage information.
-- http://www.michaelshell.org/tex/ieeetran/
\@IEEEtrantmpdimenA=\dimen140
\@IEEEtrantmpdimenB=\dimen141
\@IEEEtrantmpdimenC=\dimen142
\@IEEEtrantmpcountA=\count187
\@IEEEtrantmpcountB=\count188
\@IEEEtrantmpcountC=\count189
\@IEEEtrantmptoksA=\toks17
LaTeX Font Info:    Trying to load font information for OT1+ptm on input line 5
03.
(C:\Program Files\MiKTeX\tex/latex/psnfss\ot1ptm.fd
File: ot1ptm.fd 2001/06/04 font definitions for OT1/ptm.
)
-- Using 8.5in x 11in (letter) paper.
-- Using PDF output.
\@IEEEnormalsizeunitybaselineskip=\dimen143
-- This is a 10 point document.
\CLASSINFOnormalsizebaselineskip=\dimen144
\CLASSINFOnormalsizeunitybaselineskip=\dimen145
\IEEEnormaljot=\dimen146
LaTeX Font Info:    Font shape `OT1/ptm/bx/n' in size <5> not available
(Font)              Font shape `OT1/ptm/b/n' tried instead on input line 1090.
LaTeX Font Info:    Font shape `OT1/ptm/bx/it' in size <5> not available
(Font)              Font shape `OT1/ptm/b/it' tried instead on input line 1090.

LaTeX Font Info:    Font shape `OT1/ptm/bx/n' in size <7> not available
(Font)              Font shape `OT1/ptm/b/n' tried instead on input line 1090.
LaTeX Font Info:    Font shape `OT1/ptm/bx/it' in size <7> not available
(Font)              Font shape `OT1/ptm/b/it' tried instead on input line 1090.

LaTeX Font Info:    Font shape `OT1/ptm/bx/n' in size <8> not available
(Font)              Font shape `OT1/ptm/b/n' tried instead on input line 1090.
LaTeX Font Info:    Font shape `OT1/ptm/bx/it' in size <8> not available
(Font)              Font shape `OT1/ptm/b/it' tried instead on input line 1090.

LaTeX Font Info:    Font shape `OT1/ptm/bx/n' in size <9> not available
(Font)              Font shape `OT1/ptm/b/n' tried instead on input line 1090.
LaTeX Font Info:    Font shape `OT1/ptm/bx/it' in size <9> not available
(Font)              Font shape `OT1/ptm/b/it' tried instead on input line 1090.

LaTeX Font Info:    Font shape `OT1/ptm/bx/n' in size <10> not available
(Font)              Font shape `OT1/ptm/b/n' tried instead on input line 1090.
LaTeX Font Info:    Font shape `OT1/ptm/bx/it' in size <10> not available
(Font)              Font shape `OT1/ptm/b/it' tried instead on input line 1090.

LaTeX Font Info:    Font shape `OT1/ptm/bx/n' in size <11> not available
(Font)              Font shape `OT1/ptm/b/n' tried instead on input line 1090.
LaTeX Font Info:    Font shape `OT1/ptm/bx/it' in size <11> not available
(Font)              Font shape `OT1/ptm/b/it' tried instead on input line 1090.

LaTeX Font Info:    Font shape `OT1/ptm/bx/n' in size <12> not available
(Font)              Font shape `OT1/ptm/b/n' tried instead on input line 1090.
LaTeX Font Info:    Font shape `OT1/ptm/bx/it' in size <12> not available
(Font)              Font shape `OT1/ptm/b/it' tried instead on input line 1090.

LaTeX Font Info:    Font shape `OT1/ptm/bx/n' in size <17> not available
(Font)              Font shape `OT1/ptm/b/n' tried instead on input line 1090.
LaTeX Font Info:    Font shape `OT1/ptm/bx/it' in size <17> not available
(Font)              Font shape `OT1/ptm/b/it' tried instead on input line 1090.

LaTeX Font Info:    Font shape `OT1/ptm/bx/n' in size <20> not available
(Font)              Font shape `OT1/ptm/b/n' tried instead on input line 1090.
LaTeX Font Info:    Font shape `OT1/ptm/bx/it' in size <20> not available
(Font)              Font shape `OT1/ptm/b/it' tried instead on input line 1090.

LaTeX Font Info:    Font shape `OT1/ptm/bx/n' in size <24> not available
(Font)              Font shape `OT1/ptm/b/n' tried instead on input line 1090.
LaTeX Font Info:    Font shape `OT1/ptm/bx/it' in size <24> not available
(Font)              Font shape `OT1/ptm/b/it' tried instead on input line 1090.

\IEEEquantizedlength=\dimen147
\IEEEquantizedlengthdiff=\dimen148
\IEEEquantizedtextheightdiff=\dimen149
\IEEEilabelindentA=\dimen150
\IEEEilabelindentB=\dimen151
\IEEEilabelindent=\dimen152
\IEEEelabelindent=\dimen153
\IEEEdlabelindent=\dimen154
\IEEElabelindent=\dimen155
\IEEEiednormlabelsep=\dimen156
\IEEEiedmathlabelsep=\dimen157
\IEEEiedtopsep=\skip48
\c@section=\count190
\c@subsection=\count191
\c@subsubsection=\count192
\c@paragraph=\count193
\c@IEEEsubequation=\count194
\abovecaptionskip=\skip49
\belowcaptionskip=\skip50
\c@figure=\count195
\c@table=\count196
\@IEEEeqnnumcols=\count197
\@IEEEeqncolcnt=\count198
\@IEEEsubeqnnumrollback=\count199
\@IEEEquantizeheightA=\dimen158
\@IEEEquantizeheightB=\dimen159
\@IEEEquantizeheightC=\dimen160
\@IEEEquantizeprevdepth=\dimen161
\@IEEEquantizemultiple=\count266
\@IEEEquantizeboxA=\box51
\@IEEEtmpitemindent=\dimen162
\IEEEPARstartletwidth=\dimen163
\c@IEEEbiography=\count267
\@IEEEtranrubishbin=\box52
) (C:\Program Files\MiKTeX\tex/latex/amsmath\amsmath.sty
Package: amsmath 2023/05/13 v2.17o AMS math features
\@mathmargin=\skip51

For additional information on amsmath, use the `?' option.
(C:\Program Files\MiKTeX\tex/latex/amsmath\amstext.sty
Package: amstext 2021/08/26 v2.01 AMS text

(C:\Program Files\MiKTeX\tex/latex/amsmath\amsgen.sty
File: amsgen.sty 1999/11/30 v2.0 generic functions
\@emptytoks=\toks18
\ex@=\dimen164
))
(C:\Program Files\MiKTeX\tex/latex/amsmath\amsbsy.sty
Package: amsbsy 1999/11/29 v1.2d Bold Symbols
\pmbraise@=\dimen165
)
(C:\Program Files\MiKTeX\tex/latex/amsmath\amsopn.sty
Package: amsopn 2022/04/08 v2.04 operator names
)
\inf@bad=\count268
LaTeX Info: Redefining \frac on input line 234.
\uproot@=\count269
\leftroot@=\count270
LaTeX Info: Redefining \overline on input line 399.
LaTeX Info: Redefining \colon on input line 410.
\classnum@=\count271
\DOTSCASE@=\count272
LaTeX Info: Redefining \ldots on input line 496.
LaTeX Info: Redefining \dots on input line 499.
LaTeX Info: Redefining \cdots on input line 620.
\Mathstrutbox@=\box53
\strutbox@=\box54
LaTeX Info: Redefining \big on input line 722.
LaTeX Info: Redefining \Big on input line 723.
LaTeX Info: Redefining \bigg on input line 724.
LaTeX Info: Redefining \Bigg on input line 725.
\big@size=\dimen166
LaTeX Font Info:    Redeclaring font encoding OML on input line 743.
LaTeX Font Info:    Redeclaring font encoding OMS on input line 744.
\macc@depth=\count273
LaTeX Info: Redefining \bmod on input line 905.
LaTeX Info: Redefining \pmod on input line 910.
LaTeX Info: Redefining \smash on input line 940.
LaTeX Info: Redefining \relbar on input line 970.
LaTeX Info: Redefining \Relbar on input line 971.
\c@MaxMatrixCols=\count274
\dotsspace@=\muskip16
\c@parentequation=\count275
\dspbrk@lvl=\count276
\tag@help=\toks19
\row@=\count277
\column@=\count278
\maxfields@=\count279
\andhelp@=\toks20
\eqnshift@=\dimen167
\alignsep@=\dimen168
\tagshift@=\dimen169
\tagwidth@=\dimen170
\totwidth@=\dimen171
\lineht@=\dimen172
\@envbody=\toks21
\multlinegap=\skip52
\multlinetaggap=\skip53
\mathdisplay@stack=\toks22
LaTeX Info: Redefining \[ on input line 2953.
LaTeX Info: Redefining \] on input line 2954.
)
(C:\Program Files\MiKTeX\tex/latex/amsfonts\amssymb.sty
Package: amssymb 2013/01/14 v3.01 AMS font symbols

(C:\Program Files\MiKTeX\tex/latex/amsfonts\amsfonts.sty
Package: amsfonts 2013/01/14 v3.01 Basic AMSFonts support
\symAMSa=\mathgroup4
\symAMSb=\mathgroup5
LaTeX Font Info:    Redeclaring math symbol \hbar on input line 98.
LaTeX Font Info:    Overwriting math alphabet `\mathfrak' in version `bold'
(Font)                  U/euf/m/n --> U/euf/b/n on input line 106.
))
(C:\Program Files\MiKTeX\tex/latex/algorithms\algorithmic.sty
Package: algorithmic 2009/08/24 v0.1 Document Style `algorithmic'

(C:\Program Files\MiKTeX\tex/latex/base\ifthen.sty
Package: ifthen 2022/04/13 v1.1d Standard LaTeX ifthen package (DPC)
)
(C:\Program Files\MiKTeX\tex/latex/graphics\keyval.sty
Package: keyval 2022/05/29 v1.15 key=value parser (DPC)
\KV@toks@=\toks23
)
\c@ALC@unique=\count280
\c@ALC@line=\count281
\c@ALC@rem=\count282
\c@ALC@depth=\count283
\ALC@tlm=\skip54
\algorithmicindent=\skip55
)
(C:\Program Files\MiKTeX\tex/latex/algorithms\algorithm.sty
Package: algorithm 2009/08/24 v0.1 Document Style `algorithm' - floating enviro
nment

(C:\Program Files\MiKTeX\tex/latex/float\float.sty
Package: float 2001/11/08 v1.3d Float enhancements (AL)
\c@float@type=\count284
\float@exts=\toks24
\float@box=\box55
\@float@everytoks=\toks25
\@floatcapt=\box56
)
\@float@every@algorithm=\toks26
\c@algorithm=\count285
)
(C:\Program Files\MiKTeX\tex/latex/tools\array.sty
Package: array 2023/10/16 v2.5g Tabular extension package (FMi)
\col@sep=\dimen173
\ar@mcellbox=\box57
\extrarowheight=\dimen174
\NC@list=\toks27
\extratabsurround=\skip56
\backup@length=\skip57
\ar@cellbox=\box58
)
(C:\Program Files\MiKTeX\tex/latex/subfig\subfig.sty
Package: subfig 2005/06/28 ver: 1.3 subfig package

(C:\Program Files\MiKTeX\tex/latex/caption\caption3.sty
Package: caption3 2023/07/31 v2.4d caption3 kernel (AR)
\caption@tempdima=\dimen175
\captionmargin=\dimen176
\caption@leftmargin=\dimen177
\caption@rightmargin=\dimen178
\caption@width=\dimen179
\caption@indent=\dimen180
\caption@parindent=\dimen181
\caption@hangindent=\dimen182
Package caption Info: Unknown document class (or package),
(caption)             standard defaults will be used.
Package caption Info: \@makecaption = \long macro:#1#2->\ifx \@captype \@IEEEta
blestring \footnotesize \bgroup \par \centering \@IEEEtabletopskipstrut {\norma
lfont \footnotesize #1}\\{\normalfont \footnotesize \scshape #2}\par \addvspace
 {0.5\baselineskip }\egroup \@IEEEtablecaptionsepspace \else \@IEEEfigurecaptio
nsepspace \setbox \@tempboxa \hbox {\normalfont \footnotesize {#1.}\nobreakspac
e \nobreakspace #2}\ifdim \wd \@tempboxa >\hsize \setbox \@tempboxa \hbox {\nor
malfont \footnotesize {#1.}\nobreakspace \nobreakspace }\parbox [t]{\hsize }{\n
ormalfont \footnotesize \noindent \unhbox \@tempboxa #2}\else \ifCLASSOPTIONcon
ference \hbox to\hsize {\normalfont \footnotesize \hfil \box \@tempboxa \hfil }
\else \hbox to\hsize {\normalfont \footnotesize \box \@tempboxa \hfil }\fi \fi 
\fi  on input line 1175.
)
\c@KVtest=\count286
\sf@farskip=\skip58
\sf@captopadj=\dimen183
\sf@capskip=\skip59
\sf@nearskip=\skip60
\c@subfigure=\count287
\c@subfigure@save=\count288
\c@lofdepth=\count289
\c@subtable=\count290
\c@subtable@save=\count291
\c@lotdepth=\count292
\sf@top=\skip61
\sf@bottom=\skip62
)
(C:\Program Files\MiKTeX\tex/latex/base\textcomp.sty
Package: textcomp 2020/02/02 v2.0n Standard LaTeX package
)
(C:\Program Files\MiKTeX\tex/latex/url\url.sty
\Urlmuskip=\muskip17
Package: url 2013/09/16  ver 3.4  Verb mode for urls, etc.
)
(C:\Program Files\MiKTeX\tex/latex/graphics\graphicx.sty
Package: graphicx 2021/09/16 v1.2d Enhanced LaTeX Graphics (DPC,SPQR)

(C:\Program Files\MiKTeX\tex/latex/graphics\graphics.sty
Package: graphics 2022/03/10 v1.4e Standard LaTeX Graphics (DPC,SPQR)

(C:\Program Files\MiKTeX\tex/latex/graphics\trig.sty
Package: trig 2021/08/11 v1.11 sin cos tan (DPC)
)
(C:\Program Files\MiKTeX\tex/latex/graphics-cfg\graphics.cfg
File: graphics.cfg 2016/06/04 v1.11 sample graphics configuration
)
Package graphics Info: Driver file: pdftex.def on input line 107.

(C:\Program Files\MiKTeX\tex/latex/graphics-def\pdftex.def
File: pdftex.def 2022/09/22 v1.2b Graphics/color driver for pdftex
))
\Gin@req@height=\dimen184
\Gin@req@width=\dimen185
)
(C:\Program Files\MiKTeX\tex/latex/cite\cite.sty
LaTeX Info: Redefining \cite on input line 302.
LaTeX Info: Redefining \nocite on input line 332.
Package: cite 2015/02/27  v 5.5
)
(C:\Program Files\MiKTeX\tex/latex/xcolor\xcolor.sty
Package: xcolor 2023/11/15 v3.01 LaTeX color extensions (UK)

(C:\Program Files\MiKTeX\tex/latex/graphics-cfg\color.cfg
File: color.cfg 2016/01/02 v1.6 sample color configuration
)
Package xcolor Info: Driver file: pdftex.def on input line 274.

(C:\Program Files\MiKTeX\tex/latex/graphics\mathcolor.ltx)
Package xcolor Info: Model `cmy' substituted by `cmy0' on input line 1350.
Package xcolor Info: Model `hsb' substituted by `rgb' on input line 1354.
Package xcolor Info: Model `RGB' extended on input line 1366.
Package xcolor Info: Model `HTML' substituted by `rgb' on input line 1368.
Package xcolor Info: Model `Hsb' substituted by `hsb' on input line 1369.
Package xcolor Info: Model `tHsb' substituted by `hsb' on input line 1370.
Package xcolor Info: Model `HSB' substituted by `hsb' on input line 1371.
Package xcolor Info: Model `Gray' substituted by `gray' on input line 1372.
Package xcolor Info: Model `wave' substituted by `hsb' on input line 1373.
)
(C:\Program Files\MiKTeX\tex/latex/booktabs\booktabs.sty
Package: booktabs 2020/01/12 v1.61803398 Publication quality tables
\heavyrulewidth=\dimen186
\lightrulewidth=\dimen187
\cmidrulewidth=\dimen188
\belowrulesep=\dimen189
\belowbottomsep=\dimen190
\aboverulesep=\dimen191
\abovetopsep=\dimen192
\cmidrulesep=\dimen193
\cmidrulekern=\dimen194
\defaultaddspace=\dimen195
\@cmidla=\count293
\@cmidlb=\count294
\@aboverulesep=\dimen196
\@belowrulesep=\dimen197
\@thisruleclass=\count295
\@lastruleclass=\count296
\@thisrulewidth=\dimen198
)
(C:\Program Files\MiKTeX\tex/latex/multirow\multirow.sty
Package: multirow 2024/11/12 v2.9 Span multiple rows of a table
\multirow@colwidth=\skip63
\multirow@cntb=\count297
\multirow@dima=\skip64
\bigstrutjot=\dimen199
)
(C:\Program Files\MiKTeX\tex/latex/tools\longtable.sty
Package: longtable 2023-11-01 v4.19 Multi-page Table package (DPC)
\LTleft=\skip65
\LTright=\skip66
\LTpre=\skip67
\LTpost=\skip68
\LTchunksize=\count298
\LTcapwidth=\dimen256
\LT@head=\box59
\LT@firsthead=\box60
\LT@foot=\box61
\LT@lastfoot=\box62
\LT@gbox=\box63
\LT@cols=\count299
\LT@rows=\count300
\c@LT@tables=\count301
\c@LT@chunks=\count302
\LT@p@ftn=\toks28
)
(C:\Program Files\MiKTeX\tex/latex/pdflscape\pdflscape.sty
Package: pdflscape 2022-10-27 v0.13 Display of landscape pages in PDF

(C:\Program Files\MiKTeX\tex/latex/pdflscape\pdflscape-nometadata.sty
Package: pdflscape-nometadata 2022-10-28 v0.13 Display of landscape pages in PD
F (HO)

(C:\Program Files\MiKTeX\tex/generic/iftex\iftex.sty
Package: iftex 2022/02/03 v1.0f TeX engine tests
)
(C:\Program Files\MiKTeX\tex/latex/graphics\lscape.sty
Package: lscape 2020/05/28 v3.02 Landscape Pages (DPC)
)
Package pdflscape Info: Auto-detected driver: pdftex on input line 81.
))
(C:\Program Files\MiKTeX\tex/latex/graphics\rotating.sty
Package: rotating 2016/08/11 v2.16d rotated objects in LaTeX
\c@r@tfl@t=\count303
\rotFPtop=\skip69
\rotFPbot=\skip70
\rot@float@box=\box64
\rot@mess@toks=\toks29
)
(C:\Program Files\MiKTeX\tex/latex/microtype\microtype.sty
Package: microtype 2025/07/09 v3.2b Micro-typographical refinements (RS)

(C:\Program Files\MiKTeX\tex/latex/etoolbox\etoolbox.sty
Package: etoolbox 2020/10/05 v2.5k e-TeX tools for LaTeX (JAW)
\etb@tempcnta=\count304
)
\MT@toks=\toks30
\MT@tempbox=\box65
\MT@count=\count305
LaTeX Info: Redefining \noprotrusionifhmode on input line 1087.
LaTeX Info: Redefining \leftprotrusion on input line 1088.
\MT@prot@toks=\toks31
LaTeX Info: Redefining \rightprotrusion on input line 1107.
LaTeX Info: Redefining \textls on input line 1449.
\MT@outer@kern=\dimen257
LaTeX Info: Redefining \microtypecontext on input line 2053.
LaTeX Info: Redefining \textmicrotypecontext on input line 2070.
\MT@listname@count=\count306

(C:\Program Files\MiKTeX\tex/latex/microtype\microtype-pdftex.def
File: microtype-pdftex.def 2025/07/09 v3.2b Definitions specific to pdftex (RS)

LaTeX Info: Redefining \lsstyle on input line 944.
LaTeX Info: Redefining \lslig on input line 944.
\MT@outer@space=\skip71
)
Package microtype Info: Loading configuration file microtype.cfg.

(C:\Program Files\MiKTeX\tex/latex/microtype\microtype.cfg
File: microtype.cfg 2025/07/09 v3.2b microtype main configuration file (RS)
)
LaTeX Info: Redefining \microtypesetup on input line 3065.
)
(C:\Program Files\MiKTeX\tex/latex/l3backend\l3backend-pdftex.def
File: l3backend-pdftex.def 2024-01-04 L3 backend support: PDF output (pdfTeX)
\l__color_backend_stack_int=\count307
\l__pdf_internal_box=\box66
)

LaTeX Warning: Unused global option(s):
    [lettersize].

(main.aux)
\openout1 = `main.aux'.

LaTeX Font Info:    Checking defaults for OML/cmm/m/it on input line 56.
LaTeX Font Info:    ... okay on input line 56.
LaTeX Font Info:    Checking defaults for OMS/cmsy/m/n on input line 56.
LaTeX Font Info:    ... okay on input line 56.
LaTeX Font Info:    Checking defaults for OT1/cmr/m/n on input line 56.
LaTeX Font Info:    ... okay on input line 56.
LaTeX Font Info:    Checking defaults for T1/cmr/m/n on input line 56.
LaTeX Font Info:    ... okay on input line 56.
LaTeX Font Info:    Checking defaults for TS1/cmr/m/n on input line 56.
LaTeX Font Info:    ... okay on input line 56.
LaTeX Font Info:    Checking defaults for OMX/cmex/m/n on input line 56.
LaTeX Font Info:    ... okay on input line 56.
LaTeX Font Info:    Checking defaults for U/cmr/m/n on input line 56.
LaTeX Font Info:    ... okay on input line 56.

-- Lines per column: 58 (exact).
Package caption Info: Begin \AtBeginDocument code.
Package caption Info: subfig package v1.3 is loaded.
Package caption Info: End \AtBeginDocument code.
(C:\Program Files\MiKTeX\tex/context/base/mkii\supp-pdf.mkii
[Loading MPS to PDF converter (version 2006.09.02).]
\scratchcounter=\count308
\scratchdimen=\dimen258
\scratchbox=\box67
\nofMPsegments=\count309
\nofMParguments=\count310
\everyMPshowfont=\toks32
\MPscratchCnt=\count311
\MPscratchDim=\dimen259
\MPnumerator=\count312
\makeMPintoPDFobject=\count313
\everyMPtoPDFconversion=\toks33
) (C:\Program Files\MiKTeX\tex/latex/epstopdf-pkg\epstopdf-base.sty
Package: epstopdf-base 2020-01-24 v2.11 Base part for package epstopdf
Package epstopdf-base Info: Redefining graphics rule for `.eps' on input line 4
85.

(C:\Program Files\MiKTeX\tex/latex/00miktex\epstopdf-sys.cfg
File: epstopdf-sys.cfg 2021/03/18 v2.0 Configuration of epstopdf for MiKTeX
))
LaTeX Info: Redefining \microtypecontext on input line 56.
Package microtype Info: Applying patch `item' on input line 56.
Package microtype Info: Applying patch `toc' on input line 56.
Package microtype Info: Applying patch `eqnum' on input line 56.
Package microtype Info: Applying patch `footnote' on input line 56.
Package microtype Info: Applying patch `verbatim' on input line 56.
LaTeX Info: Redefining \microtypesetup on input line 56.
Package microtype Info: Generating PDF output.
Package microtype Info: Character protrusion enabled (level 2),
(microtype)             factor: 1100.
Package microtype Info: Using default protrusion set `alltext'.
Package microtype Info: Automatic font expansion enabled (level 2),
(microtype)             stretch: 20, shrink: 20, step: 1, non-selected.
Package microtype Info: Using default expansion set `alltext-nott'.
Package microtype Info: Patching command `\showhyphens'.
Package microtype Info: No adjustment of tracking.
Package microtype Info: No adjustment of interword spacing.
Package microtype Info: No adjustment of character kerning.

(C:\Program Files\MiKTeX\tex/latex/microtype\mt-ptm.cfg
File: mt-ptm.cfg 2006/04/20 v1.7 microtype config. file: Times (RS)
)
Underfull \hbox (badness 2790) in paragraph at lines 73--75
[]\OT1/ptm/b/it/9 (+20) Index Terms\OT1/ptm/b/n/9 (+20) ---Data stream classifi
cation, concept drift,
 []

(C:\Program Files\MiKTeX\tex/latex/microtype\mt-cmr.cfg
File: mt-cmr.cfg 2013/05/19 v2.2 microtype config. file: Computer Modern Roman 
(RS)
)
LaTeX Font Info:    Trying to load font information for U+msa on input line 91.


(C:\Program Files\MiKTeX\tex/latex/amsfonts\umsa.fd
File: umsa.fd 2013/01/14 v3.01 AMS symbols A
)
(C:\Program Files\MiKTeX\tex/latex/microtype\mt-msa.cfg
File: mt-msa.cfg 2006/02/04 v1.1 microtype config. file: AMS symbols (a) (RS)
)
LaTeX Font Info:    Trying to load font information for U+msb on input line 91.


(C:\Program Files\MiKTeX\tex/latex/amsfonts\umsb.fd
File: umsb.fd 2013/01/14 v3.01 AMS symbols B
)
(C:\Program Files\MiKTeX\tex/latex/microtype\mt-msb.cfg
File: mt-msb.cfg 2005/06/01 v1.0 microtype config. file: AMS symbols (b) (RS)
) [1{C:/Users/Leandro Almeida/AppData/Local/MiKTeX/fonts/map/pdftex/pdftex.map}
{C:/Program Files/MiKTeX/fonts/enc/dvips/base/8r.enc}


]
Underfull \hbox (badness 2547) in paragraph at lines 107--108
\OT1/ptm/m/n/10 (+20) from spe-cial-ized de-ci-sion trees and in-jects them
 []


Underfull \hbox (badness 1394) in paragraph at lines 126--127
\OT1/ptm/m/n/10 (+20) e-sis space to rule-based clas-si-fiers of the form $\OMS
/cmsy/m/n/10 R \OT1/cmr/m/n/10 =
 []


Underfull \hbox (badness 1917) in paragraph at lines 150--151
\OT1/ptm/m/n/10 (+20) of drift de-tec-tors, high-light-ing the sensitivity-spec
ificity
 []


Underfull \hbox (badness 2512) in paragraph at lines 152--153
\OT1/ptm/m/n/10 (+20) weighted en-sem-ble strate-gies [29], and diversity-drive
n
 []

[2]
Underfull \hbox (badness 1430) in paragraph at lines 156--157
\OT1/ptm/m/n/10 (+20) in data stream classification [31]. On-line Bag-ging and
 []


Underfull \hbox (badness 1708) in paragraph at lines 156--157
\OT1/ptm/m/n/10 (+20) Poisson-distributed in-stance weights. Dy-namic Weighted
 []


Underfull \hbox (badness 1748) in paragraph at lines 176--177
\OT1/ptm/m/n/10 (+20) across prob-lem in-stances [15]. Ap-proaches range from
 []


Underfull \hbox (badness 2384) in paragraph at lines 176--177
\OT1/ptm/m/n/10 (+20) strat-egy pa-ram-e-ters co-evolve with so-lu-tion pa-ram-
e-ters.
 []

[3]
Underfull \hbox (badness 2582) in paragraph at lines 194--195
[]\OT1/ptm/m/n/10 (+20) EGIS em-ploys grammatical evolution to main-tain a
 []


Underfull \hbox (badness 1668) in paragraph at lines 223--225
\OT1/ptm/m/n/10 (+20) A class-weighted cov-er-age bonus fur-ther re-wards rules

 []

[4]
Underfull \hbox (badness 1721) in paragraph at lines 251--252
\OT1/ptm/m/n/10 (+20) op-er-a-tors that bal-ance ex-plo-ration of the search sp
ace
 []


Underfull \hbox (badness 1418) in paragraph at lines 259--260
\OT1/ptm/m/n/10 (+20) at zero ad-justs the thresh-old while re-spect-ing at-tri
bute
 []


Underfull \hbox (badness 1728) in paragraph at lines 281--283
\OT1/ptm/m/n/10 (+20) fea-ture means, class dis-tri-bu-tions, and fea-ture stan
-dard
 []


Underfull \hbox (badness 1521) in paragraph at lines 281--283
\OT1/ptm/m/n/10 (+20) re-sponses: \OT1/ptm/m/it/10 (+20) sta-ble \OT1/ptm/m/n/1
0 (+20) ($\OML/cmm/m/it/10 S < \OT1/cmr/m/n/10 0\OML/cmm/m/it/10 :\OT1/cmr/m/n/
10 05$\OT1/ptm/m/n/10 (+20) , nor-mal op-er-a-tion), \OT1/ptm/m/it/10 (+20) mil
d
 []


Overfull \hbox (40.00198pt too wide) in paragraph at lines 304--306
[]\OT1/cmr/m/n/10 (\OML/cmm/m/it/10 r[]; r[]\OT1/cmr/m/n/10 ) = 1 \OMS/cmsy/m/n
/10 ^^@ []\OT1/cmr/m/n/10 ([](\OML/cmm/m/it/10 r[]\OT1/cmr/m/n/10 )\OML/cmm/m/i
t/10 ; []\OT1/cmr/m/n/10 (\OML/cmm/m/it/10 r[]\OT1/cmr/m/n/10 ))\OML/cmm/m/it/1
0 = []\OT1/cmr/m/n/10 (\OMS/cmsy/m/n/10 j[]\OT1/cmr/m/n/10 (\OML/cmm/m/it/10 r[
]\OT1/cmr/m/n/10 )\OMS/cmsy/m/n/10 j\OML/cmm/m/it/10 ; \OMS/cmsy/m/n/10 j[]\OT1
/cmr/m/n/10 (\OML/cmm/m/it/10 r[]\OT1/cmr/m/n/10 )\OMS/cmsy/m/n/10 j\OT1/cmr/m/
n/10 )$\OT1/ptm/m/n/10 (-20) . 
 []

[5]
Underfull \hbox (badness 2173) in paragraph at lines 401--402
[]\OT1/ptm/m/n/10 (+20) The ex-per-i-men-tal cor-pus com-prises 48 data streams

 []


Underfull \hbox (badness 10000) in paragraph at lines 413--414
[]|\OT1/ptm/m/n/8 (+20) SEA[]Abrupt[]Simple, SEA[]Abrupt[]Chain,
 []


Underfull \hbox (badness 10000) in paragraph at lines 413--414
\OT1/ptm/m/n/8 (+20) SEA[]Abrupt[]Recurring,
 []


Underfull \hbox (badness 10000) in paragraph at lines 413--414
\OT1/ptm/m/n/8 (+20) AGRAWAL[]Abrupt[]Simple[]Mild,
 []


Underfull \hbox (badness 10000) in paragraph at lines 413--414
\OT1/ptm/m/n/8 (+20) AGRAWAL[]Abrupt[]Simple[]Severe,
 []


Underfull \hbox (badness 10000) in paragraph at lines 413--414
\OT1/ptm/m/n/8 (+20) AGRAWAL[]Abrupt[]Chain[]Long,
 []


Underfull \hbox (badness 10000) in paragraph at lines 413--414
\OT1/ptm/m/n/8 (+20) RBF[]Abrupt[]Blip, RBF[]Abrupt[]Severe,
 []


Underfull \hbox (badness 10000) in paragraph at lines 413--414
\OT1/ptm/m/n/8 (+20) HY-PER-PLANE[]Abrupt[]Simple,
 []


Underfull \hbox (badness 10000) in paragraph at lines 413--414
\OT1/ptm/m/n/8 (+20) STAG-GER[]Abrupt[]Chain,
 []


Underfull \hbox (badness 10000) in paragraph at lines 413--414
\OT1/ptm/m/n/8 (+20) STAG-GER[]Abrupt[]Recurring,
 []


Underfull \hbox (badness 10000) in paragraph at lines 413--414
\OT1/ptm/m/n/8 (+20) RAN-DOMTREE[]Abrupt[]Simple,
 []


Underfull \hbox (badness 10000) in paragraph at lines 413--414
\OT1/ptm/m/n/8 (+20) RAN-DOMTREE[]Abrupt[]Recurring,
 []


Underfull \hbox (badness 10000) in paragraph at lines 416--417
[]|\OT1/ptm/m/n/8 (+20) SEA[]Gradual[]Simple[]Fast,
 []


Underfull \hbox (badness 10000) in paragraph at lines 416--417
\OT1/ptm/m/n/8 (+20) SEA[]Gradual[]Simple[]Slow,
 []


Underfull \hbox (badness 10000) in paragraph at lines 416--417
\OT1/ptm/m/n/8 (+20) SEA[]Gradual[]Recurring,
 []


Underfull \hbox (badness 10000) in paragraph at lines 416--417
\OT1/ptm/m/n/8 (+20) RBF[]Gradual[]Moderate,
 []


Underfull \hbox (badness 10000) in paragraph at lines 416--417
\OT1/ptm/m/n/8 (+20) RBF[]Gradual[]Severe,
 []


Underfull \hbox (badness 10000) in paragraph at lines 416--417
\OT1/ptm/m/n/8 (+20) HY-PER-PLANE[]Gradual[]Simple,
 []


Underfull \hbox (badness 10000) in paragraph at lines 416--417
\OT1/ptm/m/n/8 (+20) STAG-GER[]Gradual[]Chain,
 []


Underfull \hbox (badness 10000) in paragraph at lines 416--417
\OT1/ptm/m/n/8 (+20) RAN-DOMTREE[]Gradual[]Simple,
 []


Underfull \hbox (badness 10000) in paragraph at lines 416--417
\OT1/ptm/m/n/8 (+20) SINE[]Gradual[]Recurring,
 []


Underfull \hbox (badness 10000) in paragraph at lines 416--417
\OT1/ptm/m/n/8 (+20) LED[]Gradual[]Simple,
 []


Underfull \hbox (badness 10000) in paragraph at lines 419--420
[]|\OT1/ptm/m/n/8 (+20) AGRAWAL[]Abrupt[]Simple[]Severe[]Noise,
 []


Underfull \hbox (badness 10000) in paragraph at lines 419--420
\OT1/ptm/m/n/8 (+20) RBF[]Abrupt[]Blip[]Noise,
 []


Underfull \hbox (badness 10000) in paragraph at lines 419--420
\OT1/ptm/m/n/8 (+20) RBF[]Gradual[]Severe[]Noise,
 []


Underfull \hbox (badness 10000) in paragraph at lines 419--420
\OT1/ptm/m/n/8 (+20) HY-PER-PLANE[]Gradual[]Noise,
 []


Underfull \hbox (badness 10000) in paragraph at lines 419--420
\OT1/ptm/m/n/8 (+20) RAN-DOMTREE[]Gradual[]Noise,
 []


Underfull \hbox (badness 10000) in paragraph at lines 419--420
\OT1/ptm/m/n/8 (+20) SEA[]Abrupt[]Chain[]Noise,
 []


Underfull \hbox (badness 10000) in paragraph at lines 419--420
\OT1/ptm/m/n/8 (+20) STAG-GER[]Abrupt[]Chain[]Noise,
 []


Underfull \hbox (badness 10000) in paragraph at lines 422--423
[]|\OT1/ptm/m/n/8 (+20) AGRAWAL[]Stationary, SEA[]Stationary,
 []


Underfull \hbox (badness 10000) in paragraph at lines 422--423
\OT1/ptm/m/n/8 (+20) STAG-GER[]Stationary,
 []

LaTeX Font Info:    Trying to load font information for OT1+pcr on input line 4
46.
(C:\Program Files\MiKTeX\tex/latex/psnfss\ot1pcr.fd
File: ot1pcr.fd 2001/06/04 font definitions for OT1/pcr.
) [6] [7]
Overfull \hbox (3.91911pt too wide) in paragraph at lines 603--603
[]|\OT1/ptm/m/n/8 (-20) AGRAWAL| 
 []


Overfull \hbox (3.91911pt too wide) in paragraph at lines 608--608
[]|\OT1/ptm/m/n/8 (-20) AGRAWAL| 
 []


Overfull \hbox (3.91911pt too wide) in paragraph at lines 609--609
[]|\OT1/ptm/m/n/8 (-20) AGRAWAL| 
 []


Overfull \hbox (3.91911pt too wide) in paragraph at lines 613--613
[]|\OT1/ptm/m/n/8 (-20) AGRAWAL| 
 []

[8]
<figures/fig_case_rbf_gradual.pdf, id=50, 710.11484pt x 492.78929pt>
File: figures/fig_case_rbf_gradual.pdf Graphic file (type pdf)
<use figures/fig_case_rbf_gradual.pdf>
Package pdftex.def Info: figures/fig_case_rbf_gradual.pdf  used on input line 6
24.
(pdftex.def)             Requested size: 490.19843pt x 340.18288pt.
<figures/fig_case_stagger_abrupt.pdf, id=51, 710.13493pt x 492.78929pt>
File: figures/fig_case_stagger_abrupt.pdf Graphic file (type pdf)
<use figures/fig_case_stagger_abrupt.pdf>
Package pdftex.def Info: figures/fig_case_stagger_abrupt.pdf  used on input lin
e 631.
(pdftex.def)             Requested size: 490.19843pt x 340.16785pt.
 (tables/table_ix_ranking.tex)
<figures/fig_critical_difference.pdf, id=52, 715.75928pt x 280.353pt>
File: figures/fig_critical_difference.pdf Graphic file (type pdf)
<use figures/fig_critical_difference.pdf>
Package pdftex.def Info: figures/fig_critical_difference.pdf  used on input lin
e 650.
(pdftex.def)             Requested size: 239.39923pt x 93.77017pt.
 (tables/table_xi_wilcoxon.tex
Overfull \hbox (8.7226pt too wide) in paragraph at lines 9--22
 [][] 
 []

) (tables/table_xiv_transitions.tex)
Underfull \hbox (badness 2237) in paragraph at lines 665--666
[]\OT1/ptm/m/n/10 (+20) The transition metrics re-veal mean-ing-ful pat-terns i
n
 []

[9]
Underfull \vbox (badness 1701) has occurred while \output is active []

<figures/fig_violin_rir_ams_tcs.pdf, id=59, 857.89632pt x 352.13243pt>
File: figures/fig_violin_rir_ams_tcs.pdf Graphic file (type pdf)
<use figures/fig_violin_rir_ams_tcs.pdf>
Package pdftex.def Info: figures/fig_violin_rir_ams_tcs.pdf  used on input line
 673.
(pdftex.def)             Requested size: 239.39923pt x 98.26326pt.
 [10 <./figures/fig_case_rbf_gradual.pdf>]
Underfull \vbox (badness 10000) has occurred while \output is active []

 [11 <./figures/fig_case_stagger_abrupt.pdf> <./figures/fig_critical_difference
.pdf> <./figures/fig_violin_rir_ams_tcs.pdf>]
<figures/fig5_performance_boxplots.pdf, id=373, 715.33122pt x 426.32143pt>
File: figures/fig5_performance_boxplots.pdf Graphic file (type pdf)
<use figures/fig5_performance_boxplots.pdf>
Package pdftex.def Info: figures/fig5_performance_boxplots.pdf  used on input l
ine 720.
(pdftex.def)             Requested size: 239.39923pt x 142.67056pt.
 [12 <./figures/fig5_performance_boxplots.pdf>]
Underfull \hbox (badness 1867) in paragraph at lines 789--790
\OT1/ptm/m/n/8 (+20) in evolutionary al-go-rithms,'' \OT1/ptm/m/it/8 (+20) IEEE
 Trans-ac-tions on Evolutionary
 []


Underfull \hbox (badness 1448) in paragraph at lines 885--886
[]\OT1/ptm/m/n/8 (+20) A. Telikani, A. Tah-massebi, W. Banzhaf, and A. H. Gan-d
omi,
 []

[13] (main.aux)
 ***********
LaTeX2e <2023-11-01> patch level 1
L3 programming layer <2024-01-04>
 ***********
 ) 
Here is how much of TeX's memory you used:
 9009 strings out of 474486
 145987 string characters out of 5753537
 1965542 words of memory out of 5000000
 30702 multiletter control sequences out of 15000+600000
 627434 words of font info for 404 fonts, out of 8000000 for 9000
 1153 hyphenation exceptions out of 8191
 66i,11n,67p,2067b,565s stack positions out of 10000i,1000n,20000p,200000b,200000s
<C:/Program Files/MiKTeX/fonts/type1/public/amsfonts/cm/cmbx10.pfb><C:/Progra
m Files/MiKTeX/fonts/type1/public/amsfonts/cm/cmex10.pfb><C:/Program Files/MiKT
eX/fonts/type1/public/amsfonts/cm/cmmi10.pfb><C:/Program Files/MiKTeX/fonts/typ
e1/public/amsfonts/cm/cmmi5.pfb><C:/Program Files/MiKTeX/fonts/type1/public/ams
fonts/cm/cmmi6.pfb><C:/Program Files/MiKTeX/fonts/type1/public/amsfonts/cm/cmmi
7.pfb><C:/Program Files/MiKTeX/fonts/type1/public/amsfonts/cm/cmmi8.pfb><C:/Pro
gram Files/MiKTeX/fonts/type1/public/amsfonts/cm/cmmi9.pfb><C:/Program Files/Mi
KTeX/fonts/type1/public/amsfonts/cm/cmr10.pfb><C:/Program Files/MiKTeX/fonts/ty
pe1/public/amsfonts/cm/cmr5.pfb><C:/Program Files/MiKTeX/fonts/type1/public/ams
fonts/cm/cmr6.pfb><C:/Program Files/MiKTeX/fonts/type1/public/amsfonts/cm/cmr7.
pfb><C:/Program Files/MiKTeX/fonts/type1/public/amsfonts/cm/cmr8.pfb><C:/Progra
m Files/MiKTeX/fonts/type1/public/amsfonts/cm/cmr9.pfb><C:/Program Files/MiKTeX
/fonts/type1/public/amsfonts/cm/cmsy10.pfb><C:/Program Files/MiKTeX/fonts/type1
/public/amsfonts/cm/cmsy5.pfb><C:/Program Files/MiKTeX/fonts/type1/public/amsfo
nts/cm/cmsy6.pfb><C:/Program Files/MiKTeX/fonts/type1/public/amsfonts/cm/cmsy7.
pfb><C:/Program Files/MiKTeX/fonts/type1/public/amsfonts/cm/cmsy8.pfb><C:/Progr
am Files/MiKTeX/fonts/type1/public/amsfonts/cm/cmsy9.pfb><C:/Program Files/MiKT
eX/fonts/type1/public/amsfonts/symbols/msbm10.pfb><C:/Program Files/MiKTeX/font
s/type1/urw/courier/ucrr8a.pfb><C:/Program Files/MiKTeX/fonts/type1/urw/times/u
tmb8a.pfb><C:/Program Files/MiKTeX/fonts/type1/urw/times/utmbi8a.pfb><C:/Progra
m Files/MiKTeX/fonts/type1/urw/times/utmr8a.pfb><C:/Program Files/MiKTeX/fonts/
type1/urw/times/utmri8a.pfb>
Output written on main.pdf (13 pages, 971875 bytes).
PDF statistics:
 567 PDF objects out of 1000 (max. 8388607)
 0 named destinations out of 1000 (max. 500000)
 80410 words of extra memory for PDF output out of 89155 (max. 10000000)

