This is pdfTeX, Version 3.141592653-2.6-1.40.25 (MiKTeX 24.1) (preloaded format=pdflatex 2025.12.16)  3 MAR 2026 18:52
entering extended mode
 restricted \write18 enabled.
 %&-line parsing enabled.
**./supplementary_material.tex
(supplementary_material.tex
LaTeX2e <2023-11-01> patch level 1
L3 programming layer <2024-01-04>
(C:\Program Files\MiKTeX\tex/latex/base\article.cls
Document Class: article 2023/05/17 v1.4n Standard LaTeX document class
(C:\Program Files\MiKTeX\tex/latex/base\size10.clo
File: size10.clo 2023/05/17 v1.4n Standard LaTeX file (size option)
)
\c@part=\count187
\c@section=\count188
\c@subsection=\count189
\c@subsubsection=\count190
\c@paragraph=\count191
\c@subparagraph=\count192
\c@figure=\count193
\c@table=\count194
\abovecaptionskip=\skip48
\belowcaptionskip=\skip49
\bibindent=\dimen140
)
(C:\Program Files\MiKTeX\tex/latex/amsmath\amsmath.sty
Package: amsmath 2023/05/13 v2.17o AMS math features
\@mathmargin=\skip50

For additional information on amsmath, use the `?' option.
(C:\Program Files\MiKTeX\tex/latex/amsmath\amstext.sty
Package: amstext 2021/08/26 v2.01 AMS text

(C:\Program Files\MiKTeX\tex/latex/amsmath\amsgen.sty
File: amsgen.sty 1999/11/30 v2.0 generic functions
\@emptytoks=\toks17
\ex@=\dimen141
))
(C:\Program Files\MiKTeX\tex/latex/amsmath\amsbsy.sty
Package: amsbsy 1999/11/29 v1.2d Bold Symbols
\pmbraise@=\dimen142
)
(C:\Program Files\MiKTeX\tex/latex/amsmath\amsopn.sty
Package: amsopn 2022/04/08 v2.04 operator names
)
\inf@bad=\count195
LaTeX Info: Redefining \frac on input line 234.
\uproot@=\count196
\leftroot@=\count197
LaTeX Info: Redefining \overline on input line 399.
LaTeX Info: Redefining \colon on input line 410.
\classnum@=\count198
\DOTSCASE@=\count199
LaTeX Info: Redefining \ldots on input line 496.
LaTeX Info: Redefining \dots on input line 499.
LaTeX Info: Redefining \cdots on input line 620.
\Mathstrutbox@=\box51
\strutbox@=\box52
LaTeX Info: Redefining \big on input line 722.
LaTeX Info: Redefining \Big on input line 723.
LaTeX Info: Redefining \bigg on input line 724.
LaTeX Info: Redefining \Bigg on input line 725.
\big@size=\dimen143
LaTeX Font Info:    Redeclaring font encoding OML on input line 743.
LaTeX Font Info:    Redeclaring font encoding OMS on input line 744.
\macc@depth=\count266
LaTeX Info: Redefining \bmod on input line 905.
LaTeX Info: Redefining \pmod on input line 910.
LaTeX Info: Redefining \smash on input line 940.
LaTeX Info: Redefining \relbar on input line 970.
LaTeX Info: Redefining \Relbar on input line 971.
\c@MaxMatrixCols=\count267
\dotsspace@=\muskip16
\c@parentequation=\count268
\dspbrk@lvl=\count269
\tag@help=\toks18
\row@=\count270
\column@=\count271
\maxfields@=\count272
\andhelp@=\toks19
\eqnshift@=\dimen144
\alignsep@=\dimen145
\tagshift@=\dimen146
\tagwidth@=\dimen147
\totwidth@=\dimen148
\lineht@=\dimen149
\@envbody=\toks20
\multlinegap=\skip51
\multlinetaggap=\skip52
\mathdisplay@stack=\toks21
LaTeX Info: Redefining \[ on input line 2953.
LaTeX Info: Redefining \] on input line 2954.
)
(C:\Program Files\MiKTeX\tex/latex/amsfonts\amssymb.sty
Package: amssymb 2013/01/14 v3.01 AMS font symbols

(C:\Program Files\MiKTeX\tex/latex/amsfonts\amsfonts.sty
Package: amsfonts 2013/01/14 v3.01 Basic AMSFonts support
\symAMSa=\mathgroup4
\symAMSb=\mathgroup5
LaTeX Font Info:    Redeclaring math symbol \hbar on input line 98.
LaTeX Font Info:    Overwriting math alphabet `\mathfrak' in version `bold'
(Font)                  U/euf/m/n --> U/euf/b/n on input line 106.
))
(C:\Program Files\MiKTeX\tex/latex/graphics\graphicx.sty
Package: graphicx 2021/09/16 v1.2d Enhanced LaTeX Graphics (DPC,SPQR)

(C:\Program Files\MiKTeX\tex/latex/graphics\keyval.sty
Package: keyval 2022/05/29 v1.15 key=value parser (DPC)
\KV@toks@=\toks22
)
(C:\Program Files\MiKTeX\tex/latex/graphics\graphics.sty
Package: graphics 2022/03/10 v1.4e Standard LaTeX Graphics (DPC,SPQR)

(C:\Program Files\MiKTeX\tex/latex/graphics\trig.sty
Package: trig 2021/08/11 v1.11 sin cos tan (DPC)
)
(C:\Program Files\MiKTeX\tex/latex/graphics-cfg\graphics.cfg
File: graphics.cfg 2016/06/04 v1.11 sample graphics configuration
)
Package graphics Info: Driver file: pdftex.def on input line 107.

(C:\Program Files\MiKTeX\tex/latex/graphics-def\pdftex.def
File: pdftex.def 2022/09/22 v1.2b Graphics/color driver for pdftex
))
\Gin@req@height=\dimen150
\Gin@req@width=\dimen151
)
(C:\Program Files\MiKTeX\tex/latex/booktabs\booktabs.sty
Package: booktabs 2020/01/12 v1.61803398 Publication quality tables
\heavyrulewidth=\dimen152
\lightrulewidth=\dimen153
\cmidrulewidth=\dimen154
\belowrulesep=\dimen155
\belowbottomsep=\dimen156
\aboverulesep=\dimen157
\abovetopsep=\dimen158
\cmidrulesep=\dimen159
\cmidrulekern=\dimen160
\defaultaddspace=\dimen161
\@cmidla=\count273
\@cmidlb=\count274
\@aboverulesep=\dimen162
\@belowrulesep=\dimen163
\@thisruleclass=\count275
\@lastruleclass=\count276
\@thisrulewidth=\dimen164
)
(C:\Program Files\MiKTeX\tex/latex/tools\longtable.sty
Package: longtable 2023-11-01 v4.19 Multi-page Table package (DPC)
\LTleft=\skip53
\LTright=\skip54
\LTpre=\skip55
\LTpost=\skip56
\LTchunksize=\count277
\LTcapwidth=\dimen165
\LT@head=\box53
\LT@firsthead=\box54
\LT@foot=\box55
\LT@lastfoot=\box56
\LT@gbox=\box57
\LT@cols=\count278
\LT@rows=\count279
\c@LT@tables=\count280
\c@LT@chunks=\count281
\LT@p@ftn=\toks23
)
(C:\Program Files\MiKTeX\tex/latex/multirow\multirow.sty
Package: multirow 2024/11/12 v2.9 Span multiple rows of a table
\multirow@colwidth=\skip57
\multirow@cntb=\count282
\multirow@dima=\skip58
\bigstrutjot=\dimen166
)
(C:\Program Files\MiKTeX\tex/latex/xcolor\xcolor.sty
Package: xcolor 2023/11/15 v3.01 LaTeX color extensions (UK)

(C:\Program Files\MiKTeX\tex/latex/graphics-cfg\color.cfg
File: color.cfg 2016/01/02 v1.6 sample color configuration
)
Package xcolor Info: Driver file: pdftex.def on input line 274.

(C:\Program Files\MiKTeX\tex/latex/graphics\mathcolor.ltx)
Package xcolor Info: Model `cmy' substituted by `cmy0' on input line 1350.
Package xcolor Info: Model `hsb' substituted by `rgb' on input line 1354.
Package xcolor Info: Model `RGB' extended on input line 1366.
Package xcolor Info: Model `HTML' substituted by `rgb' on input line 1368.
Package xcolor Info: Model `Hsb' substituted by `hsb' on input line 1369.
Package xcolor Info: Model `tHsb' substituted by `hsb' on input line 1370.
Package xcolor Info: Model `HSB' substituted by `hsb' on input line 1371.
Package xcolor Info: Model `Gray' substituted by `gray' on input line 1372.
Package xcolor Info: Model `wave' substituted by `hsb' on input line 1373.
)
(C:\Program Files\MiKTeX\tex/latex/subfig\subfig.sty
Package: subfig 2005/06/28 ver: 1.3 subfig package

(C:\Program Files\MiKTeX\tex/latex/caption\caption3.sty
Package: caption3 2023/07/31 v2.4d caption3 kernel (AR)
\caption@tempdima=\dimen167
\captionmargin=\dimen168
\caption@leftmargin=\dimen169
\caption@rightmargin=\dimen170
\caption@width=\dimen171
\caption@indent=\dimen172
\caption@parindent=\dimen173
\caption@hangindent=\dimen174
Package caption Info: Standard document class detected.
)
\c@KVtest=\count283
\sf@farskip=\skip59
\sf@captopadj=\dimen175
\sf@capskip=\skip60
\sf@nearskip=\skip61
\c@subfigure=\count284
\c@subfigure@save=\count285
\c@lofdepth=\count286
\c@subtable=\count287
\c@subtable@save=\count288
\c@lotdepth=\count289
\sf@top=\skip62
\sf@bottom=\skip63
)
(C:\Program Files\MiKTeX\tex/latex/geometry\geometry.sty
Package: geometry 2020/01/02 v5.9 Page Geometry

(C:\Program Files\MiKTeX\tex/generic/iftex\ifvtex.sty
Package: ifvtex 2019/10/25 v1.7 ifvtex legacy package. Use iftex instead.

(C:\Program Files\MiKTeX\tex/generic/iftex\iftex.sty
Package: iftex 2022/02/03 v1.0f TeX engine tests
))
\Gm@cnth=\count290
\Gm@cntv=\count291
\c@Gm@tempcnt=\count292
\Gm@bindingoffset=\dimen176
\Gm@wd@mp=\dimen177
\Gm@odd@mp=\dimen178
\Gm@even@mp=\dimen179
\Gm@layoutwidth=\dimen180
\Gm@layoutheight=\dimen181
\Gm@layouthoffset=\dimen182
\Gm@layoutvoffset=\dimen183
\Gm@dimlist=\toks24

(C:\Program Files\MiKTeX\tex/latex/geometry\geometry.cfg))
(C:\Program Files\MiKTeX\tex/latex/hyperref\hyperref.sty
Package: hyperref 2023-11-26 v7.01g Hypertext links for LaTeX

(C:\Program Files\MiKTeX\tex/generic/infwarerr\infwarerr.sty
Package: infwarerr 2019/12/03 v1.5 Providing info/warning/error messages (HO)
)
(C:\Program Files\MiKTeX\tex/latex/kvsetkeys\kvsetkeys.sty
Package: kvsetkeys 2022-10-05 v1.19 Key value parser (HO)
)
(C:\Program Files\MiKTeX\tex/generic/kvdefinekeys\kvdefinekeys.sty
Package: kvdefinekeys 2019-12-19 v1.6 Define keys (HO)
)
(C:\Program Files\MiKTeX\tex/generic/pdfescape\pdfescape.sty
Package: pdfescape 2019/12/09 v1.15 Implements pdfTeX's escape features (HO)

(C:\Program Files\MiKTeX\tex/generic/ltxcmds\ltxcmds.sty
Package: ltxcmds 2023-12-04 v1.26 LaTeX kernel commands for general use (HO)
)
(C:\Program Files\MiKTeX\tex/generic/pdftexcmds\pdftexcmds.sty
Package: pdftexcmds 2020-06-27 v0.33 Utility functions of pdfTeX for LuaTeX (HO
)
Package pdftexcmds Info: \pdf@primitive is available.
Package pdftexcmds Info: \pdf@ifprimitive is available.
Package pdftexcmds Info: \pdfdraftmode found.
))
(C:\Program Files\MiKTeX\tex/latex/hycolor\hycolor.sty
Package: hycolor 2020-01-27 v1.10 Color options for hyperref/bookmark (HO)
)
(C:\Program Files\MiKTeX\tex/latex/letltxmacro\letltxmacro.sty
Package: letltxmacro 2019/12/03 v1.6 Let assignment for LaTeX macros (HO)
)
(C:\Program Files\MiKTeX\tex/latex/auxhook\auxhook.sty
Package: auxhook 2019-12-17 v1.6 Hooks for auxiliary files (HO)
)
(C:\Program Files\MiKTeX\tex/latex/hyperref\nameref.sty
Package: nameref 2023-11-26 v2.56 Cross-referencing by name of section

(C:\Program Files\MiKTeX\tex/latex/refcount\refcount.sty
Package: refcount 2019/12/15 v3.6 Data extraction from label references (HO)
)
(C:\Program Files\MiKTeX\tex/generic/gettitlestring\gettitlestring.sty
Package: gettitlestring 2019/12/15 v1.6 Cleanup title references (HO)

(C:\Program Files\MiKTeX\tex/latex/kvoptions\kvoptions.sty
Package: kvoptions 2022-06-15 v3.15 Key value format for package options (HO)
))
\c@section@level=\count293
)
(C:\Program Files\MiKTeX\tex/latex/etoolbox\etoolbox.sty
Package: etoolbox 2020/10/05 v2.5k e-TeX tools for LaTeX (JAW)
\etb@tempcnta=\count294
)
\@linkdim=\dimen184
\Hy@linkcounter=\count295
\Hy@pagecounter=\count296

(C:\Program Files\MiKTeX\tex/latex/hyperref\pd1enc.def
File: pd1enc.def 2023-11-26 v7.01g Hyperref: PDFDocEncoding definition (HO)
Now handling font encoding PD1 ...
... no UTF-8 mapping file for font encoding PD1
)
(C:\Program Files\MiKTeX\tex/generic/intcalc\intcalc.sty
Package: intcalc 2019/12/15 v1.3 Expandable calculations with integers (HO)
)
\Hy@SavedSpaceFactor=\count297

(C:\Program Files\MiKTeX\tex/latex/hyperref\puenc.def
File: puenc.def 2023-11-26 v7.01g Hyperref: PDF Unicode definition (HO)
Now handling font encoding PU ...
... no UTF-8 mapping file for font encoding PU
)
Package hyperref Info: Hyper figures OFF on input line 4181.
Package hyperref Info: Link nesting OFF on input line 4186.
Package hyperref Info: Hyper index ON on input line 4189.
Package hyperref Info: Plain pages OFF on input line 4196.
Package hyperref Info: Backreferencing OFF on input line 4201.
Package hyperref Info: Implicit mode ON; LaTeX internals redefined.
Package hyperref Info: Bookmarks ON on input line 4448.
\c@Hy@tempcnt=\count298

(C:\Program Files\MiKTeX\tex/latex/url\url.sty
\Urlmuskip=\muskip17
Package: url 2013/09/16  ver 3.4  Verb mode for urls, etc.
)
LaTeX Info: Redefining \url on input line 4786.
\XeTeXLinkMargin=\dimen185

(C:\Program Files\MiKTeX\tex/generic/bitset\bitset.sty
Package: bitset 2019/12/09 v1.3 Handle bit-vector datatype (HO)

(C:\Program Files\MiKTeX\tex/generic/bigintcalc\bigintcalc.sty
Package: bigintcalc 2019/12/15 v1.5 Expandable calculations on big integers (HO
)
))
\Fld@menulength=\count299
\Field@Width=\dimen186
\Fld@charsize=\dimen187
Package hyperref Info: Hyper figures OFF on input line 6065.
Package hyperref Info: Link nesting OFF on input line 6070.
Package hyperref Info: Hyper index ON on input line 6073.
Package hyperref Info: backreferencing OFF on input line 6080.
Package hyperref Info: Link coloring OFF on input line 6085.
Package hyperref Info: Link coloring with OCG OFF on input line 6090.
Package hyperref Info: PDF/A mode OFF on input line 6095.

(C:\Program Files\MiKTeX\tex/latex/base\atbegshi-ltx.sty
Package: atbegshi-ltx 2021/01/10 v1.0c Emulation of the original atbegshi
package with kernel methods
)
\Hy@abspage=\count300
\c@Item=\count301
\c@Hfootnote=\count302
)
Package hyperref Info: Driver (autodetected): hpdftex.

(C:\Program Files\MiKTeX\tex/latex/hyperref\hpdftex.def
File: hpdftex.def 2023-11-26 v7.01g Hyperref driver for pdfTeX

(C:\Program Files\MiKTeX\tex/latex/base\atveryend-ltx.sty
Package: atveryend-ltx 2020/08/19 v1.0a Emulation of the original atveryend pac
kage
with kernel methods
)
\Fld@listcount=\count303
\c@bookmark@seq@number=\count304

(C:\Program Files\MiKTeX\tex/latex/rerunfilecheck\rerunfilecheck.sty
Package: rerunfilecheck 2025-06-21 v1.11 Rerun checks for auxiliary files (HO)

(C:\Program Files\MiKTeX\tex/generic/uniquecounter\uniquecounter.sty
Package: uniquecounter 2019/12/15 v1.4 Provide unlimited unique counter (HO)
)
Package uniquecounter Info: New unique counter `rerunfilecheck' on input line 2
84.
)
\Hy@SectionHShift=\skip64
)
(C:\Program Files\MiKTeX\tex/latex/microtype\microtype.sty
Package: microtype 2025/07/09 v3.2b Micro-typographical refinements (RS)
\MT@toks=\toks25
\MT@tempbox=\box58
\MT@count=\count305
LaTeX Info: Redefining \noprotrusionifhmode on input line 1087.
LaTeX Info: Redefining \leftprotrusion on input line 1088.
\MT@prot@toks=\toks26
LaTeX Info: Redefining \rightprotrusion on input line 1107.
LaTeX Info: Redefining \textls on input line 1449.
\MT@outer@kern=\dimen188
LaTeX Info: Redefining \microtypecontext on input line 2053.
LaTeX Info: Redefining \textmicrotypecontext on input line 2070.
\MT@listname@count=\count306

(C:\Program Files\MiKTeX\tex/latex/microtype\microtype-pdftex.def
File: microtype-pdftex.def 2025/07/09 v3.2b Definitions specific to pdftex (RS)

LaTeX Info: Redefining \lsstyle on input line 944.
LaTeX Info: Redefining \lslig on input line 944.
\MT@outer@space=\skip65
)
Package microtype Info: Loading configuration file microtype.cfg.

(C:\Program Files\MiKTeX\tex/latex/microtype\microtype.cfg
File: microtype.cfg 2025/07/09 v3.2b microtype main configuration file (RS)
)
LaTeX Info: Redefining \microtypesetup on input line 3065.
)
(C:\Program Files\MiKTeX\tex/latex/l3backend\l3backend-pdftex.def
File: l3backend-pdftex.def 2024-01-04 L3 backend support: PDF output (pdfTeX)
\l__color_backend_stack_int=\count307
\l__pdf_internal_box=\box59
)

LaTeX Warning: Unused global option(s):
    [lettersize].

(supplementary_material.aux)
\openout1 = `supplementary_material.aux'.

LaTeX Font Info:    Checking defaults for OML/cmm/m/it on input line 25.
LaTeX Font Info:    ... okay on input line 25.
LaTeX Font Info:    Checking defaults for OMS/cmsy/m/n on input line 25.
LaTeX Font Info:    ... okay on input line 25.
LaTeX Font Info:    Checking defaults for OT1/cmr/m/n on input line 25.
LaTeX Font Info:    ... okay on input line 25.
LaTeX Font Info:    Checking defaults for T1/cmr/m/n on input line 25.
LaTeX Font Info:    ... okay on input line 25.
LaTeX Font Info:    Checking defaults for TS1/cmr/m/n on input line 25.
LaTeX Font Info:    ... okay on input line 25.
LaTeX Font Info:    Checking defaults for OMX/cmex/m/n on input line 25.
LaTeX Font Info:    ... okay on input line 25.
LaTeX Font Info:    Checking defaults for U/cmr/m/n on input line 25.
LaTeX Font Info:    ... okay on input line 25.
LaTeX Font Info:    Checking defaults for PD1/pdf/m/n on input line 25.
LaTeX Font Info:    ... okay on input line 25.
LaTeX Font Info:    Checking defaults for PU/pdf/m/n on input line 25.
LaTeX Font Info:    ... okay on input line 25.

(C:\Program Files\MiKTeX\tex/context/base/mkii\supp-pdf.mkii
[Loading MPS to PDF converter (version 2006.09.02).]
\scratchcounter=\count308
\scratchdimen=\dimen189
\scratchbox=\box60
\nofMPsegments=\count309
\nofMParguments=\count310
\everyMPshowfont=\toks27
\MPscratchCnt=\count311
\MPscratchDim=\dimen190
\MPnumerator=\count312
\makeMPintoPDFobject=\count313
\everyMPtoPDFconversion=\toks28
) (C:\Program Files\MiKTeX\tex/latex/epstopdf-pkg\epstopdf-base.sty
Package: epstopdf-base 2020-01-24 v2.11 Base part for package epstopdf
Package epstopdf-base Info: Redefining graphics rule for `.eps' on input line 4
85.

(C:\Program Files\MiKTeX\tex/latex/00miktex\epstopdf-sys.cfg
File: epstopdf-sys.cfg 2021/03/18 v2.0 Configuration of epstopdf for MiKTeX
))
Package caption Info: Begin \AtBeginDocument code.
Package caption Info: subfig package v1.3 is loaded.
Package caption Info: End \AtBeginDocument code.

*geometry* driver: auto-detecting
*geometry* detected driver: pdftex
*geometry* verbose mode - [ preamble ] result:
* driver: pdftex
* paper: <default>
* layout: <same size as paper>
* layoutoffset:(h,v)=(0.0pt,0.0pt)
* modes: 
* h-part:(L,W,R)=(72.26999pt, 469.75502pt, 72.26999pt)
* v-part:(T,H,B)=(72.26999pt, 650.43001pt, 72.26999pt)
* \paperwidth=614.295pt
* \paperheight=794.96999pt
* \textwidth=469.75502pt
* \textheight=650.43001pt
* \oddsidemargin=0.0pt
* \evensidemargin=0.0pt
* \topmargin=-37.0pt
* \headheight=12.0pt
* \headsep=25.0pt
* \topskip=10.0pt
* \footskip=30.0pt
* \marginparwidth=65.0pt
* \marginparsep=11.0pt
* \columnsep=10.0pt
* \skip\footins=9.0pt plus 4.0pt minus 2.0pt
* \hoffset=0.0pt
* \voffset=0.0pt
* \mag=1000
* \@twocolumnfalse
* \@twosidefalse
* \@mparswitchfalse
* \@reversemarginfalse
* (1in=72.27pt=25.4mm, 1cm=28.453pt)

Package hyperref Info: Link coloring OFF on input line 25.
(supplementary_material.out) (supplementary_material.out)
\@outlinefile=\write3
\openout3 = `supplementary_material.out'.

LaTeX Info: Redefining \microtypecontext on input line 25.
Package microtype Info: Applying patch `item' on input line 25.
Package microtype Info: Applying patch `toc' on input line 25.
Package microtype Info: Applying patch `eqnum' on input line 25.
Package microtype Info: Applying patch `footnote' on input line 25.
Package microtype Info: Applying patch `verbatim' on input line 25.
LaTeX Info: Redefining \microtypesetup on input line 25.
Package microtype Info: Generating PDF output.
Package microtype Info: Character protrusion enabled (level 2).
Package microtype Info: Using default protrusion set `alltext'.
Package microtype Info: Automatic font expansion enabled (level 2),
(microtype)             stretch: 20, shrink: 20, step: 1, non-selected.
Package microtype Info: Using default expansion set `alltext-nott'.
Package microtype Info: Patching command `\showhyphens'.
Package microtype Info: No adjustment of tracking.
Package microtype Info: No adjustment of interword spacing.
Package microtype Info: No adjustment of character kerning.

(C:\Program Files\MiKTeX\tex/latex/microtype\mt-cmr.cfg
File: mt-cmr.cfg 2013/05/19 v2.2 microtype config. file: Computer Modern Roman 
(RS)
)
LaTeX Font Info:    Trying to load font information for U+msa on input line 27.


(C:\Program Files\MiKTeX\tex/latex/amsfonts\umsa.fd
File: umsa.fd 2013/01/14 v3.01 AMS symbols A
)
(C:\Program Files\MiKTeX\tex/latex/microtype\mt-msa.cfg
File: mt-msa.cfg 2006/02/04 v1.1 microtype config. file: AMS symbols (a) (RS)
)
LaTeX Font Info:    Trying to load font information for U+msb on input line 27.


(C:\Program Files\MiKTeX\tex/latex/amsfonts\umsb.fd
File: umsb.fd 2013/01/14 v3.01 AMS symbols B
)
(C:\Program Files\MiKTeX\tex/latex/microtype\mt-msb.cfg
File: mt-msb.cfg 2005/06/01 v1.0 microtype config. file: AMS symbols (b) (RS)
)
(supplementary_material.toc [1

{C:/Users/Leandro Almeida/AppData/Local/MiKTeX/fonts/map/pdftex/pdftex.map}])
\tf@toc=\write4
\openout4 = `supplementary_material.toc'.

 [2]
Overfull \hbox (4.90005pt too wide) in paragraph at lines 59--60
[]\OT1/cmr/m/n/10 (-20) The 7 mul-ti-class datasets are: LED[]Abrupt[]Simple, L
ED[]Gradual[]Simple, LED[]Stationary, RBF[]Stationary,
 []

[3

] [4] [5] [6] [7] [8]
<figures/fig_critical_difference_all48.pdf, id=479, 715.75928pt x 280.353pt>
File: figures/fig_critical_difference_all48.pdf Graphic file (type pdf)
<use figures/fig_critical_difference_all48.pdf>
Package pdftex.def Info: figures/fig_critical_difference_all48.pdf  used on inp
ut line 524.
(pdftex.def)             Requested size: 446.26582pt x 174.79668pt.
 [9 <./figures/fig_critical_difference_all48.pdf>]
[10]
<figures/fig_violin_tcs.pdf, id=552, 861.72127pt x 355.40215pt>
File: figures/fig_violin_tcs.pdf Graphic file (type pdf)
<use figures/fig_violin_tcs.pdf>
Package pdftex.def Info: figures/fig_violin_tcs.pdf  used on input line 635.
(pdftex.def)             Requested size: 446.26582pt x 184.05095pt.
 [11 <./figures/fig_violin_tcs.pdf>]
<figures/fig_violin_rir.pdf, id=602, 861.81158pt x 355.40215pt>
File: figures/fig_violin_rir.pdf Graphic file (type pdf)
<use figures/fig_violin_rir.pdf>
Package pdftex.def Info: figures/fig_violin_rir.pdf  used on input line 648.
(pdftex.def)             Requested size: 446.26582pt x 184.04012pt.
<figures/fig_violin_ams.pdf, id=603, 861.72127pt x 355.40215pt>
File: figures/fig_violin_ams.pdf Graphic file (type pdf)
<use figures/fig_violin_ams.pdf>
Package pdftex.def Info: figures/fig_violin_ams.pdf  used on input line 661.
(pdftex.def)             Requested size: 446.26582pt x 184.05095pt.
 [12 <./figures/fig_violin_rir.pdf>]
<figures/fig_chunk_size_effect.pdf, id=653, 1002.19481pt x 356.96542pt>
File: figures/fig_chunk_size_effect.pdf Graphic file (type pdf)
<use figures/fig_chunk_size_effect.pdf>
Package pdftex.def Info: figures/fig_chunk_size_effect.pdf  used on input line 
683.
(pdftex.def)             Requested size: 446.26582pt x 158.94987pt.

[13 <./figures/fig_violin_ams.pdf> <./figures/fig_chunk_size_effect.pdf>]
<figures/fig_config_comparison.pdf, id=775, 1146.73488pt x 356.96542pt>
File: figures/fig_config_comparison.pdf Graphic file (type pdf)
<use figures/fig_config_comparison.pdf>
Package pdftex.def Info: figures/fig_config_comparison.pdf  used on input line 
714.
(pdftex.def)             Requested size: 446.26582pt x 138.91637pt.
<figures/fig7_drift_heatmap.pdf, id=776, 668.26402pt x 426.31708pt>
File: figures/fig7_drift_heatmap.pdf Graphic file (type pdf)
<use figures/fig7_drift_heatmap.pdf>
Package pdftex.def Info: figures/fig7_drift_heatmap.pdf  used on input line 728
.
(pdftex.def)             Requested size: 446.26582pt x 284.69423pt.
<figures/fig_metrics_by_drift.pdf, id=777, 1002.43631pt x 352.1491pt>
File: figures/fig_metrics_by_drift.pdf Graphic file (type pdf)
<use figures/fig_metrics_by_drift.pdf>
Package pdftex.def Info: figures/fig_metrics_by_drift.pdf  used on input line 7
35.
(pdftex.def)             Requested size: 446.26582pt x 156.77301pt.

[14 <./figures/fig_config_comparison.pdf>] [15 <./figures/fig7_drift_heatmap.pd
f> <./figures/fig_metrics_by_drift.pdf>]
<figures/case_studies/EXP-500-NP/AGRAWAL_Abrupt_Chain_Long.pdf, id=985, 710.114
84pt x 492.78929pt>
File: figures/case_studies/EXP-500-NP/AGRAWAL_Abrupt_Chain_Long.pdf Graphic fil
e (type pdf)
<use figures/case_studies/EXP-500-NP/AGRAWAL_Abrupt_Chain_Long.pdf>
Package pdftex.def Info: figures/case_studies/EXP-500-NP/AGRAWAL_Abrupt_Chain_L
ong.pdf  used on input line 801.
(pdftex.def)             Requested size: 393.65247pt x 273.17796pt.
<figures/case_studies/EXP-500-NP/AGRAWAL_Abrupt_Simple_Mild.pdf, id=986, 710.11
484pt x 492.78929pt>
File: figures/case_studies/EXP-500-NP/AGRAWAL_Abrupt_Simple_Mild.pdf Graphic fi
le (type pdf)
<use figures/case_studies/EXP-500-NP/AGRAWAL_Abrupt_Simple_Mild.pdf>
Package pdftex.def Info: figures/case_studies/EXP-500-NP/AGRAWAL_Abrupt_Simple_
Mild.pdf  used on input line 813.
(pdftex.def)             Requested size: 393.65247pt x 273.17796pt.
 [16] [17 <./figures/case_studies/EXP-500-NP/AGRAWAL_Abrupt_Chain_Long.pdf> <./
figures/case_studies/EXP-500-NP/AGRAWAL_Abrupt_Simple_Mild.pdf>]
<figures/case_studies/EXP-500-NP/AGRAWAL_Abrupt_Simple_Severe.pdf, id=1209, 710
.11484pt x 492.78929pt>
File: figures/case_studies/EXP-500-NP/AGRAWAL_Abrupt_Simple_Severe.pdf Graphic 
file (type pdf)
<use figures/case_studies/EXP-500-NP/AGRAWAL_Abrupt_Simple_Severe.pdf>
Package pdftex.def Info: figures/case_studies/EXP-500-NP/AGRAWAL_Abrupt_Simple_
Severe.pdf  used on input line 825.
(pdftex.def)             Requested size: 393.65247pt x 273.17796pt.
<figures/case_studies/EXP-500-NP/HYPERPLANE_Abrupt_Simple.pdf, id=1210, 710.114
84pt x 492.78929pt>
File: figures/case_studies/EXP-500-NP/HYPERPLANE_Abrupt_Simple.pdf Graphic file
 (type pdf)
<use figures/case_studies/EXP-500-NP/HYPERPLANE_Abrupt_Simple.pdf>
Package pdftex.def Info: figures/case_studies/EXP-500-NP/HYPERPLANE_Abrupt_Simp
le.pdf  used on input line 837.
(pdftex.def)             Requested size: 393.65247pt x 273.17796pt.
 [18

 <./figures/case_studies/EXP-500-NP/AGRAWAL_Abrupt_Simple_Severe.pdf>] [19 <./f
igures/case_studies/EXP-500-NP/HYPERPLANE_Abrupt_Simple.pdf>]
<figures/case_studies/EXP-500-NP/LED_Abrupt_Simple.pdf, id=1432, 710.05461pt x 
492.78929pt>
File: figures/case_studies/EXP-500-NP/LED_Abrupt_Simple.pdf Graphic file (type 
pdf)
<use figures/case_studies/EXP-500-NP/LED_Abrupt_Simple.pdf>
Package pdftex.def Info: figures/case_studies/EXP-500-NP/LED_Abrupt_Simple.pdf 
 used on input line 849.
(pdftex.def)             Requested size: 393.61908pt x 273.17796pt.
<figures/case_studies/EXP-500-NP/RANDOMTREE_Abrupt_Recurring.pdf, id=1433, 710.
11484pt x 492.78929pt>
File: figures/case_studies/EXP-500-NP/RANDOMTREE_Abrupt_Recurring.pdf Graphic f
ile (type pdf)
<use figures/case_studies/EXP-500-NP/RANDOMTREE_Abrupt_Recurring.pdf>
Package pdftex.def Info: figures/case_studies/EXP-500-NP/RANDOMTREE_Abrupt_Recu
rring.pdf  used on input line 861.
(pdftex.def)             Requested size: 393.65247pt x 273.17796pt.
 [20

 <./figures/case_studies/EXP-500-NP/LED_Abrupt_Simple.pdf>]
[21 <./figures/case_studies/EXP-500-NP/RANDOMTREE_Abrupt_Recurring.pdf>]
<figures/case_studies/EXP-500-NP/RANDOMTREE_Abrupt_Simple.pdf, id=1649, 710.114
84pt x 492.78929pt>
File: figures/case_studies/EXP-500-NP/RANDOMTREE_Abrupt_Simple.pdf Graphic file
 (type pdf)
<use figures/case_studies/EXP-500-NP/RANDOMTREE_Abrupt_Simple.pdf>
Package pdftex.def Info: figures/case_studies/EXP-500-NP/RANDOMTREE_Abrupt_Simp
le.pdf  used on input line 873.
(pdftex.def)             Requested size: 393.65247pt x 273.17796pt.
<figures/case_studies/EXP-500-NP/RBF_Abrupt_Blip.pdf, id=1650, 710.11484pt x 49
2.78929pt>
File: figures/case_studies/EXP-500-NP/RBF_Abrupt_Blip.pdf Graphic file (type pd
f)
<use figures/case_studies/EXP-500-NP/RBF_Abrupt_Blip.pdf>
Package pdftex.def Info: figures/case_studies/EXP-500-NP/RBF_Abrupt_Blip.pdf  u
sed on input line 885.
(pdftex.def)             Requested size: 393.65247pt x 273.17796pt.

[22

 <./figures/case_studies/EXP-500-NP/RANDOMTREE_Abrupt_Simple.pdf>] [23 <./figur
es/case_studies/EXP-500-NP/RBF_Abrupt_Blip.pdf>]
<figures/case_studies/EXP-500-NP/RBF_Abrupt_Severe.pdf, id=1866, 710.11484pt x 
492.78929pt>
File: figures/case_studies/EXP-500-NP/RBF_Abrupt_Severe.pdf Graphic file (type 
pdf)
<use figures/case_studies/EXP-500-NP/RBF_Abrupt_Severe.pdf>
Package pdftex.def Info: figures/case_studies/EXP-500-NP/RBF_Abrupt_Severe.pdf 
 used on input line 897.
(pdftex.def)             Requested size: 393.65247pt x 273.17796pt.
<figures/case_studies/EXP-500-NP/SEA_Abrupt_Chain.pdf, id=1867, 710.05461pt x 4
92.78929pt>
File: figures/case_studies/EXP-500-NP/SEA_Abrupt_Chain.pdf Graphic file (type p
df)
<use figures/case_studies/EXP-500-NP/SEA_Abrupt_Chain.pdf>
Package pdftex.def Info: figures/case_studies/EXP-500-NP/SEA_Abrupt_Chain.pdf  
used on input line 909.
(pdftex.def)             Requested size: 393.61908pt x 273.17796pt.
 [24

 <./figures/case_studies/EXP-500-NP/RBF_Abrupt_Severe.pdf>] [25 <./figures/case
_studies/EXP-500-NP/SEA_Abrupt_Chain.pdf>]
<figures/case_studies/EXP-500-NP/SEA_Abrupt_Recurring.pdf, id=2086, 710.05461pt
 x 492.78929pt>
File: figures/case_studies/EXP-500-NP/SEA_Abrupt_Recurring.pdf Graphic file (ty
pe pdf)
<use figures/case_studies/EXP-500-NP/SEA_Abrupt_Recurring.pdf>
Package pdftex.def Info: figures/case_studies/EXP-500-NP/SEA_Abrupt_Recurring.p
df  used on input line 921.
(pdftex.def)             Requested size: 393.61908pt x 273.17796pt.
<figures/case_studies/EXP-500-NP/SEA_Abrupt_Simple.pdf, id=2087, 710.05461pt x 
492.78929pt>
File: figures/case_studies/EXP-500-NP/SEA_Abrupt_Simple.pdf Graphic file (type 
pdf)
<use figures/case_studies/EXP-500-NP/SEA_Abrupt_Simple.pdf>
Package pdftex.def Info: figures/case_studies/EXP-500-NP/SEA_Abrupt_Simple.pdf 
 used on input line 933.
(pdftex.def)             Requested size: 393.61908pt x 273.17796pt.
 [26

 <./figures/case_studies/EXP-500-NP/SEA_Abrupt_Recurring.pdf>] [27 <./figures/c
ase_studies/EXP-500-NP/SEA_Abrupt_Simple.pdf>]
<figures/case_studies/EXP-500-NP/SINE_Abrupt_Simple.pdf, id=2303, 710.05461pt x
 492.78929pt>
File: figures/case_studies/EXP-500-NP/SINE_Abrupt_Simple.pdf Graphic file (type
 pdf)
<use figures/case_studies/EXP-500-NP/SINE_Abrupt_Simple.pdf>
Package pdftex.def Info: figures/case_studies/EXP-500-NP/SINE_Abrupt_Simple.pdf
  used on input line 945.
(pdftex.def)             Requested size: 393.61908pt x 273.17796pt.
<figures/case_studies/EXP-500-NP/STAGGER_Abrupt_Chain.pdf, id=2304, 710.13493pt
 x 492.78929pt>
File: figures/case_studies/EXP-500-NP/STAGGER_Abrupt_Chain.pdf Graphic file (ty
pe pdf)
<use figures/case_studies/EXP-500-NP/STAGGER_Abrupt_Chain.pdf>
Package pdftex.def Info: figures/case_studies/EXP-500-NP/STAGGER_Abrupt_Chain.p
df  used on input line 957.
(pdftex.def)             Requested size: 393.6636pt x 273.17796pt.
 [28

 <./figures/case_studies/EXP-500-NP/SINE_Abrupt_Simple.pdf>] [29 <./figures/cas
e_studies/EXP-500-NP/STAGGER_Abrupt_Chain.pdf>]
<figures/case_studies/EXP-500-NP/STAGGER_Abrupt_Recurring.pdf, id=2522, 710.134
93pt x 492.78929pt>
File: figures/case_studies/EXP-500-NP/STAGGER_Abrupt_Recurring.pdf Graphic file
 (type pdf)
<use figures/case_studies/EXP-500-NP/STAGGER_Abrupt_Recurring.pdf>
Package pdftex.def Info: figures/case_studies/EXP-500-NP/STAGGER_Abrupt_Recurri
ng.pdf  used on input line 969.
(pdftex.def)             Requested size: 393.6636pt x 273.17796pt.
<figures/case_studies/EXP-500-NP/WAVEFORM_Abrupt_Simple.pdf, id=2523, 710.11484
pt x 492.78929pt>
File: figures/case_studies/EXP-500-NP/WAVEFORM_Abrupt_Simple.pdf Graphic file (
type pdf)
<use figures/case_studies/EXP-500-NP/WAVEFORM_Abrupt_Simple.pdf>
Package pdftex.def Info: figures/case_studies/EXP-500-NP/WAVEFORM_Abrupt_Simple
.pdf  used on input line 981.
(pdftex.def)             Requested size: 393.65247pt x 273.17796pt.
 [30

 <./figures/case_studies/EXP-500-NP/STAGGER_Abrupt_Recurring.pdf>] [31 <./figur
es/case_studies/EXP-500-NP/WAVEFORM_Abrupt_Simple.pdf>]
<figures/case_studies/EXP-500-NP/HYPERPLANE_Gradual_Simple.pdf, id=2744, 710.11
484pt x 492.78929pt>
File: figures/case_studies/EXP-500-NP/HYPERPLANE_Gradual_Simple.pdf Graphic fil
e (type pdf)
<use figures/case_studies/EXP-500-NP/HYPERPLANE_Gradual_Simple.pdf>
Package pdftex.def Info: figures/case_studies/EXP-500-NP/HYPERPLANE_Gradual_Sim
ple.pdf  used on input line 996.
(pdftex.def)             Requested size: 393.65247pt x 273.17796pt.
<figures/case_studies/EXP-500-NP/LED_Gradual_Simple.pdf, id=2745, 710.05461pt x
 492.78929pt>
File: figures/case_studies/EXP-500-NP/LED_Gradual_Simple.pdf Graphic file (type
 pdf)
<use figures/case_studies/EXP-500-NP/LED_Gradual_Simple.pdf>
Package pdftex.def Info: figures/case_studies/EXP-500-NP/LED_Gradual_Simple.pdf
  used on input line 1008.
(pdftex.def)             Requested size: 393.61908pt x 273.17796pt.
 [32

 <./figures/case_studies/EXP-500-NP/HYPERPLANE_Gradual_Simple.pdf>] [33 <./figu
res/case_studies/EXP-500-NP/LED_Gradual_Simple.pdf>]
<figures/case_studies/EXP-500-NP/RANDOMTREE_Gradual_Simple.pdf, id=2966, 710.11
484pt x 492.78929pt>
File: figures/case_studies/EXP-500-NP/RANDOMTREE_Gradual_Simple.pdf Graphic fil
e (type pdf)
<use figures/case_studies/EXP-500-NP/RANDOMTREE_Gradual_Simple.pdf>
Package pdftex.def Info: figures/case_studies/EXP-500-NP/RANDOMTREE_Gradual_Sim
ple.pdf  used on input line 1020.
(pdftex.def)             Requested size: 393.65247pt x 273.17796pt.
<figures/case_studies/EXP-500-NP/RBF_Gradual_Moderate.pdf, id=2967, 710.11484pt
 x 492.78929pt>
File: figures/case_studies/EXP-500-NP/RBF_Gradual_Moderate.pdf Graphic file (ty
pe pdf)
<use figures/case_studies/EXP-500-NP/RBF_Gradual_Moderate.pdf>
Package pdftex.def Info: figures/case_studies/EXP-500-NP/RBF_Gradual_Moderate.p
df  used on input line 1032.
(pdftex.def)             Requested size: 393.65247pt x 273.17796pt.

[34

 <./figures/case_studies/EXP-500-NP/RANDOMTREE_Gradual_Simple.pdf>] [35 <./figu
res/case_studies/EXP-500-NP/RBF_Gradual_Moderate.pdf>]
<figures/case_studies/EXP-500-NP/RBF_Gradual_Severe.pdf, id=3185, 710.11484pt x
 492.78929pt>
File: figures/case_studies/EXP-500-NP/RBF_Gradual_Severe.pdf Graphic file (type
 pdf)
<use figures/case_studies/EXP-500-NP/RBF_Gradual_Severe.pdf>
Package pdftex.def Info: figures/case_studies/EXP-500-NP/RBF_Gradual_Severe.pdf
  used on input line 1044.
(pdftex.def)             Requested size: 393.65247pt x 273.17796pt.
<figures/case_studies/EXP-500-NP/SEA_Gradual_Recurring.pdf, id=3186, 710.11484p
t x 492.78929pt>
File: figures/case_studies/EXP-500-NP/SEA_Gradual_Recurring.pdf Graphic file (t
ype pdf)
<use figures/case_studies/EXP-500-NP/SEA_Gradual_Recurring.pdf>
Package pdftex.def Info: figures/case_studies/EXP-500-NP/SEA_Gradual_Recurring.
pdf  used on input line 1056.
(pdftex.def)             Requested size: 393.65247pt x 273.17796pt.
 [36

 <./figures/case_studies/EXP-500-NP/RBF_Gradual_Severe.pdf>] [37 <./figures/cas
e_studies/EXP-500-NP/SEA_Gradual_Recurring.pdf>]
<figures/case_studies/EXP-500-NP/SEA_Gradual_Simple_Fast.pdf, id=3407, 710.0546
1pt x 492.78929pt>
File: figures/case_studies/EXP-500-NP/SEA_Gradual_Simple_Fast.pdf Graphic file 
(type pdf)
<use figures/case_studies/EXP-500-NP/SEA_Gradual_Simple_Fast.pdf>
Package pdftex.def Info: figures/case_studies/EXP-500-NP/SEA_Gradual_Simple_Fas
t.pdf  used on input line 1068.
(pdftex.def)             Requested size: 393.61908pt x 273.17796pt.
<figures/case_studies/EXP-500-NP/SEA_Gradual_Simple_Slow.pdf, id=3408, 710.0546
1pt x 492.78929pt>
File: figures/case_studies/EXP-500-NP/SEA_Gradual_Simple_Slow.pdf Graphic file 
(type pdf)
<use figures/case_studies/EXP-500-NP/SEA_Gradual_Simple_Slow.pdf>
Package pdftex.def Info: figures/case_studies/EXP-500-NP/SEA_Gradual_Simple_Slo
w.pdf  used on input line 1080.
(pdftex.def)             Requested size: 393.61908pt x 273.17796pt.
 [38

 <./figures/case_studies/EXP-500-NP/SEA_Gradual_Simple_Fast.pdf>] [39 <./figure
s/case_studies/EXP-500-NP/SEA_Gradual_Simple_Slow.pdf>]
<figures/case_studies/EXP-500-NP/SINE_Gradual_Recurring.pdf, id=3627, 710.11484
pt x 492.78929pt>
File: figures/case_studies/EXP-500-NP/SINE_Gradual_Recurring.pdf Graphic file (
type pdf)
<use figures/case_studies/EXP-500-NP/SINE_Gradual_Recurring.pdf>
Package pdftex.def Info: figures/case_studies/EXP-500-NP/SINE_Gradual_Recurring
.pdf  used on input line 1092.
(pdftex.def)             Requested size: 393.65247pt x 273.17796pt.
<figures/case_studies/EXP-500-NP/STAGGER_Gradual_Chain.pdf, id=3628, 710.11484p
t x 492.78929pt>
File: figures/case_studies/EXP-500-NP/STAGGER_Gradual_Chain.pdf Graphic file (t
ype pdf)
<use figures/case_studies/EXP-500-NP/STAGGER_Gradual_Chain.pdf>
Package pdftex.def Info: figures/case_studies/EXP-500-NP/STAGGER_Gradual_Chain.
pdf  used on input line 1104.
(pdftex.def)             Requested size: 393.65247pt x 273.17796pt.
 [40

 <./figures/case_studies/EXP-500-NP/SINE_Gradual_Recurring.pdf>]
[41 <./figures/case_studies/EXP-500-NP/STAGGER_Gradual_Chain.pdf>]
<figures/case_studies/EXP-500-NP/WAVEFORM_Gradual_Simple.pdf, id=3848, 710.1148
4pt x 492.78929pt>
File: figures/case_studies/EXP-500-NP/WAVEFORM_Gradual_Simple.pdf Graphic file 
(type pdf)
<use figures/case_studies/EXP-500-NP/WAVEFORM_Gradual_Simple.pdf>
Package pdftex.def Info: figures/case_studies/EXP-500-NP/WAVEFORM_Gradual_Simpl
e.pdf  used on input line 1116.
(pdftex.def)             Requested size: 393.65247pt x 273.17796pt.
 [42

 <./figures/case_studies/EXP-500-NP/WAVEFORM_Gradual_Simple.pdf>]
<figures/case_studies/EXP-500-NP/AGRAWAL_Abrupt_Simple_Severe_Noise.pdf, id=396
0, 710.11484pt x 492.78929pt>
File: figures/case_studies/EXP-500-NP/AGRAWAL_Abrupt_Simple_Severe_Noise.pdf Gr
aphic file (type pdf)
<use figures/case_studies/EXP-500-NP/AGRAWAL_Abrupt_Simple_Severe_Noise.pdf>
Package pdftex.def Info: figures/case_studies/EXP-500-NP/AGRAWAL_Abrupt_Simple_
Severe_Noise.pdf  used on input line 1131.
(pdftex.def)             Requested size: 393.65247pt x 273.17796pt.
<figures/case_studies/EXP-500-NP/HYPERPLANE_Gradual_Noise.pdf, id=3961, 710.114
84pt x 492.78929pt>
File: figures/case_studies/EXP-500-NP/HYPERPLANE_Gradual_Noise.pdf Graphic file
 (type pdf)
<use figures/case_studies/EXP-500-NP/HYPERPLANE_Gradual_Noise.pdf>
Package pdftex.def Info: figures/case_studies/EXP-500-NP/HYPERPLANE_Gradual_Noi
se.pdf  used on input line 1143.
(pdftex.def)             Requested size: 393.65247pt x 273.17796pt.
 [43

 <./figures/case_studies/EXP-500-NP/AGRAWAL_Abrupt_Simple_Severe_Noise.pdf>] [4
4 <./figures/case_studies/EXP-500-NP/HYPERPLANE_Gradual_Noise.pdf>]
<figures/case_studies/EXP-500-NP/RANDOMTREE_Gradual_Noise.pdf, id=4183, 710.114
84pt x 492.78929pt>
File: figures/case_studies/EXP-500-NP/RANDOMTREE_Gradual_Noise.pdf Graphic file
 (type pdf)
<use figures/case_studies/EXP-500-NP/RANDOMTREE_Gradual_Noise.pdf>
Package pdftex.def Info: figures/case_studies/EXP-500-NP/RANDOMTREE_Gradual_Noi
se.pdf  used on input line 1155.
(pdftex.def)             Requested size: 393.65247pt x 273.17796pt.
<figures/case_studies/EXP-500-NP/RBF_Abrupt_Blip_Noise.pdf, id=4184, 710.05461p
t x 492.78929pt>
File: figures/case_studies/EXP-500-NP/RBF_Abrupt_Blip_Noise.pdf Graphic file (t
ype pdf)
<use figures/case_studies/EXP-500-NP/RBF_Abrupt_Blip_Noise.pdf>
Package pdftex.def Info: figures/case_studies/EXP-500-NP/RBF_Abrupt_Blip_Noise.
pdf  used on input line 1167.
(pdftex.def)             Requested size: 393.61908pt x 273.17796pt.
 [45

 <./figures/case_studies/EXP-500-NP/RANDOMTREE_Gradual_Noise.pdf>] [46 <./figur
es/case_studies/EXP-500-NP/RBF_Abrupt_Blip_Noise.pdf>]
<figures/case_studies/EXP-500-NP/RBF_Gradual_Severe_Noise.pdf, id=4400, 710.114
84pt x 492.78929pt>
File: figures/case_studies/EXP-500-NP/RBF_Gradual_Severe_Noise.pdf Graphic file
 (type pdf)
<use figures/case_studies/EXP-500-NP/RBF_Gradual_Severe_Noise.pdf>
Package pdftex.def Info: figures/case_studies/EXP-500-NP/RBF_Gradual_Severe_Noi
se.pdf  used on input line 1179.
(pdftex.def)             Requested size: 393.65247pt x 273.17796pt.
<figures/case_studies/EXP-500-NP/SEA_Abrupt_Chain_Noise.pdf, id=4401, 710.05461
pt x 492.78929pt>
File: figures/case_studies/EXP-500-NP/SEA_Abrupt_Chain_Noise.pdf Graphic file (
type pdf)
<use figures/case_studies/EXP-500-NP/SEA_Abrupt_Chain_Noise.pdf>
Package pdftex.def Info: figures/case_studies/EXP-500-NP/SEA_Abrupt_Chain_Noise
.pdf  used on input line 1191.
(pdftex.def)             Requested size: 393.61908pt x 273.17796pt.
 [47

 <./figures/case_studies/EXP-500-NP/RBF_Gradual_Severe_Noise.pdf>] [48 <./figur
es/case_studies/EXP-500-NP/SEA_Abrupt_Chain_Noise.pdf>]
<figures/case_studies/EXP-500-NP/SINE_Abrupt_Recurring_Noise.pdf, id=4620, 710.
05461pt x 492.78929pt>
File: figures/case_studies/EXP-500-NP/SINE_Abrupt_Recurring_Noise.pdf Graphic f
ile (type pdf)
<use figures/case_studies/EXP-500-NP/SINE_Abrupt_Recurring_Noise.pdf>
Package pdftex.def Info: figures/case_studies/EXP-500-NP/SINE_Abrupt_Recurring_
Noise.pdf  used on input line 1203.
(pdftex.def)             Requested size: 393.61908pt x 273.17796pt.
<figures/case_studies/EXP-500-NP/STAGGER_Abrupt_Chain_Noise.pdf, id=4621, 710.1
1484pt x 492.78929pt>
File: figures/case_studies/EXP-500-NP/STAGGER_Abrupt_Chain_Noise.pdf Graphic fi
le (type pdf)
<use figures/case_studies/EXP-500-NP/STAGGER_Abrupt_Chain_Noise.pdf>
Package pdftex.def Info: figures/case_studies/EXP-500-NP/STAGGER_Abrupt_Chain_N
oise.pdf  used on input line 1215.
(pdftex.def)             Requested size: 393.65247pt x 273.17796pt.
 [49

 <./figures/case_studies/EXP-500-NP/SINE_Abrupt_Recurring_Noise.pdf>] [50 <./fi
gures/case_studies/EXP-500-NP/STAGGER_Abrupt_Chain_Noise.pdf>]
<figures/case_studies/EXP-500-NP/AGRAWAL_Stationary.pdf, id=4841, 710.13493pt x
 492.78929pt>
File: figures/case_studies/EXP-500-NP/AGRAWAL_Stationary.pdf Graphic file (type
 pdf)
<use figures/case_studies/EXP-500-NP/AGRAWAL_Stationary.pdf>
Package pdftex.def Info: figures/case_studies/EXP-500-NP/AGRAWAL_Stationary.pdf
  used on input line 1230.
(pdftex.def)             Requested size: 393.6636pt x 273.17796pt.
<figures/case_studies/EXP-500-NP/HYPERPLANE_Stationary.pdf, id=4842, 710.11484p
t x 492.78929pt>
File: figures/case_studies/EXP-500-NP/HYPERPLANE_Stationary.pdf Graphic file (t
ype pdf)
<use figures/case_studies/EXP-500-NP/HYPERPLANE_Stationary.pdf>
Package pdftex.def Info: figures/case_studies/EXP-500-NP/HYPERPLANE_Stationary.
pdf  used on input line 1242.
(pdftex.def)             Requested size: 393.65247pt x 273.17796pt.

[51

 <./figures/case_studies/EXP-500-NP/AGRAWAL_Stationary.pdf>] [52 <./figures/cas
e_studies/EXP-500-NP/HYPERPLANE_Stationary.pdf>]
<figures/case_studies/EXP-500-NP/LED_Stationary.pdf, id=5063, 710.11484pt x 492
.78929pt>
File: figures/case_studies/EXP-500-NP/LED_Stationary.pdf Graphic file (type pdf
)
<use figures/case_studies/EXP-500-NP/LED_Stationary.pdf>
Package pdftex.def Info: figures/case_studies/EXP-500-NP/LED_Stationary.pdf  us
ed on input line 1254.
(pdftex.def)             Requested size: 393.65247pt x 273.17796pt.
<figures/case_studies/EXP-500-NP/RANDOMTREE_Stationary.pdf, id=5064, 710.11484p
t x 492.78929pt>
File: figures/case_studies/EXP-500-NP/RANDOMTREE_Stationary.pdf Graphic file (t
ype pdf)
<use figures/case_studies/EXP-500-NP/RANDOMTREE_Stationary.pdf>
Package pdftex.def Info: figures/case_studies/EXP-500-NP/RANDOMTREE_Stationary.
pdf  used on input line 1266.
(pdftex.def)             Requested size: 393.65247pt x 273.17796pt.
 [53

 <./figures/case_studies/EXP-500-NP/LED_Stationary.pdf>] [54 <./figures/case_st
udies/EXP-500-NP/RANDOMTREE_Stationary.pdf>]
<figures/case_studies/EXP-500-NP/RBF_Stationary.pdf, id=5280, 710.11484pt x 492
.78929pt>
File: figures/case_studies/EXP-500-NP/RBF_Stationary.pdf Graphic file (type pdf
)
<use figures/case_studies/EXP-500-NP/RBF_Stationary.pdf>
Package pdftex.def Info: figures/case_studies/EXP-500-NP/RBF_Stationary.pdf  us
ed on input line 1278.
(pdftex.def)             Requested size: 393.65247pt x 273.17796pt.
<figures/case_studies/EXP-500-NP/SEA_Stationary.pdf, id=5281, 710.05461pt x 492
.78929pt>
File: figures/case_studies/EXP-500-NP/SEA_Stationary.pdf Graphic file (type pdf
)
<use figures/case_studies/EXP-500-NP/SEA_Stationary.pdf>
Package pdftex.def Info: figures/case_studies/EXP-500-NP/SEA_Stationary.pdf  us
ed on input line 1290.
(pdftex.def)             Requested size: 393.61908pt x 273.17796pt.
 [55

 <./figures/case_studies/EXP-500-NP/RBF_Stationary.pdf>] [56 <./figures/case_st
udies/EXP-500-NP/SEA_Stationary.pdf>]
<figures/case_studies/EXP-500-NP/SINE_Stationary.pdf, id=5499, 710.05461pt x 49
2.78929pt>
File: figures/case_studies/EXP-500-NP/SINE_Stationary.pdf Graphic file (type pd
f)
<use figures/case_studies/EXP-500-NP/SINE_Stationary.pdf>
Package pdftex.def Info: figures/case_studies/EXP-500-NP/SINE_Stationary.pdf  u
sed on input line 1302.
(pdftex.def)             Requested size: 393.61908pt x 273.17796pt.
<figures/case_studies/EXP-500-NP/STAGGER_Stationary.pdf, id=5500, 710.13493pt x
 492.78929pt>
File: figures/case_studies/EXP-500-NP/STAGGER_Stationary.pdf Graphic file (type
 pdf)
<use figures/case_studies/EXP-500-NP/STAGGER_Stationary.pdf>
Package pdftex.def Info: figures/case_studies/EXP-500-NP/STAGGER_Stationary.pdf
  used on input line 1314.
(pdftex.def)             Requested size: 393.6636pt x 273.17796pt.
 [57

 <./figures/case_studies/EXP-500-NP/SINE_Stationary.pdf>] [58 <./figures/case_s
tudies/EXP-500-NP/STAGGER_Stationary.pdf>]
<figures/case_studies/EXP-500-NP/WAVEFORM_Stationary.pdf, id=5717, 710.11484pt 
x 492.78929pt>
File: figures/case_studies/EXP-500-NP/WAVEFORM_Stationary.pdf Graphic file (typ
e pdf)
<use figures/case_studies/EXP-500-NP/WAVEFORM_Stationary.pdf>
Package pdftex.def Info: figures/case_studies/EXP-500-NP/WAVEFORM_Stationary.pd
f  used on input line 1326.
(pdftex.def)             Requested size: 393.65247pt x 273.17796pt.
 [59

 <./figures/case_studies/EXP-500-NP/WAVEFORM_Stationary.pdf>]
<figures/case_studies/EXP-500-NP/AssetNegotiation_F2.pdf, id=5828, 710.05461pt 
x 492.78929pt>
File: figures/case_studies/EXP-500-NP/AssetNegotiation_F2.pdf Graphic file (typ
e pdf)
<use figures/case_studies/EXP-500-NP/AssetNegotiation_F2.pdf>
Package pdftex.def Info: figures/case_studies/EXP-500-NP/AssetNegotiation_F2.pd
f  used on input line 1341.
(pdftex.def)             Requested size: 393.61908pt x 273.17796pt.
<figures/case_studies/EXP-500-NP/AssetNegotiation_F3.pdf, id=5829, 710.13493pt 
x 492.78929pt>
File: figures/case_studies/EXP-500-NP/AssetNegotiation_F3.pdf Graphic file (typ
e pdf)
<use figures/case_studies/EXP-500-NP/AssetNegotiation_F3.pdf>
Package pdftex.def Info: figures/case_studies/EXP-500-NP/AssetNegotiation_F3.pd
f  used on input line 1353.
(pdftex.def)             Requested size: 393.6636pt x 273.17796pt.
 [60

 <./figures/case_studies/EXP-500-NP/AssetNegotiation_F2.pdf>] [61 <./figures/ca
se_studies/EXP-500-NP/AssetNegotiation_F3.pdf>]
<figures/case_studies/EXP-500-NP/AssetNegotiation_F4.pdf, id=6049, 710.11484pt 
x 492.78929pt>
File: figures/case_studies/EXP-500-NP/AssetNegotiation_F4.pdf Graphic file (typ
e pdf)
<use figures/case_studies/EXP-500-NP/AssetNegotiation_F4.pdf>
Package pdftex.def Info: figures/case_studies/EXP-500-NP/AssetNegotiation_F4.pd
f  used on input line 1365.
(pdftex.def)             Requested size: 393.65247pt x 273.17796pt.
<figures/case_studies/EXP-500-NP/Electricity.pdf, id=6050, 710.11484pt x 492.78
929pt>
File: figures/case_studies/EXP-500-NP/Electricity.pdf Graphic file (type pdf)
<use figures/case_studies/EXP-500-NP/Electricity.pdf>
Package pdftex.def Info: figures/case_studies/EXP-500-NP/Electricity.pdf  used 
on input line 1377.
(pdftex.def)             Requested size: 393.65247pt x 273.17796pt.
 [62

 <./figures/case_studies/EXP-500-NP/AssetNegotiation_F4.pdf>] [63 <./figures/ca
se_studies/EXP-500-NP/Electricity.pdf>] [64

] (supplementary_material.aux)
 ***********
LaTeX2e <2023-11-01> patch level 1
L3 programming layer <2024-01-04>
 ***********
Package rerunfilecheck Info: File `supplementary_material.out' has not changed.

(rerunfilecheck)             Checksum: 8EFC0F0FC042DB1D6B188C60EB2A22A7;15619.
 ) 
Here is how much of TeX's memory you used:
 14688 strings out of 474486
 249147 string characters out of 5753537
 1991542 words of memory out of 5000000
 36443 multiletter control sequences out of 15000+600000
 571464 words of font info for 142 fonts, out of 8000000 for 9000
 1141 hyphenation exceptions out of 8191
 75i,9n,79p,1178b,555s stack positions out of 10000i,1000n,20000p,200000b,200000s
<C:/Program Files/MiKTeX/fonts/type1/public/amsfonts/cm/cmbx10.pfb><C:/Progra
m Files/MiKTeX/fonts/type1/public/amsfonts/cm/cmbx12.pfb><C:/Program Files/MiKT
eX/fonts/type1/public/amsfonts/cm/cmbx7.pfb><C:/Program Files/MiKTeX/fonts/type
1/public/amsfonts/cm/cmbx8.pfb><C:/Program Files/MiKTeX/fonts/type1/public/amsf
onts/cm/cmmi10.pfb><C:/Program Files/MiKTeX/fonts/type1/public/amsfonts/cm/cmmi
8.pfb><C:/Program Files/MiKTeX/fonts/type1/public/amsfonts/cm/cmr10.pfb><C:/Pro
gram Files/MiKTeX/fonts/type1/public/amsfonts/cm/cmr12.pfb><C:/Program Files/Mi
KTeX/fonts/type1/public/amsfonts/cm/cmr17.pfb><C:/Program Files/MiKTeX/fonts/ty
pe1/public/amsfonts/cm/cmr6.pfb><C:/Program Files/MiKTeX/fonts/type1/public/ams
fonts/cm/cmr7.pfb><C:/Program Files/MiKTeX/fonts/type1/public/amsfonts/cm/cmr8.
pfb><C:/Program Files/MiKTeX/fonts/type1/public/amsfonts/cm/cmsy10.pfb><C:/Prog
ram Files/MiKTeX/fonts/type1/public/amsfonts/cm/cmti7.pfb><C:/Program Files/MiK
TeX/fonts/type1/public/amsfonts/cm/cmti8.pfb><C:/Program Files/MiKTeX/fonts/typ
e1/public/amsfonts/cm/cmtt10.pfb><C:/Program Files/MiKTeX/fonts/type1/public/am
sfonts/cm/cmtt8.pfb>
Output written on supplementary_material.pdf (64 pages, 8876244 bytes).
PDF statistics:
 6393 PDF objects out of 7423 (max. 8388607)
 222 named destinations out of 1000 (max. 500000)
 32681 words of extra memory for PDF output out of 35830 (max. 10000000)

