\BOOKMARK [1][-]{section.1}{\376\377\000E\000x\000p\000e\000r\000i\000m\000e\000n\000t\000a\000l\000\040\000D\000e\000t\000a\000i\000l\000s}{}% 1
\BOOKMARK [2][-]{subsection.1.1}{\376\377\000D\000a\000t\000a\000s\000e\000t\000\040\000D\000i\000m\000e\000n\000s\000i\000o\000n\000s}{section.1}% 2
\BOOKMARK [2][-]{subsection.1.2}{\376\377\000E\000x\000p\000e\000r\000i\000m\000e\000n\000t\000a\000l\000\040\000C\000o\000n\000f\000i\000g\000u\000r\000a\000t\000i\000o\000n\000s}{section.1}% 3
\BOOKMARK [2][-]{subsection.1.3}{\376\377\000E\000G\000I\000S\000\040\000H\000y\000p\000e\000r\000p\000a\000r\000a\000m\000e\000t\000e\000r\000s}{section.1}% 4
\BOOKMARK [2][-]{subsection.1.4}{\376\377\000B\000a\000s\000e\000l\000i\000n\000e\000\040\000M\000o\000d\000e\000l\000\040\000C\000o\000n\000f\000i\000g\000u\000r\000a\000t\000i\000o\000n\000s}{section.1}% 5
\BOOKMARK [2][-]{subsection.1.5}{\376\377\000C\000o\000m\000p\000u\000t\000a\000t\000i\000o\000n\000a\000l\000\040\000E\000n\000v\000i\000r\000o\000n\000m\000e\000n\000t}{section.1}% 6
\BOOKMARK [1][-]{section.2}{\376\377\000C\000o\000m\000p\000l\000e\000t\000e\000\040\000P\000e\000r\000f\000o\000r\000m\000a\000n\000c\000e\000\040\000T\000a\000b\000l\000e\000s}{}% 7
\BOOKMARK [2][-]{subsection.2.1}{\376\377\000P\000e\000r\000-\000D\000a\000t\000a\000s\000e\000t\000\040\000G\000-\000M\000e\000a\000n\000:\000\040\000C\000h\000u\000n\000k\000\040\000S\000i\000z\000e\000\040\0005\0000\0000\000\040\000\050\000E\000X\000P\000-\0005\0000\0000\000-\000N\000P\000\051}{section.2}% 8
\BOOKMARK [2][-]{subsection.2.2}{\376\377\000P\000e\000r\000-\000D\000a\000t\000a\000s\000e\000t\000\040\000G\000-\000M\000e\000a\000n\000:\000\040\000C\000h\000u\000n\000k\000\040\000S\000i\000z\000e\000\040\0001\0000\0000\0000\000\040\000\050\000E\000X\000P\000-\0001\0000\0000\0000\000-\000N\000P\000\051}{section.2}% 9
\BOOKMARK [2][-]{subsection.2.3}{\376\377\000P\000e\000r\000-\000D\000a\000t\000a\000s\000e\000t\000\040\000G\000-\000M\000e\000a\000n\000:\000\040\000C\000h\000u\000n\000k\000\040\000S\000i\000z\000e\000\040\0002\0000\0000\0000\000\040\000\050\000E\000X\000P\000-\0002\0000\0000\0000\000-\000N\000P\000\051}{section.2}% 10
\BOOKMARK [2][-]{subsection.2.4}{\376\377\000P\000e\000r\000f\000o\000r\000m\000a\000n\000c\000e\000\040\000D\000i\000s\000t\000r\000i\000b\000u\000t\000i\000o\000n\000\040\000S\000u\000m\000m\000a\000r\000y}{section.2}% 11
\BOOKMARK [2][-]{subsection.2.5}{\376\377\000S\000u\000m\000m\000a\000r\000y\000\040\000S\000t\000a\000t\000i\000s\000t\000i\000c\000s\000\040\000b\000y\000\040\000C\000o\000n\000f\000i\000g\000u\000r\000a\000t\000i\000o\000n\000\040\000a\000n\000d\000\040\000M\000o\000d\000e\000l}{section.2}% 12
\BOOKMARK [1][-]{section.3}{\376\377\000E\000x\000t\000e\000n\000d\000e\000d\000\040\000S\000t\000a\000t\000i\000s\000t\000i\000c\000a\000l\000\040\000A\000n\000a\000l\000y\000s\000i\000s}{}% 13
\BOOKMARK [2][-]{subsection.3.1}{\376\377\000A\000l\000l\000-\0004\0008\000\040\000D\000a\000t\000a\000s\000e\000t\000s\000\040\000F\000r\000i\000e\000d\000m\000a\000n\000\040\000R\000a\000n\000k\000i\000n\000g}{section.3}% 14
\BOOKMARK [2][-]{subsection.3.2}{\376\377\000P\000a\000i\000r\000w\000i\000s\000e\000\040\000W\000i\000l\000c\000o\000x\000o\000n\000\040\000T\000e\000s\000t\000s\000\040\000A\000c\000r\000o\000s\000s\000\040\000C\000o\000n\000f\000i\000g\000u\000r\000a\000t\000i\000o\000n\000s}{section.3}% 15
\BOOKMARK [1][-]{section.4}{\376\377\000E\000x\000t\000e\000n\000d\000e\000d\000\040\000T\000r\000a\000n\000s\000i\000t\000i\000o\000n\000\040\000M\000e\000t\000r\000i\000c\000s}{}% 16
\BOOKMARK [2][-]{subsection.4.1}{\376\377\000T\000r\000a\000n\000s\000i\000t\000i\000o\000n\000\040\000M\000e\000t\000r\000i\000c\000s\000\040\000b\000y\000\040\000C\000o\000n\000f\000i\000g\000u\000r\000a\000t\000i\000o\000n}{section.4}% 17
\BOOKMARK [2][-]{subsection.4.2}{\376\377\000T\000C\000S\000\040\000D\000i\000s\000t\000r\000i\000b\000u\000t\000i\000o\000n\000\040\000b\000y\000\040\000D\000r\000i\000f\000t\000\040\000T\000y\000p\000e}{section.4}% 18
\BOOKMARK [2][-]{subsection.4.3}{\376\377\000R\000I\000R\000\040\000D\000i\000s\000t\000r\000i\000b\000u\000t\000i\000o\000n\000\040\000b\000y\000\040\000D\000r\000i\000f\000t\000\040\000T\000y\000p\000e}{section.4}% 19
\BOOKMARK [2][-]{subsection.4.4}{\376\377\000A\000M\000S\000\040\000D\000i\000s\000t\000r\000i\000b\000u\000t\000i\000o\000n\000\040\000b\000y\000\040\000D\000r\000i\000f\000t\000\040\000T\000y\000p\000e}{section.4}% 20
\BOOKMARK [2][-]{subsection.4.5}{\376\377\000T\000r\000a\000n\000s\000i\000t\000i\000o\000n\000\040\000M\000e\000t\000r\000i\000c\000s\000\040\000S\000y\000n\000t\000h\000e\000s\000i\000s}{section.4}% 21
\BOOKMARK [1][-]{section.5}{\376\377\000E\000G\000I\000S\000\040\000C\000o\000n\000f\000i\000g\000u\000r\000a\000t\000i\000o\000n\000\040\000A\000n\000a\000l\000y\000s\000i\000s}{}% 22
\BOOKMARK [2][-]{subsection.5.1}{\376\377\000C\000h\000u\000n\000k\000\040\000S\000i\000z\000e\000\040\000E\000f\000f\000e\000c\000t}{section.5}% 23
\BOOKMARK [2][-]{subsection.5.2}{\376\377\000C\000o\000m\000p\000l\000e\000x\000i\000t\000y\000\040\000P\000e\000n\000a\000l\000t\000y\000\040\000E\000f\000f\000e\000c\000t}{section.5}% 24
\BOOKMARK [2][-]{subsection.5.3}{\376\377\000P\000e\000r\000f\000o\000r\000m\000a\000n\000c\000e\000\040\000b\000y\000\040\000D\000r\000i\000f\000t\000\040\000T\000y\000p\000e}{section.5}% 25
\BOOKMARK [2][-]{subsection.5.4}{\376\377\000D\000r\000i\000f\000t\000\040\000D\000e\000t\000e\000c\000t\000i\000o\000n\000\040\000S\000u\000m\000m\000a\000r\000y}{section.5}% 26
\BOOKMARK [1][-]{section.6}{\376\377\000P\000e\000r\000-\000D\000a\000t\000a\000s\000e\000t\000\040\000V\000i\000s\000u\000a\000l\000\040\000A\000n\000a\000l\000y\000s\000i\000s}{}% 27
\BOOKMARK [2][-]{subsection.6.1}{\376\377\000A\000b\000r\000u\000p\000t\000\040\000D\000r\000i\000f\000t\000\040\000D\000a\000t\000a\000s\000e\000t\000s}{section.6}% 28
\BOOKMARK [3][-]{subsubsection.6.1.1}{\376\377\000A\000G\000R\000A\000W\000A\000L\000\137\000A\000b\000r\000u\000p\000t\000\137\000C\000h\000a\000i\000n\000\137\000L\000o\000n\000g}{subsection.6.1}% 29
\BOOKMARK [3][-]{subsubsection.6.1.2}{\376\377\000A\000G\000R\000A\000W\000A\000L\000\137\000A\000b\000r\000u\000p\000t\000\137\000S\000i\000m\000p\000l\000e\000\137\000M\000i\000l\000d}{subsection.6.1}% 30
\BOOKMARK [3][-]{subsubsection.6.1.3}{\376\377\000A\000G\000R\000A\000W\000A\000L\000\137\000A\000b\000r\000u\000p\000t\000\137\000S\000i\000m\000p\000l\000e\000\137\000S\000e\000v\000e\000r\000e}{subsection.6.1}% 31
\BOOKMARK [3][-]{subsubsection.6.1.4}{\376\377\000H\000Y\000P\000E\000R\000P\000L\000A\000N\000E\000\137\000A\000b\000r\000u\000p\000t\000\137\000S\000i\000m\000p\000l\000e}{subsection.6.1}% 32
\BOOKMARK [3][-]{subsubsection.6.1.5}{\376\377\000L\000E\000D\000\137\000A\000b\000r\000u\000p\000t\000\137\000S\000i\000m\000p\000l\000e}{subsection.6.1}% 33
\BOOKMARK [3][-]{subsubsection.6.1.6}{\376\377\000R\000A\000N\000D\000O\000M\000T\000R\000E\000E\000\137\000A\000b\000r\000u\000p\000t\000\137\000R\000e\000c\000u\000r\000r\000i\000n\000g}{subsection.6.1}% 34
\BOOKMARK [3][-]{subsubsection.6.1.7}{\376\377\000R\000A\000N\000D\000O\000M\000T\000R\000E\000E\000\137\000A\000b\000r\000u\000p\000t\000\137\000S\000i\000m\000p\000l\000e}{subsection.6.1}% 35
\BOOKMARK [3][-]{subsubsection.6.1.8}{\376\377\000R\000B\000F\000\137\000A\000b\000r\000u\000p\000t\000\137\000B\000l\000i\000p}{subsection.6.1}% 36
\BOOKMARK [3][-]{subsubsection.6.1.9}{\376\377\000R\000B\000F\000\137\000A\000b\000r\000u\000p\000t\000\137\000S\000e\000v\000e\000r\000e}{subsection.6.1}% 37
\BOOKMARK [3][-]{subsubsection.6.1.10}{\376\377\000S\000E\000A\000\137\000A\000b\000r\000u\000p\000t\000\137\000C\000h\000a\000i\000n}{subsection.6.1}% 38
\BOOKMARK [3][-]{subsubsection.6.1.11}{\376\377\000S\000E\000A\000\137\000A\000b\000r\000u\000p\000t\000\137\000R\000e\000c\000u\000r\000r\000i\000n\000g}{subsection.6.1}% 39
\BOOKMARK [3][-]{subsubsection.6.1.12}{\376\377\000S\000E\000A\000\137\000A\000b\000r\000u\000p\000t\000\137\000S\000i\000m\000p\000l\000e}{subsection.6.1}% 40
\BOOKMARK [3][-]{subsubsection.6.1.13}{\376\377\000S\000I\000N\000E\000\137\000A\000b\000r\000u\000p\000t\000\137\000S\000i\000m\000p\000l\000e}{subsection.6.1}% 41
\BOOKMARK [3][-]{subsubsection.6.1.14}{\376\377\000S\000T\000A\000G\000G\000E\000R\000\137\000A\000b\000r\000u\000p\000t\000\137\000C\000h\000a\000i\000n}{subsection.6.1}% 42
\BOOKMARK [3][-]{subsubsection.6.1.15}{\376\377\000S\000T\000A\000G\000G\000E\000R\000\137\000A\000b\000r\000u\000p\000t\000\137\000R\000e\000c\000u\000r\000r\000i\000n\000g}{subsection.6.1}% 43
\BOOKMARK [3][-]{subsubsection.6.1.16}{\376\377\000W\000A\000V\000E\000F\000O\000R\000M\000\137\000A\000b\000r\000u\000p\000t\000\137\000S\000i\000m\000p\000l\000e}{subsection.6.1}% 44
\BOOKMARK [2][-]{subsection.6.2}{\376\377\000G\000r\000a\000d\000u\000a\000l\000\040\000D\000r\000i\000f\000t\000\040\000D\000a\000t\000a\000s\000e\000t\000s}{section.6}% 45
\BOOKMARK [3][-]{subsubsection.6.2.1}{\376\377\000H\000Y\000P\000E\000R\000P\000L\000A\000N\000E\000\137\000G\000r\000a\000d\000u\000a\000l\000\137\000S\000i\000m\000p\000l\000e}{subsection.6.2}% 46
\BOOKMARK [3][-]{subsubsection.6.2.2}{\376\377\000L\000E\000D\000\137\000G\000r\000a\000d\000u\000a\000l\000\137\000S\000i\000m\000p\000l\000e}{subsection.6.2}% 47
\BOOKMARK [3][-]{subsubsection.6.2.3}{\376\377\000R\000A\000N\000D\000O\000M\000T\000R\000E\000E\000\137\000G\000r\000a\000d\000u\000a\000l\000\137\000S\000i\000m\000p\000l\000e}{subsection.6.2}% 48
\BOOKMARK [3][-]{subsubsection.6.2.4}{\376\377\000R\000B\000F\000\137\000G\000r\000a\000d\000u\000a\000l\000\137\000M\000o\000d\000e\000r\000a\000t\000e}{subsection.6.2}% 49
\BOOKMARK [3][-]{subsubsection.6.2.5}{\376\377\000R\000B\000F\000\137\000G\000r\000a\000d\000u\000a\000l\000\137\000S\000e\000v\000e\000r\000e}{subsection.6.2}% 50
\BOOKMARK [3][-]{subsubsection.6.2.6}{\376\377\000S\000E\000A\000\137\000G\000r\000a\000d\000u\000a\000l\000\137\000R\000e\000c\000u\000r\000r\000i\000n\000g}{subsection.6.2}% 51
\BOOKMARK [3][-]{subsubsection.6.2.7}{\376\377\000S\000E\000A\000\137\000G\000r\000a\000d\000u\000a\000l\000\137\000S\000i\000m\000p\000l\000e\000\137\000F\000a\000s\000t}{subsection.6.2}% 52
\BOOKMARK [3][-]{subsubsection.6.2.8}{\376\377\000S\000E\000A\000\137\000G\000r\000a\000d\000u\000a\000l\000\137\000S\000i\000m\000p\000l\000e\000\137\000S\000l\000o\000w}{subsection.6.2}% 53
\BOOKMARK [3][-]{subsubsection.6.2.9}{\376\377\000S\000I\000N\000E\000\137\000G\000r\000a\000d\000u\000a\000l\000\137\000R\000e\000c\000u\000r\000r\000i\000n\000g}{subsection.6.2}% 54
\BOOKMARK [3][-]{subsubsection.6.2.10}{\376\377\000S\000T\000A\000G\000G\000E\000R\000\137\000G\000r\000a\000d\000u\000a\000l\000\137\000C\000h\000a\000i\000n}{subsection.6.2}% 55
\BOOKMARK [3][-]{subsubsection.6.2.11}{\376\377\000W\000A\000V\000E\000F\000O\000R\000M\000\137\000G\000r\000a\000d\000u\000a\000l\000\137\000S\000i\000m\000p\000l\000e}{subsection.6.2}% 56
\BOOKMARK [2][-]{subsection.6.3}{\376\377\000N\000o\000i\000s\000y\000\040\000D\000r\000i\000f\000t\000\040\000D\000a\000t\000a\000s\000e\000t\000s}{section.6}% 57
\BOOKMARK [3][-]{subsubsection.6.3.1}{\376\377\000A\000G\000R\000A\000W\000A\000L\000\137\000A\000b\000r\000u\000p\000t\000\137\000S\000i\000m\000p\000l\000e\000\137\000S\000e\000v\000e\000r\000e\000\137\000N\000o\000i\000s\000e}{subsection.6.3}% 58
\BOOKMARK [3][-]{subsubsection.6.3.2}{\376\377\000H\000Y\000P\000E\000R\000P\000L\000A\000N\000E\000\137\000G\000r\000a\000d\000u\000a\000l\000\137\000N\000o\000i\000s\000e}{subsection.6.3}% 59
\BOOKMARK [3][-]{subsubsection.6.3.3}{\376\377\000R\000A\000N\000D\000O\000M\000T\000R\000E\000E\000\137\000G\000r\000a\000d\000u\000a\000l\000\137\000N\000o\000i\000s\000e}{subsection.6.3}% 60
\BOOKMARK [3][-]{subsubsection.6.3.4}{\376\377\000R\000B\000F\000\137\000A\000b\000r\000u\000p\000t\000\137\000B\000l\000i\000p\000\137\000N\000o\000i\000s\000e}{subsection.6.3}% 61
\BOOKMARK [3][-]{subsubsection.6.3.5}{\376\377\000R\000B\000F\000\137\000G\000r\000a\000d\000u\000a\000l\000\137\000S\000e\000v\000e\000r\000e\000\137\000N\000o\000i\000s\000e}{subsection.6.3}% 62
\BOOKMARK [3][-]{subsubsection.6.3.6}{\376\377\000S\000E\000A\000\137\000A\000b\000r\000u\000p\000t\000\137\000C\000h\000a\000i\000n\000\137\000N\000o\000i\000s\000e}{subsection.6.3}% 63
\BOOKMARK [3][-]{subsubsection.6.3.7}{\376\377\000S\000I\000N\000E\000\137\000A\000b\000r\000u\000p\000t\000\137\000R\000e\000c\000u\000r\000r\000i\000n\000g\000\137\000N\000o\000i\000s\000e}{subsection.6.3}% 64
\BOOKMARK [3][-]{subsubsection.6.3.8}{\376\377\000S\000T\000A\000G\000G\000E\000R\000\137\000A\000b\000r\000u\000p\000t\000\137\000C\000h\000a\000i\000n\000\137\000N\000o\000i\000s\000e}{subsection.6.3}% 65
\BOOKMARK [2][-]{subsection.6.4}{\376\377\000S\000t\000a\000t\000i\000o\000n\000a\000r\000y\000\040\000D\000a\000t\000a\000s\000e\000t\000s}{section.6}% 66
\BOOKMARK [3][-]{subsubsection.6.4.1}{\376\377\000A\000G\000R\000A\000W\000A\000L\000\137\000S\000t\000a\000t\000i\000o\000n\000a\000r\000y}{subsection.6.4}% 67
\BOOKMARK [3][-]{subsubsection.6.4.2}{\376\377\000H\000Y\000P\000E\000R\000P\000L\000A\000N\000E\000\137\000S\000t\000a\000t\000i\000o\000n\000a\000r\000y}{subsection.6.4}% 68
\BOOKMARK [3][-]{subsubsection.6.4.3}{\376\377\000L\000E\000D\000\137\000S\000t\000a\000t\000i\000o\000n\000a\000r\000y}{subsection.6.4}% 69
\BOOKMARK [3][-]{subsubsection.6.4.4}{\376\377\000R\000A\000N\000D\000O\000M\000T\000R\000E\000E\000\137\000S\000t\000a\000t\000i\000o\000n\000a\000r\000y}{subsection.6.4}% 70
\BOOKMARK [3][-]{subsubsection.6.4.5}{\376\377\000R\000B\000F\000\137\000S\000t\000a\000t\000i\000o\000n\000a\000r\000y}{subsection.6.4}% 71
\BOOKMARK [3][-]{subsubsection.6.4.6}{\376\377\000S\000E\000A\000\137\000S\000t\000a\000t\000i\000o\000n\000a\000r\000y}{subsection.6.4}% 72
\BOOKMARK [3][-]{subsubsection.6.4.7}{\376\377\000S\000I\000N\000E\000\137\000S\000t\000a\000t\000i\000o\000n\000a\000r\000y}{subsection.6.4}% 73
\BOOKMARK [3][-]{subsubsection.6.4.8}{\376\377\000S\000T\000A\000G\000G\000E\000R\000\137\000S\000t\000a\000t\000i\000o\000n\000a\000r\000y}{subsection.6.4}% 74
\BOOKMARK [3][-]{subsubsection.6.4.9}{\376\377\000W\000A\000V\000E\000F\000O\000R\000M\000\137\000S\000t\000a\000t\000i\000o\000n\000a\000r\000y}{subsection.6.4}% 75
\BOOKMARK [2][-]{subsection.6.5}{\376\377\000R\000e\000a\000l\000-\000W\000o\000r\000l\000d\000\040\000D\000a\000t\000a\000s\000e\000t\000s}{section.6}% 76
\BOOKMARK [3][-]{subsubsection.6.5.1}{\376\377\000A\000s\000s\000e\000t\000N\000e\000g\000o\000t\000i\000a\000t\000i\000o\000n\000\137\000F\0002}{subsection.6.5}% 77
\BOOKMARK [3][-]{subsubsection.6.5.2}{\376\377\000A\000s\000s\000e\000t\000N\000e\000g\000o\000t\000i\000a\000t\000i\000o\000n\000\137\000F\0003}{subsection.6.5}% 78
\BOOKMARK [3][-]{subsubsection.6.5.3}{\376\377\000A\000s\000s\000e\000t\000N\000e\000g\000o\000t\000i\000a\000t\000i\000o\000n\000\137\000F\0004}{subsection.6.5}% 79
\BOOKMARK [3][-]{subsubsection.6.5.4}{\376\377\000E\000l\000e\000c\000t\000r\000i\000c\000i\000t\000y}{subsection.6.5}% 80
\BOOKMARK [1][-]{section.7}{\376\377\000R\000u\000l\000e\000\040\000E\000v\000o\000l\000u\000t\000i\000o\000n\000\040\000D\000e\000t\000a\000i\000l\000s}{}% 81
\BOOKMARK [2][-]{subsection.7.1}{\376\377\000R\000u\000l\000e\000\040\000E\000v\000o\000l\000u\000t\000i\000o\000n\000\040\000P\000r\000o\000p\000o\000r\000t\000i\000o\000n\000s\000\040\000b\000y\000\040\000D\000r\000i\000f\000t\000\040\000T\000y\000p\000e}{section.7}% 82
